{"/Users/ppmtrue/Documents/GitHub/SelenIT-Digital-Agency/src/components/ContactForm.tsx": {"path":"/Users/ppmtrue/Documents/GitHub/SelenIT-Digital-Agency/src/components/ContactForm.tsx","statementMap":{"0":{"start":{"line":50,"column":24},"end":{"line":50,"column":36}},"1":{"start":{"line":3,"column":49},"end":{"line":3,"column":null}},"2":{"start":{"line":48,"column":27},"end":{"line":48,"column":null}},"3":{"start":{"line":51,"column":38},"end":{"line":59,"column":null}},"4":{"start":{"line":60,"column":32},"end":{"line":60,"column":null}},"5":{"start":{"line":61,"column":44},"end":{"line":61,"column":null}},"6":{"start":{"line":62,"column":42},"end":{"line":62,"column":null}},"7":{"start":{"line":63,"column":42},"end":{"line":63,"column":null}},"8":{"start":{"line":64,"column":50},"end":{"line":64,"column":null}},"9":{"start":{"line":67,"column":4},"end":{"line":85,"column":null}},"10":{"start":{"line":68,"column":8},"end":{"line":84,"column":null}},"11":{"start":{"line":69,"column":27},"end":{"line":69,"column":null}},"12":{"start":{"line":70,"column":12},"end":{"line":70,"column":null}},"13":{"start":{"line":71,"column":12},"end":{"line":71,"column":null}},"14":{"start":{"line":72,"column":12},"end":{"line":72,"column":null}},"15":{"start":{"line":73,"column":12},"end":{"line":73,"column":null}},"16":{"start":{"line":74,"column":12},"end":{"line":78,"column":null}},"17":{"start":{"line":75,"column":16},"end":{"line":77,"column":null}},"18":{"start":{"line":76,"column":20},"end":{"line":76,"column":null}},"19":{"start":{"line":79,"column":12},"end":{"line":79,"column":null}},"20":{"start":{"line":80,"column":15},"end":{"line":84,"column":null}},"21":{"start":{"line":81,"column":12},"end":{"line":83,"column":null}},"22":{"start":{"line":82,"column":16},"end":{"line":82,"column":null}},"23":{"start":{"line":87,"column":30},"end":{"line":98,"column":null}},"24":{"start":{"line":88,"column":8},"end":{"line":90,"column":null}},"25":{"start":{"line":89,"column":12},"end":{"line":89,"column":null}},"26":{"start":{"line":91,"column":8},"end":{"line":97,"column":null}},"27":{"start":{"line":92,"column":26},"end":{"line":92,"column":null}},"28":{"start":{"line":93,"column":12},"end":{"line":93,"column":null}},"29":{"start":{"line":95,"column":12},"end":{"line":95,"column":null}},"30":{"start":{"line":96,"column":12},"end":{"line":96,"column":null}},"31":{"start":{"line":100,"column":21},"end":{"line":113,"column":null}},"32":{"start":{"line":101,"column":38},"end":{"line":101,"column":null}},"33":{"start":{"line":102,"column":8},"end":{"line":102,"column":null}},"34":{"start":{"line":102,"column":36},"end":{"line":102,"column":null}},"35":{"start":{"line":103,"column":8},"end":{"line":107,"column":null}},"36":{"start":{"line":104,"column":12},"end":{"line":104,"column":null}},"37":{"start":{"line":105,"column":15},"end":{"line":107,"column":null}},"38":{"start":{"line":106,"column":12},"end":{"line":106,"column":null}},"39":{"start":{"line":108,"column":8},"end":{"line":108,"column":null}},"40":{"start":{"line":108,"column":32},"end":{"line":108,"column":null}},"41":{"start":{"line":109,"column":8},"end":{"line":109,"column":null}},"42":{"start":{"line":109,"column":39},"end":{"line":109,"column":null}},"43":{"start":{"line":111,"column":8},"end":{"line":111,"column":null}},"44":{"start":{"line":112,"column":8},"end":{"line":112,"column":null}},"45":{"start":{"line":115,"column":25},"end":{"line":180,"column":null}},"46":{"start":{"line":116,"column":8},"end":{"line":116,"column":null}},"47":{"start":{"line":117,"column":8},"end":{"line":117,"column":null}},"48":{"start":{"line":120,"column":8},"end":{"line":124,"column":null}},"49":{"start":{"line":121,"column":12},"end":{"line":121,"column":null}},"50":{"start":{"line":122,"column":12},"end":{"line":122,"column":34}},"51":{"start":{"line":123,"column":12},"end":{"line":123,"column":null}},"52":{"start":{"line":126,"column":8},"end":{"line":126,"column":null}},"53":{"start":{"line":126,"column":25},"end":{"line":126,"column":null}},"54":{"start":{"line":128,"column":8},"end":{"line":128,"column":null}},"55":{"start":{"line":130,"column":8},"end":{"line":179,"column":null}},"56":{"start":{"line":132,"column":35},"end":{"line":132,"column":null}},"57":{"start":{"line":133,"column":12},"end":{"line":137,"column":null}},"58":{"start":{"line":134,"column":16},"end":{"line":134,"column":null}},"59":{"start":{"line":135,"column":16},"end":{"line":135,"column":null}},"60":{"start":{"line":136,"column":16},"end":{"line":136,"column":null}},"61":{"start":{"line":140,"column":29},"end":{"line":152,"column":null}},"62":{"start":{"line":154,"column":25},"end":{"line":154,"column":null}},"63":{"start":{"line":156,"column":12},"end":{"line":158,"column":null}},"64":{"start":{"line":157,"column":16},"end":{"line":157,"column":null}},"65":{"start":{"line":160,"column":12},"end":{"line":160,"column":null}},"66":{"start":{"line":161,"column":12},"end":{"line":169,"column":null}},"67":{"start":{"line":171,"column":12},"end":{"line":171,"column":null}},"68":{"start":{"line":172,"column":12},"end":{"line":175,"column":null}},"69":{"start":{"line":178,"column":12},"end":{"line":178,"column":null}},"70":{"start":{"line":182,"column":25},"end":{"line":193,"column":null}},"71":{"start":{"line":183,"column":32},"end":{"line":183,"column":40}},"72":{"start":{"line":184,"column":8},"end":{"line":187,"column":null}},"73":{"start":{"line":184,"column":32},"end":{"line":187,"column":null}},"74":{"start":{"line":189,"column":8},"end":{"line":191,"column":null}},"75":{"start":{"line":190,"column":12},"end":{"line":190,"column":null}},"76":{"start":{"line":190,"column":31},"end":{"line":190,"column":null}},"77":{"start":{"line":192,"column":8},"end":{"line":192,"column":null}},"78":{"start":{"line":209,"column":39},"end":{"line":209,"column":null}},"79":{"start":{"line":300,"column":36},"end":{"line":300,"column":58}},"80":{"start":{"line":320,"column":36},"end":{"line":320,"column":57}}},"fnMap":{"0":{"name":"ContactForm","decl":{"start":{"line":50,"column":24},"end":{"line":50,"column":36}},"loc":{"start":{"line":50,"column":68},"end":{"line":394,"column":null}}},"1":{"name":"(anonymous_2)","decl":{"start":{"line":67,"column":14},"end":{"line":67,"column":null}},"loc":{"start":{"line":67,"column":14},"end":{"line":85,"column":7}}},"2":{"name":"(anonymous_3)","decl":{"start":{"line":74,"column":28},"end":{"line":74,"column":null}},"loc":{"start":{"line":74,"column":28},"end":{"line":78,"column":null}}},"3":{"name":"(anonymous_4)","decl":{"start":{"line":75,"column":40},"end":{"line":75,"column":null}},"loc":{"start":{"line":75,"column":40},"end":{"line":77,"column":null}}},"4":{"name":"(anonymous_5)","decl":{"start":{"line":81,"column":36},"end":{"line":81,"column":null}},"loc":{"start":{"line":81,"column":36},"end":{"line":83,"column":null}}},"5":{"name":"(anonymous_6)","decl":{"start":{"line":87,"column":42},"end":{"line":87,"column":null}},"loc":{"start":{"line":87,"column":42},"end":{"line":98,"column":7}}},"6":{"name":"(anonymous_7)","decl":{"start":{"line":100,"column":21},"end":{"line":100,"column":null}},"loc":{"start":{"line":100,"column":21},"end":{"line":113,"column":null}}},"7":{"name":"(anonymous_8)","decl":{"start":{"line":115,"column":25},"end":{"line":115,"column":32}},"loc":{"start":{"line":115,"column":32},"end":{"line":180,"column":null}}},"8":{"name":"(anonymous_9)","decl":{"start":{"line":182,"column":25},"end":{"line":182,"column":26}},"loc":{"start":{"line":182,"column":26},"end":{"line":193,"column":null}}},"9":{"name":"(anonymous_10)","decl":{"start":{"line":184,"column":21},"end":{"line":184,"column":22}},"loc":{"start":{"line":184,"column":32},"end":{"line":187,"column":null}}},"10":{"name":"(anonymous_11)","decl":{"start":{"line":190,"column":22},"end":{"line":190,"column":31}},"loc":{"start":{"line":190,"column":31},"end":{"line":190,"column":null}}},"11":{"name":"(anonymous_12)","decl":{"start":{"line":209,"column":33},"end":{"line":209,"column":39}},"loc":{"start":{"line":209,"column":39},"end":{"line":209,"column":null}}},"12":{"name":"(anonymous_13)","decl":{"start":{"line":299,"column":57},"end":{"line":299,"column":58}},"loc":{"start":{"line":300,"column":36},"end":{"line":300,"column":58}}},"13":{"name":"(anonymous_14)","decl":{"start":{"line":319,"column":56},"end":{"line":319,"column":57}},"loc":{"start":{"line":320,"column":36},"end":{"line":320,"column":57}}}},"branchMap":{"0":{"loc":{"start":{"line":48,"column":27},"end":{"line":48,"column":null}},"type":"binary-expr","locations":[{"start":{"line":48,"column":27},"end":{"line":48,"column":69}},{"start":{"line":48,"column":73},"end":{"line":48,"column":null}}]},"1":{"loc":{"start":{"line":68,"column":8},"end":{"line":84,"column":null}},"type":"if","locations":[{"start":{"line":68,"column":8},"end":{"line":84,"column":null}},{"start":{"line":80,"column":15},"end":{"line":84,"column":null}}]},"2":{"loc":{"start":{"line":68,"column":12},"end":{"line":68,"column":91}},"type":"binary-expr","locations":[{"start":{"line":68,"column":12},"end":{"line":68,"column":45}},{"start":{"line":68,"column":45},"end":{"line":68,"column":91}}]},"3":{"loc":{"start":{"line":80,"column":15},"end":{"line":84,"column":null}},"type":"if","locations":[{"start":{"line":80,"column":15},"end":{"line":84,"column":null}},{"start":{},"end":{}}]},"4":{"loc":{"start":{"line":80,"column":19},"end":{"line":80,"column":69}},"type":"binary-expr","locations":[{"start":{"line":80,"column":19},"end":{"line":80,"column":52}},{"start":{"line":80,"column":52},"end":{"line":80,"column":69}}]},"5":{"loc":{"start":{"line":88,"column":8},"end":{"line":90,"column":null}},"type":"if","locations":[{"start":{"line":88,"column":8},"end":{"line":90,"column":null}},{"start":{},"end":{}}]},"6":{"loc":{"start":{"line":88,"column":12},"end":{"line":88,"column":50}},"type":"binary-expr","locations":[{"start":{"line":88,"column":12},"end":{"line":88,"column":32}},{"start":{"line":88,"column":32},"end":{"line":88,"column":50}}]},"7":{"loc":{"start":{"line":102,"column":8},"end":{"line":102,"column":null}},"type":"if","locations":[{"start":{"line":102,"column":8},"end":{"line":102,"column":null}},{"start":{},"end":{}}]},"8":{"loc":{"start":{"line":102,"column":53},"end":{"line":102,"column":null}},"type":"cond-expr","locations":[{"start":{"line":102,"column":69},"end":{"line":102,"column":85}},{"start":{"line":102,"column":85},"end":{"line":102,"column":null}}]},"9":{"loc":{"start":{"line":102,"column":85},"end":{"line":102,"column":null}},"type":"cond-expr","locations":[{"start":{"line":102,"column":101},"end":{"line":102,"column":123}},{"start":{"line":102,"column":123},"end":{"line":102,"column":null}}]},"10":{"loc":{"start":{"line":103,"column":8},"end":{"line":107,"column":null}},"type":"if","locations":[{"start":{"line":103,"column":8},"end":{"line":107,"column":null}},{"start":{"line":105,"column":15},"end":{"line":107,"column":null}}]},"11":{"loc":{"start":{"line":104,"column":30},"end":{"line":104,"column":null}},"type":"cond-expr","locations":[{"start":{"line":104,"column":46},"end":{"line":104,"column":64}},{"start":{"line":104,"column":64},"end":{"line":104,"column":null}}]},"12":{"loc":{"start":{"line":104,"column":64},"end":{"line":104,"column":null}},"type":"cond-expr","locations":[{"start":{"line":104,"column":80},"end":{"line":104,"column":101}},{"start":{"line":104,"column":101},"end":{"line":104,"column":null}}]},"13":{"loc":{"start":{"line":105,"column":15},"end":{"line":107,"column":null}},"type":"if","locations":[{"start":{"line":105,"column":15},"end":{"line":107,"column":null}},{"start":{},"end":{}}]},"14":{"loc":{"start":{"line":106,"column":30},"end":{"line":106,"column":null}},"type":"cond-expr","locations":[{"start":{"line":106,"column":46},"end":{"line":106,"column":69}},{"start":{"line":106,"column":69},"end":{"line":106,"column":null}}]},"15":{"loc":{"start":{"line":106,"column":69},"end":{"line":106,"column":null}},"type":"cond-expr","locations":[{"start":{"line":106,"column":85},"end":{"line":106,"column":104}},{"start":{"line":106,"column":104},"end":{"line":106,"column":null}}]},"16":{"loc":{"start":{"line":108,"column":8},"end":{"line":108,"column":null}},"type":"if","locations":[{"start":{"line":108,"column":8},"end":{"line":108,"column":null}},{"start":{},"end":{}}]},"17":{"loc":{"start":{"line":108,"column":52},"end":{"line":108,"column":null}},"type":"cond-expr","locations":[{"start":{"line":108,"column":68},"end":{"line":108,"column":88}},{"start":{"line":108,"column":88},"end":{"line":108,"column":null}}]},"18":{"loc":{"start":{"line":108,"column":88},"end":{"line":108,"column":null}},"type":"cond-expr","locations":[{"start":{"line":108,"column":104},"end":{"line":108,"column":131}},{"start":{"line":108,"column":131},"end":{"line":108,"column":null}}]},"19":{"loc":{"start":{"line":109,"column":8},"end":{"line":109,"column":null}},"type":"if","locations":[{"start":{"line":109,"column":8},"end":{"line":109,"column":null}},{"start":{},"end":{}}]},"20":{"loc":{"start":{"line":109,"column":59},"end":{"line":109,"column":null}},"type":"cond-expr","locations":[{"start":{"line":109,"column":75},"end":{"line":109,"column":94}},{"start":{"line":109,"column":94},"end":{"line":109,"column":null}}]},"21":{"loc":{"start":{"line":109,"column":94},"end":{"line":109,"column":null}},"type":"cond-expr","locations":[{"start":{"line":109,"column":110},"end":{"line":109,"column":131}},{"start":{"line":109,"column":131},"end":{"line":109,"column":null}}]},"22":{"loc":{"start":{"line":120,"column":8},"end":{"line":124,"column":null}},"type":"if","locations":[{"start":{"line":120,"column":8},"end":{"line":124,"column":null}},{"start":{},"end":{}}]},"23":{"loc":{"start":{"line":126,"column":8},"end":{"line":126,"column":null}},"type":"if","locations":[{"start":{"line":126,"column":8},"end":{"line":126,"column":null}},{"start":{},"end":{}}]},"24":{"loc":{"start":{"line":133,"column":12},"end":{"line":137,"column":null}},"type":"if","locations":[{"start":{"line":133,"column":12},"end":{"line":137,"column":null}},{"start":{},"end":{}}]},"25":{"loc":{"start":{"line":134,"column":31},"end":{"line":134,"column":null}},"type":"cond-expr","locations":[{"start":{"line":134,"column":47},"end":{"line":134,"column":77}},{"start":{"line":134,"column":77},"end":{"line":134,"column":null}}]},"26":{"loc":{"start":{"line":134,"column":77},"end":{"line":134,"column":null}},"type":"cond-expr","locations":[{"start":{"line":134,"column":93},"end":{"line":134,"column":129}},{"start":{"line":134,"column":129},"end":{"line":134,"column":null}}]},"27":{"loc":{"start":{"line":149,"column":71},"end":{"line":149,"column":107}},"type":"binary-expr","locations":[{"start":{"line":149,"column":71},"end":{"line":149,"column":87}},{"start":{"line":149,"column":91},"end":{"line":149,"column":107}}]},"28":{"loc":{"start":{"line":156,"column":12},"end":{"line":158,"column":null}},"type":"if","locations":[{"start":{"line":156,"column":12},"end":{"line":158,"column":null}},{"start":{},"end":{}}]},"29":{"loc":{"start":{"line":157,"column":32},"end":{"line":157,"column":null}},"type":"binary-expr","locations":[{"start":{"line":157,"column":32},"end":{"line":157,"column":42}},{"start":{"line":157,"column":46},"end":{"line":157,"column":null}}]},"30":{"loc":{"start":{"line":173,"column":16},"end":{"line":175,"column":null}},"type":"cond-expr","locations":[{"start":{"line":173,"column":32},"end":{"line":173,"column":null}},{"start":{"line":174,"column":20},"end":{"line":175,"column":null}}]},"31":{"loc":{"start":{"line":174,"column":20},"end":{"line":175,"column":null}},"type":"cond-expr","locations":[{"start":{"line":174,"column":36},"end":{"line":174,"column":null}},{"start":{"line":175,"column":24},"end":{"line":175,"column":null}}]},"32":{"loc":{"start":{"line":189,"column":8},"end":{"line":191,"column":null}},"type":"if","locations":[{"start":{"line":189,"column":8},"end":{"line":191,"column":null}},{"start":{},"end":{}}]},"33":{"loc":{"start":{"line":198,"column":16},"end":{"line":216,"column":17}},"type":"cond-expr","locations":[{"start":{"line":198,"column":16},"end":{"line":216,"column":17}}]},"34":{"loc":{"start":{"line":240,"column":181},"end":{"line":242,"column":null}},"type":"cond-expr","locations":[{"start":{"line":241,"column":38},"end":{"line":241,"column":null}},{"start":{"line":242,"column":38},"end":{"line":242,"column":null}}]},"35":{"loc":{"start":{"line":246,"column":29},"end":{"line":246,"column":40}},"type":"binary-expr","locations":[{"start":{"line":246,"column":29},"end":{"line":246,"column":40}}]},"36":{"loc":{"start":{"line":258,"column":181},"end":{"line":260,"column":null}},"type":"cond-expr","locations":[{"start":{"line":259,"column":38},"end":{"line":259,"column":null}},{"start":{"line":260,"column":38},"end":{"line":260,"column":null}}]},"37":{"loc":{"start":{"line":264,"column":29},"end":{"line":264,"column":41}},"type":"binary-expr","locations":[{"start":{"line":264,"column":29},"end":{"line":264,"column":41}}]},"38":{"loc":{"start":{"line":293,"column":181},"end":{"line":295,"column":null}},"type":"cond-expr","locations":[{"start":{"line":294,"column":38},"end":{"line":294,"column":null}},{"start":{"line":295,"column":38},"end":{"line":295,"column":null}}]},"39":{"loc":{"start":{"line":305,"column":29},"end":{"line":305,"column":43}},"type":"binary-expr","locations":[{"start":{"line":305,"column":29},"end":{"line":305,"column":43}}]},"40":{"loc":{"start":{"line":338,"column":189},"end":{"line":340,"column":null}},"type":"cond-expr","locations":[{"start":{"line":339,"column":34},"end":{"line":339,"column":null}},{"start":{"line":340,"column":34},"end":{"line":340,"column":null}}]},"41":{"loc":{"start":{"line":344,"column":25},"end":{"line":344,"column":39}},"type":"binary-expr","locations":[{"start":{"line":344,"column":25},"end":{"line":344,"column":39}}]},"42":{"loc":{"start":{"line":347,"column":21},"end":{"line":347,"column":null}},"type":"binary-expr","locations":[{"start":{"line":347,"column":21},"end":{"line":347,"column":null}}]},"43":{"loc":{"start":{"line":355,"column":34},"end":{"line":355,"column":null}},"type":"binary-expr","locations":[{"start":{"line":355,"column":34},"end":{"line":355,"column":50}},{"start":{"line":355,"column":50},"end":{"line":355,"column":null}}]},"44":{"loc":{"start":{"line":359,"column":28},"end":{"line":367,"column":null}},"type":"cond-expr","locations":[{"start":{"line":359,"column":28},"end":{"line":367,"column":null}}]},"45":{"loc":{"start":{"line":378,"column":25},"end":{"line":380,"column":null}},"type":"cond-expr","locations":[{"start":{"line":378,"column":41},"end":{"line":378,"column":null}},{"start":{"line":379,"column":28},"end":{"line":380,"column":null}}]},"46":{"loc":{"start":{"line":379,"column":28},"end":{"line":380,"column":null}},"type":"cond-expr","locations":[{"start":{"line":379,"column":44},"end":{"line":379,"column":null}},{"start":{"line":380,"column":32},"end":{"line":380,"column":null}}]},"47":{"loc":{"start":{"line":383,"column":29},"end":{"line":383,"column":null}},"type":"cond-expr","locations":[{"start":{"line":383,"column":45},"end":{"line":383,"column":68}},{"start":{"line":383,"column":68},"end":{"line":383,"column":null}}]},"48":{"loc":{"start":{"line":383,"column":68},"end":{"line":383,"column":null}},"type":"cond-expr","locations":[{"start":{"line":383,"column":84},"end":{"line":383,"column":99}},{"start":{"line":383,"column":99},"end":{"line":383,"column":null}}]},"49":{"loc":{"start":{"line":387,"column":29},"end":{"line":387,"column":null}},"type":"cond-expr","locations":[{"start":{"line":387,"column":45},"end":{"line":387,"column":57}},{"start":{"line":387,"column":57},"end":{"line":387,"column":null}}]},"50":{"loc":{"start":{"line":387,"column":57},"end":{"line":387,"column":null}},"type":"cond-expr","locations":[{"start":{"line":387,"column":73},"end":{"line":387,"column":86}},{"start":{"line":387,"column":86},"end":{"line":387,"column":null}}]}},"s":{"0":21,"1":1,"2":1,"3":452,"4":452,"5":452,"6":452,"7":452,"8":452,"9":452,"10":21,"11":1,"12":1,"13":1,"14":1,"15":1,"16":1,"17":0,"18":0,"19":1,"20":20,"21":20,"22":20,"23":452,"24":7,"25":0,"26":7,"27":7,"28":6,"29":1,"30":1,"31":452,"32":15,"33":15,"34":4,"35":15,"36":5,"37":10,"38":1,"39":15,"40":7,"41":15,"42":8,"43":15,"44":15,"45":452,"46":16,"47":16,"48":16,"49":1,"50":1,"51":1,"52":15,"53":8,"54":7,"55":7,"56":7,"57":7,"58":1,"59":1,"60":1,"61":6,"62":6,"63":6,"64":1,"65":5,"66":5,"67":1,"68":1,"69":7,"70":452,"71":388,"72":388,"73":388,"74":388,"75":1,"76":1,"77":388,"78":1,"79":1341,"80":1341},"f":{"0":452,"1":21,"2":0,"3":0,"4":20,"5":7,"6":15,"7":16,"8":388,"9":388,"10":1,"11":1,"12":1341,"13":1341},"b":{"0":[1,1],"1":[1,20],"2":[21,21],"3":[20,0],"4":[20,20],"5":[0,7],"6":[7,7],"7":[4,11],"8":[1,3],"9":[1,2],"10":[5,10],"11":[1,4],"12":[1,3],"13":[1,9],"14":[0,1],"15":[0,1],"16":[7,8],"17":[1,6],"18":[1,5],"19":[8,7],"20":[1,7],"21":[1,6],"22":[1,15],"23":[8,7],"24":[1,6],"25":[0,1],"26":[0,1],"27":[6,5],"28":[1,5],"29":[1,0],"30":[0,1],"31":[0,1],"32":[1,387],"33":[5],"34":[4,443],"35":[447],"36":[7,440],"37":[447],"38":[8,439],"39":[447],"40":[9,438],"41":[447],"42":[447],"43":[447,440],"44":[7],"45":[3,444],"46":[3,441],"47":[3,444],"48":[3,441],"49":[3,444],"50":[3,441]}}
,"/Users/ppmtrue/Documents/GitHub/SelenIT-Digital-Agency/src/components/ShowreelGrid.tsx": {"path":"/Users/ppmtrue/Documents/GitHub/SelenIT-Digital-Agency/src/components/ShowreelGrid.tsx","statementMap":{"0":{"start":{"line":30,"column":24},"end":{"line":30,"column":37}},"1":{"start":{"line":4,"column":25},"end":{"line":4,"column":null}},"2":{"start":{"line":36,"column":24},"end":{"line":37,"column":null}},"3":{"start":{"line":72,"column":40},"end":{"line":72,"column":56}},"4":{"start":{"line":81,"column":40},"end":{"line":81,"column":59}}},"fnMap":{"0":{"name":"ShowreelGrid","decl":{"start":{"line":30,"column":24},"end":{"line":30,"column":37}},"loc":{"start":{"line":30,"column":100},"end":{"line":93,"column":null}}},"1":{"name":"(anonymous_3)","decl":{"start":{"line":35,"column":34},"end":{"line":35,"column":35}},"loc":{"start":{"line":36,"column":24},"end":{"line":37,"column":null}}},"2":{"name":"(anonymous_4)","decl":{"start":{"line":71,"column":54},"end":{"line":71,"column":55}},"loc":{"start":{"line":72,"column":40},"end":{"line":72,"column":56}}},"3":{"name":"(anonymous_5)","decl":{"start":{"line":80,"column":57},"end":{"line":80,"column":58}},"loc":{"start":{"line":81,"column":40},"end":{"line":81,"column":59}}}},"branchMap":{"0":{"loc":{"start":{"line":43,"column":36},"end":{"line":45,"column":37}},"type":"cond-expr","locations":[{"start":{"line":43,"column":36},"end":{"line":45,"column":37}}]}},"s":{"0":0,"1":0,"2":0,"3":0,"4":0},"f":{"0":0,"1":0,"2":0,"3":0},"b":{"0":[0]}}
,"/Users/ppmtrue/Documents/GitHub/SelenIT-Digital-Agency/src/components/layout/Footer.tsx": {"path":"/Users/ppmtrue/Documents/GitHub/SelenIT-Digital-Agency/src/components/layout/Footer.tsx","statementMap":{"0":{"start":{"line":34,"column":24},"end":{"line":34,"column":31}},"1":{"start":{"line":1,"column":17},"end":{"line":1,"column":null}},"2":{"start":{"line":4,"column":21},"end":{"line":4,"column":null}},"3":{"start":{"line":10,"column":23},"end":{"line":32,"column":null}},"4":{"start":{"line":11,"column":17},"end":{"line":11,"column":null}},"5":{"start":{"line":12,"column":17},"end":{"line":12,"column":null}},"6":{"start":{"line":14,"column":4},"end":{"line":31,"column":null}},"7":{"start":{"line":35,"column":24},"end":{"line":35,"column":null}},"8":{"start":{"line":37,"column":126},"end":{"line":65,"column":null}},"9":{"start":{"line":67,"column":17},"end":{"line":67,"column":52}},"10":{"start":{"line":84,"column":28},"end":{"line":85,"column":null}},"11":{"start":{"line":107,"column":32},"end":{"line":107,"column":null}},"12":{"start":{"line":126,"column":32},"end":{"line":126,"column":null}},"13":{"start":{"line":190,"column":32},"end":{"line":191,"column":null}},"14":{"start":{"line":209,"column":32},"end":{"line":209,"column":null}},"15":{"start":{"line":226,"column":32},"end":{"line":226,"column":null}},"16":{"start":{"line":292,"column":4},"end":{"line":325,"column":null}},"17":{"start":{"line":324,"column":12},"end":{"line":324,"column":null}}},"fnMap":{"0":{"name":"(anonymous_2)","decl":{"start":{"line":10,"column":23},"end":{"line":10,"column":24}},"loc":{"start":{"line":10,"column":24},"end":{"line":32,"column":null}}},"1":{"name":"Footer","decl":{"start":{"line":34,"column":24},"end":{"line":34,"column":31}},"loc":{"start":{"line":34,"column":52},"end":{"line":289,"column":null}}},"2":{"name":"(anonymous_4)","decl":{"start":{"line":83,"column":48},"end":{"line":83,"column":49}},"loc":{"start":{"line":84,"column":28},"end":{"line":85,"column":null}}},"3":{"name":"(anonymous_5)","decl":{"start":{"line":106,"column":54},"end":{"line":106,"column":55}},"loc":{"start":{"line":107,"column":32},"end":{"line":107,"column":null}}},"4":{"name":"(anonymous_6)","decl":{"start":{"line":125,"column":53},"end":{"line":125,"column":54}},"loc":{"start":{"line":126,"column":32},"end":{"line":126,"column":null}}},"5":{"name":"(anonymous_7)","decl":{"start":{"line":189,"column":52},"end":{"line":189,"column":53}},"loc":{"start":{"line":190,"column":32},"end":{"line":191,"column":null}}},"6":{"name":"(anonymous_8)","decl":{"start":{"line":208,"column":54},"end":{"line":208,"column":55}},"loc":{"start":{"line":209,"column":32},"end":{"line":209,"column":null}}},"7":{"name":"(anonymous_9)","decl":{"start":{"line":225,"column":53},"end":{"line":225,"column":54}},"loc":{"start":{"line":226,"column":32},"end":{"line":226,"column":null}}},"8":{"name":"SocialIcon","decl":{"start":{"line":291,"column":9},"end":{"line":291,"column":20}},"loc":{"start":{"line":291,"column":46},"end":{"line":326,"column":null}}}},"branchMap":{"0":{"loc":{"start":{"line":16,"column":64},"end":{"line":16,"column":134}},"type":"cond-expr","locations":[{"start":{"line":16,"column":71},"end":{"line":16,"column":90}},{"start":{"line":16,"column":90},"end":{"line":16,"column":134}}]},"1":{"loc":{"start":{"line":16,"column":90},"end":{"line":16,"column":134}},"type":"cond-expr","locations":[{"start":{"line":16,"column":97},"end":{"line":16,"column":116}},{"start":{"line":16,"column":116},"end":{"line":16,"column":134}}]},"2":{"loc":{"start":{"line":17,"column":61},"end":{"line":17,"column":124}},"type":"cond-expr","locations":[{"start":{"line":17,"column":68},"end":{"line":17,"column":85}},{"start":{"line":17,"column":85},"end":{"line":17,"column":124}}]},"3":{"loc":{"start":{"line":17,"column":85},"end":{"line":17,"column":124}},"type":"cond-expr","locations":[{"start":{"line":17,"column":92},"end":{"line":17,"column":109}},{"start":{"line":17,"column":109},"end":{"line":17,"column":124}}]},"4":{"loc":{"start":{"line":18,"column":58},"end":{"line":18,"column":115}},"type":"cond-expr","locations":[{"start":{"line":18,"column":65},"end":{"line":18,"column":80}},{"start":{"line":18,"column":80},"end":{"line":18,"column":115}}]},"5":{"loc":{"start":{"line":18,"column":80},"end":{"line":18,"column":115}},"type":"cond-expr","locations":[{"start":{"line":18,"column":87},"end":{"line":18,"column":102}},{"start":{"line":18,"column":102},"end":{"line":18,"column":115}}]},"6":{"loc":{"start":{"line":19,"column":60},"end":{"line":19,"column":124}},"type":"cond-expr","locations":[{"start":{"line":19,"column":67},"end":{"line":19,"column":81}},{"start":{"line":19,"column":81},"end":{"line":19,"column":124}}]},"7":{"loc":{"start":{"line":19,"column":81},"end":{"line":19,"column":124}},"type":"cond-expr","locations":[{"start":{"line":19,"column":88},"end":{"line":19,"column":100}},{"start":{"line":19,"column":100},"end":{"line":19,"column":124}}]},"8":{"loc":{"start":{"line":22,"column":45},"end":{"line":22,"column":93}},"type":"cond-expr","locations":[{"start":{"line":22,"column":52},"end":{"line":22,"column":62}},{"start":{"line":22,"column":62},"end":{"line":22,"column":93}}]},"9":{"loc":{"start":{"line":22,"column":62},"end":{"line":22,"column":93}},"type":"cond-expr","locations":[{"start":{"line":22,"column":69},"end":{"line":22,"column":82}},{"start":{"line":22,"column":82},"end":{"line":22,"column":93}}]},"10":{"loc":{"start":{"line":23,"column":48},"end":{"line":23,"column":97}},"type":"cond-expr","locations":[{"start":{"line":23,"column":55},"end":{"line":23,"column":66}},{"start":{"line":23,"column":66},"end":{"line":23,"column":97}}]},"11":{"loc":{"start":{"line":23,"column":66},"end":{"line":23,"column":97}},"type":"cond-expr","locations":[{"start":{"line":23,"column":73},"end":{"line":23,"column":86}},{"start":{"line":23,"column":86},"end":{"line":23,"column":97}}]},"12":{"loc":{"start":{"line":24,"column":47},"end":{"line":24,"column":97}},"type":"cond-expr","locations":[{"start":{"line":24,"column":54},"end":{"line":24,"column":67}},{"start":{"line":24,"column":67},"end":{"line":24,"column":97}}]},"13":{"loc":{"start":{"line":24,"column":67},"end":{"line":24,"column":97}},"type":"cond-expr","locations":[{"start":{"line":24,"column":74},"end":{"line":24,"column":87}},{"start":{"line":24,"column":87},"end":{"line":24,"column":97}}]},"14":{"loc":{"start":{"line":67,"column":17},"end":{"line":67,"column":52}},"type":"binary-expr","locations":[{"start":{"line":67,"column":17},"end":{"line":67,"column":34}},{"start":{"line":67,"column":38},"end":{"line":67,"column":52}}]},"15":{"loc":{"start":{"line":292,"column":4},"end":{"line":325,"column":null}},"type":"switch","locations":[{"start":{"line":323,"column":8},"end":{"line":324,"column":null}}]}},"s":{"0":0,"1":0,"2":0,"3":0,"4":0,"5":0,"6":0,"7":0,"8":0,"9":0,"10":0,"11":0,"12":0,"13":0,"14":0,"15":0,"16":0,"17":0},"f":{"0":0,"1":0,"2":0,"3":0,"4":0,"5":0,"6":0,"7":0,"8":0},"b":{"0":[0,0],"1":[0,0],"2":[0,0],"3":[0,0],"4":[0,0],"5":[0,0],"6":[0,0],"7":[0,0],"8":[0,0],"9":[0,0],"10":[0,0],"11":[0,0],"12":[0,0],"13":[0,0],"14":[0,0],"15":[0]}}
,"/Users/ppmtrue/Documents/GitHub/SelenIT-Digital-Agency/src/components/layout/Header.tsx": {"path":"/Users/ppmtrue/Documents/GitHub/SelenIT-Digital-Agency/src/components/layout/Header.tsx","statementMap":{"0":{"start":{"line":92,"column":24},"end":{"line":92,"column":31}},"1":{"start":{"line":3,"column":49},"end":{"line":3,"column":null}},"2":{"start":{"line":4,"column":17},"end":{"line":4,"column":null}},"3":{"start":{"line":5,"column":28},"end":{"line":5,"column":null}},"4":{"start":{"line":6,"column":28},"end":{"line":6,"column":null}},"5":{"start":{"line":7,"column":33},"end":{"line":7,"column":null}},"6":{"start":{"line":8,"column":21},"end":{"line":8,"column":null}},"7":{"start":{"line":11,"column":40},"end":{"line":11,"column":null}},"8":{"start":{"line":19,"column":20},"end":{"line":25,"column":null}},"9":{"start":{"line":19,"column":93},"end":{"line":25,"column":null}},"10":{"start":{"line":28,"column":24},"end":{"line":38,"column":null}},"11":{"start":{"line":40,"column":21},"end":{"line":66,"column":null}},"12":{"start":{"line":68,"column":21},"end":{"line":81,"column":null}},"13":{"start":{"line":83,"column":23},"end":{"line":90,"column":null}},"14":{"start":{"line":93,"column":40},"end":{"line":93,"column":null}},"15":{"start":{"line":94,"column":52},"end":{"line":94,"column":null}},"16":{"start":{"line":95,"column":21},"end":{"line":95,"column":null}},"17":{"start":{"line":97,"column":88},"end":{"line":101,"column":null}},"18":{"start":{"line":103,"column":17},"end":{"line":103,"column":52}},"19":{"start":{"line":104,"column":21},"end":{"line":104,"column":null}},"20":{"start":{"line":106,"column":4},"end":{"line":112,"column":null}},"21":{"start":{"line":107,"column":29},"end":{"line":109,"column":null}},"22":{"start":{"line":108,"column":12},"end":{"line":108,"column":null}},"23":{"start":{"line":110,"column":8},"end":{"line":110,"column":null}},"24":{"start":{"line":111,"column":8},"end":{"line":111,"column":null}},"25":{"start":{"line":111,"column":21},"end":{"line":111,"column":null}},"26":{"start":{"line":115,"column":4},"end":{"line":144,"column":null}},"27":{"start":{"line":116,"column":8},"end":{"line":135,"column":null}},"28":{"start":{"line":118,"column":28},"end":{"line":118,"column":42}},"29":{"start":{"line":119,"column":12},"end":{"line":119,"column":null}},"30":{"start":{"line":120,"column":12},"end":{"line":120,"column":null}},"31":{"start":{"line":121,"column":12},"end":{"line":121,"column":null}},"32":{"start":{"line":122,"column":12},"end":{"line":122,"column":null}},"33":{"start":{"line":123,"column":12},"end":{"line":123,"column":null}},"34":{"start":{"line":126,"column":28},"end":{"line":126,"column":51}},"35":{"start":{"line":127,"column":12},"end":{"line":127,"column":null}},"36":{"start":{"line":128,"column":12},"end":{"line":128,"column":null}},"37":{"start":{"line":129,"column":12},"end":{"line":129,"column":null}},"38":{"start":{"line":130,"column":12},"end":{"line":130,"column":null}},"39":{"start":{"line":131,"column":12},"end":{"line":131,"column":null}},"40":{"start":{"line":132,"column":12},"end":{"line":134,"column":null}},"41":{"start":{"line":133,"column":16},"end":{"line":133,"column":null}},"42":{"start":{"line":137,"column":8},"end":{"line":143,"column":null}},"43":{"start":{"line":138,"column":12},"end":{"line":138,"column":null}},"44":{"start":{"line":139,"column":12},"end":{"line":139,"column":null}},"45":{"start":{"line":140,"column":12},"end":{"line":140,"column":null}},"46":{"start":{"line":141,"column":12},"end":{"line":141,"column":null}},"47":{"start":{"line":142,"column":12},"end":{"line":142,"column":null}},"48":{"start":{"line":146,"column":22},"end":{"line":148,"column":null}},"49":{"start":{"line":147,"column":8},"end":{"line":147,"column":null}},"50":{"start":{"line":179,"column":49},"end":{"line":179,"column":71}},"51":{"start":{"line":180,"column":32},"end":{"line":182,"column":null}},"52":{"start":{"line":228,"column":43},"end":{"line":228,"column":null}},"53":{"start":{"line":281,"column":44},"end":{"line":281,"column":null}},"54":{"start":{"line":310,"column":57},"end":{"line":310,"column":79}},"55":{"start":{"line":311,"column":40},"end":{"line":313,"column":null}}},"fnMap":{"0":{"name":"(anonymous_2)","decl":{"start":{"line":19,"column":20},"end":{"line":19,"column":21}},"loc":{"start":{"line":19,"column":93},"end":{"line":25,"column":null}}},"1":{"name":"Header","decl":{"start":{"line":92,"column":24},"end":{"line":92,"column":31}},"loc":{"start":{"line":92,"column":52},"end":{"line":373,"column":null}}},"2":{"name":"(anonymous_4)","decl":{"start":{"line":106,"column":14},"end":{"line":106,"column":null}},"loc":{"start":{"line":106,"column":14},"end":{"line":112,"column":7}}},"3":{"name":"(anonymous_5)","decl":{"start":{"line":107,"column":29},"end":{"line":107,"column":null}},"loc":{"start":{"line":107,"column":29},"end":{"line":109,"column":null}}},"4":{"name":"(anonymous_6)","decl":{"start":{"line":111,"column":15},"end":{"line":111,"column":21}},"loc":{"start":{"line":111,"column":21},"end":{"line":111,"column":null}}},"5":{"name":"(anonymous_7)","decl":{"start":{"line":115,"column":14},"end":{"line":115,"column":null}},"loc":{"start":{"line":115,"column":14},"end":{"line":144,"column":7}}},"6":{"name":"(anonymous_8)","decl":{"start":{"line":137,"column":15},"end":{"line":137,"column":null}},"loc":{"start":{"line":137,"column":15},"end":{"line":143,"column":null}}},"7":{"name":"(anonymous_9)","decl":{"start":{"line":146,"column":34},"end":{"line":146,"column":null}},"loc":{"start":{"line":146,"column":34},"end":{"line":148,"column":7}}},"8":{"name":"(anonymous_10)","decl":{"start":{"line":178,"column":42},"end":{"line":178,"column":43}},"loc":{"start":{"line":178,"column":43},"end":{"line":203,"column":null}}},"9":{"name":"(anonymous_11)","decl":{"start":{"line":228,"column":37},"end":{"line":228,"column":43}},"loc":{"start":{"line":228,"column":43},"end":{"line":228,"column":null}}},"10":{"name":"(anonymous_12)","decl":{"start":{"line":281,"column":37},"end":{"line":281,"column":38}},"loc":{"start":{"line":281,"column":44},"end":{"line":281,"column":null}}},"11":{"name":"(anonymous_13)","decl":{"start":{"line":309,"column":50},"end":{"line":309,"column":51}},"loc":{"start":{"line":309,"column":51},"end":{"line":353,"column":null}}}},"branchMap":{"0":{"loc":{"start":{"line":103,"column":17},"end":{"line":103,"column":52}},"type":"binary-expr","locations":[{"start":{"line":103,"column":17},"end":{"line":103,"column":34}},{"start":{"line":103,"column":38},"end":{"line":103,"column":52}}]},"1":{"loc":{"start":{"line":116,"column":8},"end":{"line":135,"column":null}},"type":"if","locations":[{"start":{"line":116,"column":8},"end":{"line":135,"column":null}},{"start":{"line":124,"column":15},"end":{"line":135,"column":null}}]},"2":{"loc":{"start":{"line":132,"column":12},"end":{"line":134,"column":null}},"type":"if","locations":[{"start":{"line":132,"column":12},"end":{"line":134,"column":null}},{"start":{},"end":{}}]},"3":{"loc":{"start":{"line":133,"column":44},"end":{"line":133,"column":62}},"type":"binary-expr","locations":[{"start":{"line":133,"column":44},"end":{"line":133,"column":55}},{"start":{"line":133,"column":55},"end":{"line":133,"column":62}}]},"4":{"loc":{"start":{"line":152,"column":127},"end":{"line":152,"column":158}},"type":"cond-expr","locations":[{"start":{"line":152,"column":140},"end":{"line":152,"column":150}},{"start":{"line":152,"column":150},"end":{"line":152,"column":158}}]},"5":{"loc":{"start":{"line":175,"column":34},"end":{"line":175,"column":123}},"type":"cond-expr","locations":[{"start":{"line":175,"column":47},"end":{"line":175,"column":120}},{"start":{"line":175,"column":120},"end":{"line":175,"column":123}}]},"6":{"loc":{"start":{"line":187,"column":46},"end":{"line":189,"column":null}},"type":"cond-expr","locations":[{"start":{"line":188,"column":50},"end":{"line":188,"column":null}},{"start":{"line":189,"column":50},"end":{"line":189,"column":null}}]},"7":{"loc":{"start":{"line":193,"column":41},"end":{"line":193,"column":null}},"type":"binary-expr","locations":[{"start":{"line":193,"column":41},"end":{"line":193,"column":null}}]},"8":{"loc":{"start":{"line":230,"column":40},"end":{"line":230,"column":null}},"type":"cond-expr","locations":[{"start":{"line":230,"column":59},"end":{"line":230,"column":74}},{"start":{"line":230,"column":74},"end":{"line":230,"column":null}}]},"9":{"loc":{"start":{"line":237,"column":45},"end":{"line":237,"column":null}},"type":"cond-expr","locations":[{"start":{"line":237,"column":64},"end":{"line":237,"column":73}},{"start":{"line":237,"column":73},"end":{"line":237,"column":null}}]},"10":{"loc":{"start":{"line":238,"column":48},"end":{"line":238,"column":null}},"type":"cond-expr","locations":[{"start":{"line":238,"column":67},"end":{"line":238,"column":72}},{"start":{"line":238,"column":72},"end":{"line":238,"column":null}}]},"11":{"loc":{"start":{"line":245,"column":49},"end":{"line":245,"column":null}},"type":"cond-expr","locations":[{"start":{"line":245,"column":68},"end":{"line":245,"column":72}},{"start":{"line":245,"column":72},"end":{"line":245,"column":null}}]},"12":{"loc":{"start":{"line":246,"column":48},"end":{"line":246,"column":null}},"type":"cond-expr","locations":[{"start":{"line":246,"column":67},"end":{"line":246,"column":71}},{"start":{"line":246,"column":71},"end":{"line":246,"column":null}}]},"13":{"loc":{"start":{"line":253,"column":45},"end":{"line":253,"column":null}},"type":"cond-expr","locations":[{"start":{"line":253,"column":64},"end":{"line":253,"column":73}},{"start":{"line":253,"column":73},"end":{"line":253,"column":null}}]},"14":{"loc":{"start":{"line":254,"column":48},"end":{"line":254,"column":null}},"type":"cond-expr","locations":[{"start":{"line":254,"column":67},"end":{"line":254,"column":73}},{"start":{"line":254,"column":73},"end":{"line":254,"column":null}}]},"15":{"loc":{"start":{"line":266,"column":17},"end":{"line":266,"column":null}},"type":"binary-expr","locations":[{"start":{"line":266,"column":17},"end":{"line":266,"column":null}}]},"16":{"loc":{"start":{"line":321,"column":58},"end":{"line":323,"column":null}},"type":"cond-expr","locations":[{"start":{"line":322,"column":62},"end":{"line":322,"column":null}},{"start":{"line":323,"column":62},"end":{"line":323,"column":null}}]},"17":{"loc":{"start":{"line":329,"column":78},"end":{"line":329,"column":144}},"type":"cond-expr","locations":[{"start":{"line":329,"column":89},"end":{"line":329,"column":107}},{"start":{"line":329,"column":107},"end":{"line":329,"column":144}}]},"18":{"loc":{"start":{"line":338,"column":53},"end":{"line":338,"column":null}},"type":"binary-expr","locations":[{"start":{"line":338,"column":53},"end":{"line":338,"column":null}}]},"19":{"loc":{"start":{"line":362,"column":41},"end":{"line":362,"column":null}},"type":"cond-expr","locations":[{"start":{"line":362,"column":57},"end":{"line":362,"column":66}},{"start":{"line":362,"column":66},"end":{"line":362,"column":null}}]},"20":{"loc":{"start":{"line":362,"column":66},"end":{"line":362,"column":null}},"type":"cond-expr","locations":[{"start":{"line":362,"column":82},"end":{"line":362,"column":93}},{"start":{"line":362,"column":93},"end":{"line":362,"column":null}}]}},"s":{"0":22,"1":1,"2":1,"3":1,"4":1,"5":1,"6":1,"7":1,"8":1,"9":34,"10":1,"11":1,"12":1,"13":1,"14":34,"15":34,"16":34,"17":34,"18":34,"19":34,"20":34,"21":22,"22":1,"23":22,"24":22,"25":22,"26":34,"27":33,"28":7,"29":7,"30":7,"31":7,"32":7,"33":7,"34":26,"35":26,"36":26,"37":26,"38":26,"39":26,"40":26,"41":0,"42":33,"43":33,"44":33,"45":33,"46":33,"47":33,"48":34,"49":2,"50":170,"51":170,"52":9,"53":1,"54":35,"55":35},"f":{"0":34,"1":34,"2":22,"3":1,"4":22,"5":33,"6":33,"7":2,"8":170,"9":9,"10":1,"11":35},"b":{"0":[34,0],"1":[7,26],"2":[0,26],"3":[0,0],"4":[1,33],"5":[1,33],"6":[30,140],"7":[170],"8":[7,27],"9":[7,27],"10":[7,27],"11":[7,27],"12":[7,27],"13":[7,27],"14":[7,27],"15":[34],"16":[7,28],"17":[7,28],"18":[35],"19":[0,7],"20":[0,7]}}
,"/Users/ppmtrue/Documents/GitHub/SelenIT-Digital-Agency/src/components/providers/AnalyticsWrapper.tsx": {"path":"/Users/ppmtrue/Documents/GitHub/SelenIT-Digital-Agency/src/components/providers/AnalyticsWrapper.tsx","statementMap":{"0":{"start":{"line":7,"column":16},"end":{"line":7,"column":null}},"1":{"start":{"line":3,"column":26},"end":{"line":3,"column":null}},"2":{"start":{"line":4,"column":30},"end":{"line":4,"column":null}},"3":{"start":{"line":5,"column":33},"end":{"line":5,"column":null}},"4":{"start":{"line":8,"column":27},"end":{"line":8,"column":null}},"5":{"start":{"line":10,"column":4},"end":{"line":12,"column":null}},"6":{"start":{"line":11,"column":8},"end":{"line":11,"column":null}}},"fnMap":{"0":{"name":"AnalyticsWrapper","decl":{"start":{"line":7,"column":16},"end":{"line":7,"column":null}},"loc":{"start":{"line":7,"column":16},"end":{"line":20,"column":null}}}},"branchMap":{"0":{"loc":{"start":{"line":10,"column":4},"end":{"line":12,"column":null}},"type":"if","locations":[{"start":{"line":10,"column":4},"end":{"line":12,"column":null}},{"start":{},"end":{}}]}},"s":{"0":0,"1":0,"2":0,"3":0,"4":0,"5":0,"6":0},"f":{"0":0},"b":{"0":[0,0]}}
,"/Users/ppmtrue/Documents/GitHub/SelenIT-Digital-Agency/src/components/providers/CookieConsentProvider.tsx": {"path":"/Users/ppmtrue/Documents/GitHub/SelenIT-Digital-Agency/src/components/providers/CookieConsentProvider.tsx","statementMap":{"0":{"start":{"line":17,"column":16},"end":{"line":17,"column":37}},"1":{"start":{"line":43,"column":16},"end":{"line":43,"column":32}},"2":{"start":{"line":3,"column":74},"end":{"line":3,"column":null}},"3":{"start":{"line":13,"column":29},"end":{"line":13,"column":null}},"4":{"start":{"line":15,"column":20},"end":{"line":15,"column":null}},"5":{"start":{"line":18,"column":39},"end":{"line":18,"column":null}},"6":{"start":{"line":19,"column":40},"end":{"line":19,"column":null}},"7":{"start":{"line":21,"column":4},"end":{"line":27,"column":null}},"8":{"start":{"line":22,"column":23},"end":{"line":22,"column":null}},"9":{"start":{"line":23,"column":8},"end":{"line":25,"column":null}},"10":{"start":{"line":24,"column":12},"end":{"line":24,"column":null}},"11":{"start":{"line":26,"column":8},"end":{"line":26,"column":null}},"12":{"start":{"line":29,"column":23},"end":{"line":32,"column":null}},"13":{"start":{"line":30,"column":8},"end":{"line":30,"column":null}},"14":{"start":{"line":31,"column":8},"end":{"line":31,"column":null}},"15":{"start":{"line":34,"column":23},"end":{"line":34,"column":null}},"16":{"start":{"line":44,"column":20},"end":{"line":44,"column":null}},"17":{"start":{"line":45,"column":4},"end":{"line":47,"column":null}},"18":{"start":{"line":46,"column":8},"end":{"line":46,"column":null}},"19":{"start":{"line":48,"column":4},"end":{"line":48,"column":null}}},"fnMap":{"0":{"name":"CookieConsentProvider","decl":{"start":{"line":17,"column":16},"end":{"line":17,"column":37}},"loc":{"start":{"line":17,"column":75},"end":{"line":41,"column":null}}},"1":{"name":"(anonymous_4)","decl":{"start":{"line":21,"column":14},"end":{"line":21,"column":null}},"loc":{"start":{"line":21,"column":14},"end":{"line":27,"column":7}}},"2":{"name":"(anonymous_5)","decl":{"start":{"line":29,"column":23},"end":{"line":29,"column":24}},"loc":{"start":{"line":29,"column":24},"end":{"line":32,"column":null}}},"3":{"name":"useCookieConsent","decl":{"start":{"line":43,"column":16},"end":{"line":43,"column":32}},"loc":{"start":{"line":43,"column":16},"end":{"line":49,"column":null}}}},"branchMap":{"0":{"loc":{"start":{"line":23,"column":8},"end":{"line":25,"column":null}},"type":"if","locations":[{"start":{"line":23,"column":8},"end":{"line":25,"column":null}},{"start":{},"end":{}}]},"1":{"loc":{"start":{"line":23,"column":12},"end":{"line":23,"column":60}},"type":"binary-expr","locations":[{"start":{"line":23,"column":12},"end":{"line":23,"column":37}},{"start":{"line":23,"column":37},"end":{"line":23,"column":60}}]},"2":{"loc":{"start":{"line":45,"column":4},"end":{"line":47,"column":null}},"type":"if","locations":[{"start":{"line":45,"column":4},"end":{"line":47,"column":null}},{"start":{},"end":{}}]}},"s":{"0":36,"1":39,"2":2,"3":2,"4":2,"5":78,"6":78,"7":78,"8":36,"9":36,"10":3,"11":36,"12":78,"13":6,"14":6,"15":78,"16":39,"17":38,"18":4,"19":34},"f":{"0":78,"1":36,"2":6,"3":39},"b":{"0":[3,33],"1":[36,34],"2":[4,34]}}
,"/Users/ppmtrue/Documents/GitHub/SelenIT-Digital-Agency/src/components/providers/CookieConsentWrapper.tsx": {"path":"/Users/ppmtrue/Documents/GitHub/SelenIT-Digital-Agency/src/components/providers/CookieConsentWrapper.tsx","statementMap":{"0":{"start":{"line":11,"column":16},"end":{"line":11,"column":37}},"1":{"start":{"line":3,"column":30},"end":{"line":3,"column":null}}},"fnMap":{"0":{"name":"CookieConsentWrapper","decl":{"start":{"line":11,"column":16},"end":{"line":11,"column":37}},"loc":{"start":{"line":11,"column":84},"end":{"line":13,"column":null}}}},"branchMap":{},"s":{"0":0,"1":0},"f":{"0":0},"b":{}}
,"/Users/ppmtrue/Documents/GitHub/SelenIT-Digital-Agency/src/components/providers/PageTransition.tsx": {"path":"/Users/ppmtrue/Documents/GitHub/SelenIT-Digital-Agency/src/components/providers/PageTransition.tsx","statementMap":{"0":{"start":{"line":37,"column":16},"end":{"line":37,"column":31}},"1":{"start":{"line":3,"column":40},"end":{"line":3,"column":null}},"2":{"start":{"line":4,"column":28},"end":{"line":4,"column":null}},"3":{"start":{"line":11,"column":21},"end":{"line":35,"column":null}},"4":{"start":{"line":38,"column":21},"end":{"line":38,"column":null}}},"fnMap":{"0":{"name":"PageTransition","decl":{"start":{"line":37,"column":16},"end":{"line":37,"column":31}},"loc":{"start":{"line":37,"column":64},"end":{"line":54,"column":null}}}},"branchMap":{},"s":{"0":0,"1":0,"2":0,"3":0,"4":0},"f":{"0":0},"b":{}}
,"/Users/ppmtrue/Documents/GitHub/SelenIT-Digital-Agency/src/components/providers/SmoothScrollProvider.tsx": {"path":"/Users/ppmtrue/Documents/GitHub/SelenIT-Digital-Agency/src/components/providers/SmoothScrollProvider.tsx","statementMap":{"0":{"start":{"line":5,"column":16},"end":{"line":5,"column":37}},"1":{"start":{"line":3,"column":44},"end":{"line":3,"column":null}},"2":{"start":{"line":6,"column":36},"end":{"line":6,"column":null}},"3":{"start":{"line":7,"column":21},"end":{"line":7,"column":null}},"4":{"start":{"line":9,"column":4},"end":{"line":11,"column":null}},"5":{"start":{"line":10,"column":8},"end":{"line":10,"column":null}},"6":{"start":{"line":13,"column":4},"end":{"line":51,"column":null}},"7":{"start":{"line":14,"column":8},"end":{"line":14,"column":null}},"8":{"start":{"line":14,"column":23},"end":{"line":14,"column":null}},"9":{"start":{"line":16,"column":26},"end":{"line":41,"column":null}},"10":{"start":{"line":17,"column":26},"end":{"line":17,"column":57}},"11":{"start":{"line":17,"column":33},"end":{"line":17,"column":47}},"12":{"start":{"line":19,"column":26},"end":{"line":28,"column":null}},"13":{"start":{"line":21,"column":39},"end":{"line":21,"column":null}},"14":{"start":{"line":27,"column":44},"end":{"line":27,"column":null}},"15":{"start":{"line":30,"column":12},"end":{"line":30,"column":null}},"16":{"start":{"line":33,"column":16},"end":{"line":33,"column":null}},"17":{"start":{"line":34,"column":16},"end":{"line":34,"column":null}},"18":{"start":{"line":37,"column":12},"end":{"line":37,"column":null}},"19":{"start":{"line":40,"column":12},"end":{"line":40,"column":null}},"20":{"start":{"line":43,"column":8},"end":{"line":43,"column":null}},"21":{"start":{"line":45,"column":8},"end":{"line":50,"column":null}},"22":{"start":{"line":46,"column":12},"end":{"line":49,"column":null}},"23":{"start":{"line":47,"column":16},"end":{"line":47,"column":null}},"24":{"start":{"line":48,"column":16},"end":{"line":48,"column":null}}},"fnMap":{"0":{"name":"SmoothScrollProvider","decl":{"start":{"line":5,"column":16},"end":{"line":5,"column":37}},"loc":{"start":{"line":5,"column":80},"end":{"line":54,"column":null}}},"1":{"name":"(anonymous_5)","decl":{"start":{"line":9,"column":14},"end":{"line":9,"column":null}},"loc":{"start":{"line":9,"column":14},"end":{"line":11,"column":7}}},"2":{"name":"(anonymous_6)","decl":{"start":{"line":13,"column":14},"end":{"line":13,"column":null}},"loc":{"start":{"line":13,"column":14},"end":{"line":51,"column":7}}},"3":{"name":"(anonymous_7)","decl":{"start":{"line":16,"column":26},"end":{"line":16,"column":null}},"loc":{"start":{"line":16,"column":26},"end":{"line":41,"column":null}}},"4":{"name":"(anonymous_8)","decl":{"start":{"line":17,"column":33},"end":{"line":17,"column":40}},"loc":{"start":{"line":17,"column":33},"end":{"line":17,"column":47}}},"5":{"name":"(anonymous_9)","decl":{"start":{"line":21,"column":24},"end":{"line":21,"column":25}},"loc":{"start":{"line":21,"column":39},"end":{"line":21,"column":null}}},"6":{"name":"(anonymous_10)","decl":{"start":{"line":27,"column":25},"end":{"line":27,"column":26}},"loc":{"start":{"line":27,"column":44},"end":{"line":27,"column":null}}},"7":{"name":"raf","decl":{"start":{"line":32,"column":21},"end":{"line":32,"column":25}},"loc":{"start":{"line":32,"column":37},"end":{"line":35,"column":null}}},"8":{"name":"(anonymous_12)","decl":{"start":{"line":45,"column":15},"end":{"line":45,"column":null}},"loc":{"start":{"line":45,"column":15},"end":{"line":50,"column":null}}}},"branchMap":{"0":{"loc":{"start":{"line":14,"column":8},"end":{"line":14,"column":null}},"type":"if","locations":[{"start":{"line":14,"column":8},"end":{"line":14,"column":null}},{"start":{},"end":{}}]},"1":{"loc":{"start":{"line":46,"column":12},"end":{"line":49,"column":null}},"type":"if","locations":[{"start":{"line":46,"column":12},"end":{"line":49,"column":null}},{"start":{},"end":{}}]}},"s":{"0":0,"1":0,"2":0,"3":0,"4":0,"5":0,"6":0,"7":0,"8":0,"9":0,"10":0,"11":0,"12":0,"13":0,"14":0,"15":0,"16":0,"17":0,"18":0,"19":0,"20":0,"21":0,"22":0,"23":0,"24":0},"f":{"0":0,"1":0,"2":0,"3":0,"4":0,"5":0,"6":0,"7":0,"8":0},"b":{"0":[0,0],"1":[0,0]}}
,"/Users/ppmtrue/Documents/GitHub/SelenIT-Digital-Agency/src/components/providers/theme-provider.tsx": {"path":"/Users/ppmtrue/Documents/GitHub/SelenIT-Digital-Agency/src/components/providers/theme-provider.tsx","statementMap":{"0":{"start":{"line":5,"column":16},"end":{"line":5,"column":30}},"1":{"start":{"line":3,"column":77},"end":{"line":3,"column":null}}},"fnMap":{"0":{"name":"ThemeProvider","decl":{"start":{"line":5,"column":16},"end":{"line":5,"column":30}},"loc":{"start":{"line":5,"column":72},"end":{"line":7,"column":null}}}},"branchMap":{},"s":{"0":0,"1":0},"f":{"0":0},"b":{}}
,"/Users/ppmtrue/Documents/GitHub/SelenIT-Digital-Agency/src/components/sections/CTA.tsx": {"path":"/Users/ppmtrue/Documents/GitHub/SelenIT-Digital-Agency/src/components/sections/CTA.tsx","statementMap":{"0":{"start":{"line":17,"column":24},"end":{"line":17,"column":28}},"1":{"start":{"line":1,"column":17},"end":{"line":1,"column":null}},"2":{"start":{"line":2,"column":23},"end":{"line":2,"column":null}}},"fnMap":{"0":{"name":"CTA","decl":{"start":{"line":17,"column":24},"end":{"line":17,"column":28}},"loc":{"start":{"line":17,"column":64},"end":{"line":56,"column":null}}}},"branchMap":{},"s":{"0":0,"1":0,"2":0},"f":{"0":0},"b":{}}
,"/Users/ppmtrue/Documents/GitHub/SelenIT-Digital-Agency/src/components/sections/Hero.tsx": {"path":"/Users/ppmtrue/Documents/GitHub/SelenIT-Digital-Agency/src/components/sections/Hero.tsx","statementMap":{"0":{"start":{"line":19,"column":24},"end":{"line":19,"column":29}},"1":{"start":{"line":3,"column":17},"end":{"line":3,"column":null}},"2":{"start":{"line":4,"column":33},"end":{"line":4,"column":null}},"3":{"start":{"line":20,"column":40},"end":{"line":29,"column":null}},"4":{"start":{"line":31,"column":35},"end":{"line":38,"column":null}},"5":{"start":{"line":103,"column":28},"end":{"line":103,"column":50}}},"fnMap":{"0":{"name":"Hero","decl":{"start":{"line":19,"column":24},"end":{"line":19,"column":29}},"loc":{"start":{"line":19,"column":54},"end":{"line":133,"column":null}}},"1":{"name":"(anonymous_3)","decl":{"start":{"line":102,"column":30},"end":{"line":102,"column":31}},"loc":{"start":{"line":103,"column":28},"end":{"line":103,"column":50}}}},"branchMap":{"0":{"loc":{"start":{"line":98,"column":52},"end":{"line":98,"column":122}},"type":"cond-expr","locations":[{"start":{"line":98,"column":68},"end":{"line":98,"column":81}},{"start":{"line":98,"column":81},"end":{"line":98,"column":122}}]},"1":{"loc":{"start":{"line":98,"column":81},"end":{"line":98,"column":122}},"type":"cond-expr","locations":[{"start":{"line":98,"column":97},"end":{"line":98,"column":111}},{"start":{"line":98,"column":111},"end":{"line":98,"column":122}}]},"2":{"loc":{"start":{"line":99,"column":51},"end":{"line":99,"column":119}},"type":"cond-expr","locations":[{"start":{"line":99,"column":67},"end":{"line":99,"column":80}},{"start":{"line":99,"column":80},"end":{"line":99,"column":119}}]},"3":{"loc":{"start":{"line":99,"column":80},"end":{"line":99,"column":119}},"type":"cond-expr","locations":[{"start":{"line":99,"column":96},"end":{"line":99,"column":109}},{"start":{"line":99,"column":109},"end":{"line":99,"column":119}}]},"4":{"loc":{"start":{"line":100,"column":50},"end":{"line":100,"column":107}},"type":"cond-expr","locations":[{"start":{"line":100,"column":66},"end":{"line":100,"column":74}},{"start":{"line":100,"column":74},"end":{"line":100,"column":107}}]},"5":{"loc":{"start":{"line":100,"column":74},"end":{"line":100,"column":107}},"type":"cond-expr","locations":[{"start":{"line":100,"column":90},"end":{"line":100,"column":99}},{"start":{"line":100,"column":99},"end":{"line":100,"column":107}}]},"6":{"loc":{"start":{"line":101,"column":51},"end":{"line":101,"column":137}},"type":"cond-expr","locations":[{"start":{"line":101,"column":67},"end":{"line":101,"column":89}},{"start":{"line":101,"column":89},"end":{"line":101,"column":137}}]},"7":{"loc":{"start":{"line":101,"column":89},"end":{"line":101,"column":137}},"type":"cond-expr","locations":[{"start":{"line":101,"column":105},"end":{"line":101,"column":122}},{"start":{"line":101,"column":122},"end":{"line":101,"column":137}}]}},"s":{"0":0,"1":0,"2":0,"3":0,"4":0,"5":0},"f":{"0":0,"1":0},"b":{"0":[0,0],"1":[0,0],"2":[0,0],"3":[0,0],"4":[0,0],"5":[0,0],"6":[0,0],"7":[0,0]}}
,"/Users/ppmtrue/Documents/GitHub/SelenIT-Digital-Agency/src/components/sections/Services.tsx": {"path":"/Users/ppmtrue/Documents/GitHub/SelenIT-Digital-Agency/src/components/sections/Services.tsx","statementMap":{"0":{"start":{"line":38,"column":24},"end":{"line":38,"column":33}},"1":{"start":{"line":1,"column":23},"end":{"line":1,"column":null}},"2":{"start":{"line":20,"column":54},"end":{"line":36,"column":null}},"3":{"start":{"line":39,"column":28},"end":{"line":39,"column":null}},"4":{"start":{"line":70,"column":24},"end":{"line":70,"column":49}},"5":{"start":{"line":90,"column":40},"end":{"line":90,"column":58}}},"fnMap":{"0":{"name":"Services","decl":{"start":{"line":38,"column":24},"end":{"line":38,"column":33}},"loc":{"start":{"line":38,"column":76},"end":{"line":105,"column":null}}},"1":{"name":"(anonymous_2)","decl":{"start":{"line":69,"column":41},"end":{"line":69,"column":42}},"loc":{"start":{"line":70,"column":24},"end":{"line":70,"column":49}}},"2":{"name":"(anonymous_3)","decl":{"start":{"line":89,"column":70},"end":{"line":89,"column":71}},"loc":{"start":{"line":90,"column":40},"end":{"line":90,"column":58}}}},"branchMap":{},"s":{"0":0,"1":0,"2":0,"3":0,"4":0,"5":0},"f":{"0":0,"1":0,"2":0},"b":{}}
,"/Users/ppmtrue/Documents/GitHub/SelenIT-Digital-Agency/src/components/sections/Showreel.tsx": {"path":"/Users/ppmtrue/Documents/GitHub/SelenIT-Digital-Agency/src/components/sections/Showreel.tsx","statementMap":{"0":{"start":{"line":32,"column":24},"end":{"line":32,"column":33}},"1":{"start":{"line":1,"column":17},"end":{"line":1,"column":null}},"2":{"start":{"line":2,"column":23},"end":{"line":2,"column":null}},"3":{"start":{"line":3,"column":25},"end":{"line":3,"column":null}},"4":{"start":{"line":17,"column":25},"end":{"line":30,"column":null}},"5":{"start":{"line":79,"column":24},"end":{"line":79,"column":49}}},"fnMap":{"0":{"name":"Showreel","decl":{"start":{"line":32,"column":24},"end":{"line":32,"column":33}},"loc":{"start":{"line":32,"column":62},"end":{"line":121,"column":null}}},"1":{"name":"(anonymous_3)","decl":{"start":{"line":78,"column":42},"end":{"line":78,"column":43}},"loc":{"start":{"line":79,"column":24},"end":{"line":79,"column":49}}}},"branchMap":{"0":{"loc":{"start":{"line":72,"column":47},"end":{"line":72,"column":78}},"type":"binary-expr","locations":[{"start":{"line":72,"column":47},"end":{"line":72,"column":59}},{"start":{"line":72,"column":63},"end":{"line":72,"column":78}}]}},"s":{"0":0,"1":0,"2":0,"3":0,"4":0,"5":0},"f":{"0":0,"1":0},"b":{"0":[0,0]}}
,"/Users/ppmtrue/Documents/GitHub/SelenIT-Digital-Agency/src/components/sections/Technologies.tsx": {"path":"/Users/ppmtrue/Documents/GitHub/SelenIT-Digital-Agency/src/components/sections/Technologies.tsx","statementMap":{"0":{"start":{"line":125,"column":24},"end":{"line":125,"column":37}},"1":{"start":{"line":3,"column":18},"end":{"line":3,"column":null}},"2":{"start":{"line":4,"column":23},"end":{"line":4,"column":null}},"3":{"start":{"line":15,"column":21},"end":{"line":30,"column":null}},"4":{"start":{"line":32,"column":17},"end":{"line":123,"column":null}},"5":{"start":{"line":33,"column":47},"end":{"line":120,"column":null}},"6":{"start":{"line":158,"column":28},"end":{"line":159,"column":null}}},"fnMap":{"0":{"name":"(anonymous_2)","decl":{"start":{"line":32,"column":17},"end":{"line":32,"column":18}},"loc":{"start":{"line":32,"column":66},"end":{"line":123,"column":null}}},"1":{"name":"Technologies","decl":{"start":{"line":125,"column":24},"end":{"line":125,"column":37}},"loc":{"start":{"line":125,"column":64},"end":{"line":175,"column":null}}},"2":{"name":"(anonymous_4)","decl":{"start":{"line":157,"column":81},"end":{"line":157,"column":82}},"loc":{"start":{"line":158,"column":28},"end":{"line":159,"column":null}}}},"branchMap":{"0":{"loc":{"start":{"line":122,"column":11},"end":{"line":122,"column":22}},"type":"binary-expr","locations":[{"start":{"line":122,"column":11},"end":{"line":122,"column":22}}]}},"s":{"0":0,"1":0,"2":0,"3":0,"4":0,"5":0,"6":0},"f":{"0":0,"1":0,"2":0},"b":{"0":[0]}}
,"/Users/ppmtrue/Documents/GitHub/SelenIT-Digital-Agency/src/components/sections/Testimonials.tsx": {"path":"/Users/ppmtrue/Documents/GitHub/SelenIT-Digital-Agency/src/components/sections/Testimonials.tsx","statementMap":{"0":{"start":{"line":31,"column":24},"end":{"line":31,"column":37}},"1":{"start":{"line":3,"column":25},"end":{"line":3,"column":null}},"2":{"start":{"line":4,"column":36},"end":{"line":4,"column":null}},"3":{"start":{"line":5,"column":23},"end":{"line":5,"column":null}},"4":{"start":{"line":6,"column":35},"end":{"line":6,"column":null}},"5":{"start":{"line":29,"column":23},"end":{"line":29,"column":null}},"6":{"start":{"line":32,"column":30},"end":{"line":32,"column":null}},"7":{"start":{"line":33,"column":34},"end":{"line":33,"column":null}},"8":{"start":{"line":35,"column":4},"end":{"line":37,"column":null}},"9":{"start":{"line":36,"column":8},"end":{"line":36,"column":null}},"10":{"start":{"line":63,"column":24},"end":{"line":63,"column":53}},"11":{"start":{"line":67,"column":40},"end":{"line":67,"column":54}},"12":{"start":{"line":107,"column":36},"end":{"line":107,"column":50}}},"fnMap":{"0":{"name":"Testimonials","decl":{"start":{"line":31,"column":24},"end":{"line":31,"column":37}},"loc":{"start":{"line":31,"column":84},"end":{"line":124,"column":null}}},"1":{"name":"(anonymous_2)","decl":{"start":{"line":35,"column":14},"end":{"line":35,"column":null}},"loc":{"start":{"line":35,"column":14},"end":{"line":37,"column":7}}},"2":{"name":"(anonymous_3)","decl":{"start":{"line":62,"column":38},"end":{"line":62,"column":39}},"loc":{"start":{"line":63,"column":24},"end":{"line":63,"column":53}}},"3":{"name":"(anonymous_4)","decl":{"start":{"line":66,"column":55},"end":{"line":66,"column":56}},"loc":{"start":{"line":67,"column":40},"end":{"line":67,"column":54}}},"4":{"name":"(anonymous_5)","decl":{"start":{"line":106,"column":51},"end":{"line":106,"column":52}},"loc":{"start":{"line":107,"column":36},"end":{"line":107,"column":50}}}},"branchMap":{"0":{"loc":{"start":{"line":114,"column":37},"end":{"line":114,"column":null}},"type":"binary-expr","locations":[{"start":{"line":114,"column":37},"end":{"line":114,"column":55}},{"start":{"line":114,"column":59},"end":{"line":114,"column":null}}]}},"s":{"0":0,"1":0,"2":0,"3":0,"4":0,"5":0,"6":0,"7":0,"8":0,"9":0,"10":0,"11":0,"12":0},"f":{"0":0,"1":0,"2":0,"3":0,"4":0},"b":{"0":[0,0]}}
,"/Users/ppmtrue/Documents/GitHub/SelenIT-Digital-Agency/src/components/ui/AnimatedTitle.tsx": {"path":"/Users/ppmtrue/Documents/GitHub/SelenIT-Digital-Agency/src/components/ui/AnimatedTitle.tsx","statementMap":{"0":{"start":{"line":11,"column":16},"end":{"line":11,"column":30}},"1":{"start":{"line":3,"column":27},"end":{"line":3,"column":null}}},"fnMap":{"0":{"name":"AnimatedTitle","decl":{"start":{"line":11,"column":16},"end":{"line":11,"column":30}},"loc":{"start":{"line":11,"column":83},"end":{"line":18,"column":null}}}},"branchMap":{"0":{"loc":{"start":{"line":11,"column":47},"end":{"line":11,"column":61}},"type":"default-arg","locations":[{"start":{"line":11,"column":59},"end":{"line":11,"column":61}}]}},"s":{"0":0,"1":0},"f":{"0":0},"b":{"0":[0]}}
,"/Users/ppmtrue/Documents/GitHub/SelenIT-Digital-Agency/src/components/ui/CookieConsent.tsx": {"path":"/Users/ppmtrue/Documents/GitHub/SelenIT-Digital-Agency/src/components/ui/CookieConsent.tsx","statementMap":{"0":{"start":{"line":18,"column":16},"end":{"line":18,"column":30}},"1":{"start":{"line":3,"column":40},"end":{"line":3,"column":null}},"2":{"start":{"line":4,"column":17},"end":{"line":4,"column":null}},"3":{"start":{"line":5,"column":33},"end":{"line":5,"column":null}},"4":{"start":{"line":19,"column":36},"end":{"line":19,"column":null}},"5":{"start":{"line":21,"column":4},"end":{"line":23,"column":null}},"6":{"start":{"line":22,"column":8},"end":{"line":22,"column":null}},"7":{"start":{"line":57,"column":43},"end":{"line":57,"column":null}},"8":{"start":{"line":63,"column":43},"end":{"line":63,"column":null}}},"fnMap":{"0":{"name":"CookieConsent","decl":{"start":{"line":18,"column":16},"end":{"line":18,"column":30}},"loc":{"start":{"line":18,"column":70},"end":{"line":73,"column":null}}},"1":{"name":"(anonymous_3)","decl":{"start":{"line":57,"column":37},"end":{"line":57,"column":43}},"loc":{"start":{"line":57,"column":43},"end":{"line":57,"column":null}}},"2":{"name":"(anonymous_4)","decl":{"start":{"line":63,"column":37},"end":{"line":63,"column":43}},"loc":{"start":{"line":63,"column":43},"end":{"line":63,"column":null}}}},"branchMap":{"0":{"loc":{"start":{"line":21,"column":4},"end":{"line":23,"column":null}},"type":"if","locations":[{"start":{"line":21,"column":4},"end":{"line":23,"column":null}},{"start":{},"end":{}}]}},"s":{"0":0,"1":0,"2":0,"3":0,"4":0,"5":0,"6":0,"7":0,"8":0},"f":{"0":0,"1":0,"2":0},"b":{"0":[0,0]}}
,"/Users/ppmtrue/Documents/GitHub/SelenIT-Digital-Agency/src/components/ui/FluidBackground.tsx": {"path":"/Users/ppmtrue/Documents/GitHub/SelenIT-Digital-Agency/src/components/ui/FluidBackground.tsx","statementMap":{"0":{"start":{"line":7,"column":24},"end":{"line":7,"column":null}},"1":{"start":{"line":3,"column":31},"end":{"line":3,"column":null}},"2":{"start":{"line":4,"column":36},"end":{"line":4,"column":null}},"3":{"start":{"line":5,"column":25},"end":{"line":5,"column":null}},"4":{"start":{"line":8,"column":22},"end":{"line":8,"column":null}},"5":{"start":{"line":9,"column":34},"end":{"line":9,"column":null}},"6":{"start":{"line":11,"column":4},"end":{"line":13,"column":null}},"7":{"start":{"line":12,"column":8},"end":{"line":12,"column":null}},"8":{"start":{"line":15,"column":4},"end":{"line":15,"column":null}},"9":{"start":{"line":15,"column":18},"end":{"line":15,"column":null}},"10":{"start":{"line":17,"column":19},"end":{"line":17,"column":null}},"11":{"start":{"line":21,"column":18},"end":{"line":55,"column":null}},"12":{"start":{"line":67,"column":16},"end":{"line":68,"column":null}}},"fnMap":{"0":{"name":"FluidBackground","decl":{"start":{"line":7,"column":24},"end":{"line":7,"column":null}},"loc":{"start":{"line":7,"column":24},"end":{"line":90,"column":null}}},"1":{"name":"(anonymous_2)","decl":{"start":{"line":11,"column":14},"end":{"line":11,"column":null}},"loc":{"start":{"line":11,"column":14},"end":{"line":13,"column":7}}},"2":{"name":"(anonymous_3)","decl":{"start":{"line":66,"column":23},"end":{"line":66,"column":24}},"loc":{"start":{"line":67,"column":16},"end":{"line":68,"column":null}}}},"branchMap":{"0":{"loc":{"start":{"line":15,"column":4},"end":{"line":15,"column":null}},"type":"if","locations":[{"start":{"line":15,"column":4},"end":{"line":15,"column":null}},{"start":{},"end":{}}]},"1":{"loc":{"start":{"line":24,"column":19},"end":{"line":24,"column":null}},"type":"cond-expr","locations":[{"start":{"line":24,"column":28},"end":{"line":24,"column":50}},{"start":{"line":24,"column":50},"end":{"line":24,"column":null}}]},"2":{"loc":{"start":{"line":35,"column":19},"end":{"line":35,"column":null}},"type":"cond-expr","locations":[{"start":{"line":35,"column":28},"end":{"line":35,"column":49}},{"start":{"line":35,"column":49},"end":{"line":35,"column":null}}]},"3":{"loc":{"start":{"line":46,"column":19},"end":{"line":46,"column":null}},"type":"cond-expr","locations":[{"start":{"line":46,"column":28},"end":{"line":46,"column":47}},{"start":{"line":46,"column":47},"end":{"line":46,"column":null}}]}},"s":{"0":0,"1":0,"2":0,"3":0,"4":0,"5":0,"6":0,"7":0,"8":0,"9":0,"10":0,"11":0,"12":0},"f":{"0":0,"1":0,"2":0},"b":{"0":[0,0],"1":[0,0],"2":[0,0],"3":[0,0]}}
,"/Users/ppmtrue/Documents/GitHub/SelenIT-Digital-Agency/src/components/ui/LanguageSwitcher.tsx": {"path":"/Users/ppmtrue/Documents/GitHub/SelenIT-Digital-Agency/src/components/ui/LanguageSwitcher.tsx","statementMap":{"0":{"start":{"line":20,"column":16},"end":{"line":20,"column":33}},"1":{"start":{"line":3,"column":39},"end":{"line":3,"column":null}},"2":{"start":{"line":4,"column":30},"end":{"line":4,"column":null}},"3":{"start":{"line":5,"column":34},"end":{"line":5,"column":null}},"4":{"start":{"line":6,"column":23},"end":{"line":6,"column":null}},"5":{"start":{"line":8,"column":44},"end":{"line":12,"column":null}},"6":{"start":{"line":14,"column":48},"end":{"line":18,"column":null}},"7":{"start":{"line":21,"column":21},"end":{"line":21,"column":null}},"8":{"start":{"line":22,"column":19},"end":{"line":22,"column":null}},"9":{"start":{"line":23,"column":41},"end":{"line":23,"column":null}},"10":{"start":{"line":25,"column":31},"end":{"line":30,"column":null}},"11":{"start":{"line":26,"column":8},"end":{"line":26,"column":null}},"12":{"start":{"line":26,"column":23},"end":{"line":26,"column":null}},"13":{"start":{"line":27,"column":25},"end":{"line":27,"column":null}},"14":{"start":{"line":28,"column":8},"end":{"line":28,"column":null}},"15":{"start":{"line":29,"column":8},"end":{"line":29,"column":null}},"16":{"start":{"line":32,"column":33},"end":{"line":36,"column":null}},"17":{"start":{"line":33,"column":8},"end":{"line":35,"column":null}},"18":{"start":{"line":34,"column":12},"end":{"line":34,"column":null}},"19":{"start":{"line":45,"column":33},"end":{"line":45,"column":null}},"20":{"start":{"line":46,"column":16},"end":{"line":48,"column":null}},"21":{"start":{"line":49,"column":39},"end":{"line":49,"column":null}}},"fnMap":{"0":{"name":"LanguageSwitcher","decl":{"start":{"line":20,"column":16},"end":{"line":20,"column":33}},"loc":{"start":{"line":20,"column":73},"end":{"line":85,"column":null}}},"1":{"name":"(anonymous_2)","decl":{"start":{"line":25,"column":31},"end":{"line":25,"column":32}},"loc":{"start":{"line":25,"column":32},"end":{"line":30,"column":null}}},"2":{"name":"(anonymous_3)","decl":{"start":{"line":32,"column":33},"end":{"line":32,"column":34}},"loc":{"start":{"line":32,"column":34},"end":{"line":36,"column":null}}},"3":{"name":"(anonymous_4)","decl":{"start":{"line":33,"column":24},"end":{"line":33,"column":null}},"loc":{"start":{"line":33,"column":24},"end":{"line":35,"column":null}}},"4":{"name":"(anonymous_5)","decl":{"start":{"line":44,"column":30},"end":{"line":44,"column":31}},"loc":{"start":{"line":44,"column":31},"end":{"line":73,"column":null}}},"5":{"name":"(anonymous_6)","decl":{"start":{"line":49,"column":33},"end":{"line":49,"column":39}},"loc":{"start":{"line":49,"column":39},"end":{"line":49,"column":null}}}},"branchMap":{"0":{"loc":{"start":{"line":26,"column":8},"end":{"line":26,"column":null}},"type":"if","locations":[{"start":{"line":26,"column":8},"end":{"line":26,"column":null}},{"start":{},"end":{}}]},"1":{"loc":{"start":{"line":40,"column":84},"end":{"line":40,"column":134}},"type":"cond-expr","locations":[{"start":{"line":40,"column":96},"end":{"line":40,"column":131}},{"start":{"line":40,"column":131},"end":{"line":40,"column":134}}]},"2":{"loc":{"start":{"line":54,"column":30},"end":{"line":56,"column":null}},"type":"cond-expr","locations":[{"start":{"line":55,"column":34},"end":{"line":55,"column":null}},{"start":{"line":56,"column":34},"end":{"line":56,"column":null}}]},"3":{"loc":{"start":{"line":63,"column":25},"end":{"line":63,"column":null}},"type":"binary-expr","locations":[{"start":{"line":63,"column":25},"end":{"line":63,"column":null}}]},"4":{"loc":{"start":{"line":76,"column":13},"end":{"line":76,"column":null}},"type":"binary-expr","locations":[{"start":{"line":76,"column":13},"end":{"line":76,"column":null}}]}},"s":{"0":60,"1":2,"2":2,"3":2,"4":2,"5":2,"6":2,"7":74,"8":74,"9":74,"10":74,"11":7,"12":1,"13":6,"14":6,"15":6,"16":74,"17":7,"18":7,"19":222,"20":222,"21":7},"f":{"0":74,"1":7,"2":7,"3":7,"4":222,"5":7},"b":{"0":[1,6],"1":[7,67],"2":[74,148],"3":[222],"4":[74]}}
,"/Users/ppmtrue/Documents/GitHub/SelenIT-Digital-Agency/src/components/ui/Logo.tsx": {"path":"/Users/ppmtrue/Documents/GitHub/SelenIT-Digital-Agency/src/components/ui/Logo.tsx","statementMap":{"0":{"start":{"line":44,"column":16},"end":{"line":44,"column":20}},"1":{"start":{"line":342,"column":16},"end":{"line":342,"column":24}},"2":{"start":{"line":3,"column":45},"end":{"line":3,"column":null}},"3":{"start":{"line":4,"column":36},"end":{"line":4,"column":null}},"4":{"start":{"line":5,"column":25},"end":{"line":5,"column":null}},"5":{"start":{"line":15,"column":20},"end":{"line":27,"column":null}},"6":{"start":{"line":30,"column":19},"end":{"line":42,"column":null}},"7":{"start":{"line":45,"column":38},"end":{"line":45,"column":null}},"8":{"start":{"line":46,"column":34},"end":{"line":46,"column":null}},"9":{"start":{"line":47,"column":21},"end":{"line":47,"column":null}},"10":{"start":{"line":48,"column":30},"end":{"line":48,"column":null}},"11":{"start":{"line":51,"column":19},"end":{"line":51,"column":null}},"12":{"start":{"line":53,"column":4},"end":{"line":55,"column":null}},"13":{"start":{"line":54,"column":8},"end":{"line":54,"column":null}},"14":{"start":{"line":57,"column":4},"end":{"line":65,"column":null}},"15":{"start":{"line":58,"column":8},"end":{"line":64,"column":null}},"16":{"start":{"line":59,"column":12},"end":{"line":63,"column":null}},"17":{"start":{"line":67,"column":27},"end":{"line":79,"column":null}},"18":{"start":{"line":69,"column":33},"end":{"line":78,"column":null}},"19":{"start":{"line":81,"column":24},"end":{"line":94,"column":null}},"20":{"start":{"line":99,"column":32},"end":{"line":99,"column":null}},"21":{"start":{"line":100,"column":30},"end":{"line":100,"column":null}},"22":{"start":{"line":252,"column":32},"end":{"line":253,"column":null}},"23":{"start":{"line":317,"column":32},"end":{"line":318,"column":null}},"24":{"start":{"line":343,"column":21},"end":{"line":343,"column":null}},"25":{"start":{"line":344,"column":34},"end":{"line":344,"column":null}},"26":{"start":{"line":345,"column":30},"end":{"line":345,"column":null}},"27":{"start":{"line":348,"column":19},"end":{"line":348,"column":null}},"28":{"start":{"line":350,"column":4},"end":{"line":352,"column":null}},"29":{"start":{"line":351,"column":8},"end":{"line":351,"column":null}},"30":{"start":{"line":354,"column":4},"end":{"line":362,"column":null}},"31":{"start":{"line":355,"column":8},"end":{"line":361,"column":null}},"32":{"start":{"line":356,"column":12},"end":{"line":360,"column":null}}},"fnMap":{"0":{"name":"Logo","decl":{"start":{"line":44,"column":16},"end":{"line":44,"column":20}},"loc":{"start":{"line":44,"column":95},"end":{"line":340,"column":null}}},"1":{"name":"(anonymous_4)","decl":{"start":{"line":53,"column":14},"end":{"line":53,"column":null}},"loc":{"start":{"line":53,"column":14},"end":{"line":55,"column":7}}},"2":{"name":"(anonymous_5)","decl":{"start":{"line":57,"column":14},"end":{"line":57,"column":null}},"loc":{"start":{"line":57,"column":14},"end":{"line":65,"column":7}}},"3":{"name":"(anonymous_6)","decl":{"start":{"line":69,"column":17},"end":{"line":69,"column":18}},"loc":{"start":{"line":69,"column":33},"end":{"line":78,"column":null}}},"4":{"name":"(anonymous_7)","decl":{"start":{"line":99,"column":26},"end":{"line":99,"column":32}},"loc":{"start":{"line":99,"column":32},"end":{"line":99,"column":null}}},"5":{"name":"(anonymous_8)","decl":{"start":{"line":100,"column":24},"end":{"line":100,"column":30}},"loc":{"start":{"line":100,"column":30},"end":{"line":100,"column":null}}},"6":{"name":"(anonymous_9)","decl":{"start":{"line":251,"column":51},"end":{"line":251,"column":52}},"loc":{"start":{"line":252,"column":32},"end":{"line":253,"column":null}}},"7":{"name":"(anonymous_10)","decl":{"start":{"line":316,"column":60},"end":{"line":316,"column":61}},"loc":{"start":{"line":317,"column":32},"end":{"line":318,"column":null}}},"8":{"name":"LogoMark","decl":{"start":{"line":342,"column":16},"end":{"line":342,"column":24}},"loc":{"start":{"line":342,"column":130},"end":{"line":495,"column":null}}},"9":{"name":"(anonymous_12)","decl":{"start":{"line":350,"column":14},"end":{"line":350,"column":null}},"loc":{"start":{"line":350,"column":14},"end":{"line":352,"column":7}}},"10":{"name":"(anonymous_13)","decl":{"start":{"line":354,"column":14},"end":{"line":354,"column":null}},"loc":{"start":{"line":354,"column":14},"end":{"line":362,"column":7}}}},"branchMap":{"0":{"loc":{"start":{"line":44,"column":23},"end":{"line":44,"column":37}},"type":"default-arg","locations":[{"start":{"line":44,"column":35},"end":{"line":44,"column":37}}]},"1":{"loc":{"start":{"line":44,"column":39},"end":{"line":44,"column":48}},"type":"default-arg","locations":[{"start":{"line":44,"column":46},"end":{"line":44,"column":48}}]},"2":{"loc":{"start":{"line":44,"column":50},"end":{"line":44,"column":65}},"type":"default-arg","locations":[{"start":{"line":44,"column":61},"end":{"line":44,"column":65}}]},"3":{"loc":{"start":{"line":44,"column":67},"end":{"line":44,"column":82}},"type":"default-arg","locations":[{"start":{"line":44,"column":78},"end":{"line":44,"column":82}}]},"4":{"loc":{"start":{"line":51,"column":19},"end":{"line":51,"column":null}},"type":"cond-expr","locations":[{"start":{"line":51,"column":30},"end":{"line":51,"column":85}},{"start":{"line":51,"column":85},"end":{"line":51,"column":null}}]},"5":{"loc":{"start":{"line":51,"column":30},"end":{"line":51,"column":85}},"type":"cond-expr","locations":[{"start":{"line":51,"column":57},"end":{"line":51,"column":70}},{"start":{"line":51,"column":70},"end":{"line":51,"column":85}}]},"6":{"loc":{"start":{"line":58,"column":8},"end":{"line":64,"column":null}},"type":"if","locations":[{"start":{"line":58,"column":8},"end":{"line":64,"column":null}},{"start":{},"end":{}}]},"7":{"loc":{"start":{"line":169,"column":33},"end":{"line":169,"column":null}},"type":"cond-expr","locations":[{"start":{"line":169,"column":44},"end":{"line":169,"column":64}},{"start":{"line":169,"column":64},"end":{"line":169,"column":null}}]},"8":{"loc":{"start":{"line":182,"column":33},"end":{"line":182,"column":null}},"type":"cond-expr","locations":[{"start":{"line":182,"column":44},"end":{"line":182,"column":76}},{"start":{"line":182,"column":76},"end":{"line":182,"column":null}}]},"9":{"loc":{"start":{"line":192,"column":32},"end":{"line":192,"column":null}},"type":"cond-expr","locations":[{"start":{"line":192,"column":44},"end":{"line":192,"column":69}},{"start":{"line":192,"column":69},"end":{"line":192,"column":null}}]},"10":{"loc":{"start":{"line":194,"column":33},"end":{"line":194,"column":null}},"type":"cond-expr","locations":[{"start":{"line":194,"column":44},"end":{"line":194,"column":55}},{"start":{"line":194,"column":55},"end":{"line":194,"column":null}}]},"11":{"loc":{"start":{"line":199,"column":21},"end":{"line":199,"column":null}},"type":"binary-expr","locations":[{"start":{"line":199,"column":21},"end":{"line":199,"column":null}}]},"12":{"loc":{"start":{"line":221,"column":21},"end":{"line":221,"column":null}},"type":"binary-expr","locations":[{"start":{"line":221,"column":21},"end":{"line":221,"column":null}}]},"13":{"loc":{"start":{"line":245,"column":13},"end":{"line":245,"column":null}},"type":"binary-expr","locations":[{"start":{"line":245,"column":13},"end":{"line":245,"column":null}}]},"14":{"loc":{"start":{"line":257,"column":45},"end":{"line":257,"column":null}},"type":"cond-expr","locations":[{"start":{"line":257,"column":56},"end":{"line":257,"column":67}},{"start":{"line":257,"column":67},"end":{"line":257,"column":null}}]},"15":{"loc":{"start":{"line":274,"column":37},"end":{"line":274,"column":null}},"type":"cond-expr","locations":[{"start":{"line":274,"column":48},"end":{"line":274,"column":89}},{"start":{"line":274,"column":89},"end":{"line":274,"column":null}}]},"16":{"loc":{"start":{"line":308,"column":37},"end":{"line":308,"column":null}},"type":"cond-expr","locations":[{"start":{"line":308,"column":48},"end":{"line":308,"column":65}},{"start":{"line":308,"column":65},"end":{"line":308,"column":null}}]},"17":{"loc":{"start":{"line":320,"column":45},"end":{"line":320,"column":null}},"type":"cond-expr","locations":[{"start":{"line":320,"column":56},"end":{"line":320,"column":73}},{"start":{"line":320,"column":73},"end":{"line":320,"column":null}}]},"18":{"loc":{"start":{"line":331,"column":37},"end":{"line":331,"column":null}},"type":"cond-expr","locations":[{"start":{"line":331,"column":52},"end":{"line":331,"column":63}},{"start":{"line":331,"column":63},"end":{"line":331,"column":null}}]},"19":{"loc":{"start":{"line":342,"column":27},"end":{"line":342,"column":36}},"type":"default-arg","locations":[{"start":{"line":342,"column":34},"end":{"line":342,"column":36}}]},"20":{"loc":{"start":{"line":342,"column":38},"end":{"line":342,"column":52}},"type":"default-arg","locations":[{"start":{"line":342,"column":50},"end":{"line":342,"column":52}}]},"21":{"loc":{"start":{"line":342,"column":54},"end":{"line":342,"column":69}},"type":"default-arg","locations":[{"start":{"line":342,"column":65},"end":{"line":342,"column":69}}]},"22":{"loc":{"start":{"line":348,"column":19},"end":{"line":348,"column":null}},"type":"cond-expr","locations":[{"start":{"line":348,"column":30},"end":{"line":348,"column":85}},{"start":{"line":348,"column":85},"end":{"line":348,"column":null}}]},"23":{"loc":{"start":{"line":348,"column":30},"end":{"line":348,"column":85}},"type":"cond-expr","locations":[{"start":{"line":348,"column":57},"end":{"line":348,"column":70}},{"start":{"line":348,"column":70},"end":{"line":348,"column":85}}]},"24":{"loc":{"start":{"line":355,"column":8},"end":{"line":361,"column":null}},"type":"if","locations":[{"start":{"line":355,"column":8},"end":{"line":361,"column":null}},{"start":{},"end":{}}]},"25":{"loc":{"start":{"line":421,"column":25},"end":{"line":421,"column":null}},"type":"cond-expr","locations":[{"start":{"line":421,"column":36},"end":{"line":421,"column":56}},{"start":{"line":421,"column":56},"end":{"line":421,"column":null}}]},"26":{"loc":{"start":{"line":434,"column":25},"end":{"line":434,"column":null}},"type":"cond-expr","locations":[{"start":{"line":434,"column":36},"end":{"line":434,"column":68}},{"start":{"line":434,"column":68},"end":{"line":434,"column":null}}]},"27":{"loc":{"start":{"line":444,"column":25},"end":{"line":444,"column":null}},"type":"cond-expr","locations":[{"start":{"line":444,"column":36},"end":{"line":444,"column":51}},{"start":{"line":444,"column":51},"end":{"line":444,"column":null}}]},"28":{"loc":{"start":{"line":455,"column":13},"end":{"line":455,"column":null}},"type":"binary-expr","locations":[{"start":{"line":455,"column":13},"end":{"line":455,"column":null}}]}},"s":{"0":34,"1":0,"2":1,"3":1,"4":1,"5":1,"6":1,"7":56,"8":56,"9":56,"10":56,"11":56,"12":56,"13":22,"14":56,"15":56,"16":56,"17":56,"18":0,"19":56,"20":0,"21":0,"22":280,"23":784,"24":0,"25":0,"26":0,"27":0,"28":0,"29":0,"30":0,"31":0,"32":0},"f":{"0":56,"1":22,"2":56,"3":0,"4":0,"5":0,"6":280,"7":784,"8":0,"9":0,"10":0},"b":{"0":[56],"1":[0],"2":[0],"3":[56],"4":[34,22],"5":[0,34],"6":[56,0],"7":[56,0],"8":[56,0],"9":[0,56],"10":[56,0],"11":[56],"12":[56],"13":[56],"14":[280,0],"15":[56,0],"16":[56,0],"17":[784,0],"18":[56,728],"19":[0],"20":[0],"21":[0],"22":[0,0],"23":[0,0],"24":[0,0],"25":[0,0],"26":[0,0],"27":[0,0],"28":[0]}}
,"/Users/ppmtrue/Documents/GitHub/SelenIT-Digital-Agency/src/components/ui/Reveal.tsx": {"path":"/Users/ppmtrue/Documents/GitHub/SelenIT-Digital-Agency/src/components/ui/Reveal.tsx","statementMap":{"0":{"start":{"line":50,"column":13},"end":{"line":50,"column":19}},"1":{"start":{"line":122,"column":13},"end":{"line":122,"column":24}},"2":{"start":{"line":90,"column":13},"end":{"line":90,"column":26}},"3":{"start":{"line":3,"column":44},"end":{"line":3,"column":null}},"4":{"start":{"line":4,"column":23},"end":{"line":4,"column":null}},"5":{"start":{"line":19,"column":52},"end":{"line":48,"column":null}},"6":{"start":{"line":50,"column":22},"end":{"line":80,"column":null}},"7":{"start":{"line":60,"column":16},"end":{"line":60,"column":null}},"8":{"start":{"line":61,"column":21},"end":{"line":61,"column":null}},"9":{"start":{"line":90,"column":29},"end":{"line":119,"column":null}},"10":{"start":{"line":96,"column":16},"end":{"line":96,"column":null}},"11":{"start":{"line":97,"column":21},"end":{"line":97,"column":null}},"12":{"start":{"line":99,"column":30},"end":{"line":106,"column":null}},"13":{"start":{"line":122,"column":27},"end":{"line":143,"column":null}}},"fnMap":{"0":{"name":"(anonymous_4)","decl":{"start":{"line":50,"column":22},"end":{"line":50,"column":23}},"loc":{"start":{"line":59,"column":14},"end":{"line":80,"column":null}}},"1":{"name":"(anonymous_5)","decl":{"start":{"line":90,"column":29},"end":{"line":90,"column":30}},"loc":{"start":{"line":95,"column":21},"end":{"line":119,"column":null}}},"2":{"name":"(anonymous_6)","decl":{"start":{"line":122,"column":27},"end":{"line":122,"column":28}},"loc":{"start":{"line":130,"column":1},"end":{"line":143,"column":null}}}},"branchMap":{"0":{"loc":{"start":{"line":52,"column":4},"end":{"line":52,"column":18}},"type":"default-arg","locations":[{"start":{"line":52,"column":12},"end":{"line":52,"column":18}}]},"1":{"loc":{"start":{"line":53,"column":4},"end":{"line":53,"column":13}},"type":"default-arg","locations":[{"start":{"line":53,"column":12},"end":{"line":53,"column":13}}]},"2":{"loc":{"start":{"line":54,"column":4},"end":{"line":54,"column":18}},"type":"default-arg","locations":[{"start":{"line":54,"column":15},"end":{"line":54,"column":18}}]},"3":{"loc":{"start":{"line":55,"column":4},"end":{"line":55,"column":25}},"type":"default-arg","locations":[{"start":{"line":55,"column":16},"end":{"line":55,"column":25}}]},"4":{"loc":{"start":{"line":56,"column":4},"end":{"line":56,"column":18}},"type":"default-arg","locations":[{"start":{"line":56,"column":16},"end":{"line":56,"column":18}}]},"5":{"loc":{"start":{"line":57,"column":4},"end":{"line":57,"column":15}},"type":"default-arg","locations":[{"start":{"line":57,"column":11},"end":{"line":57,"column":15}}]},"6":{"loc":{"start":{"line":58,"column":4},"end":{"line":58,"column":16}},"type":"default-arg","locations":[{"start":{"line":58,"column":13},"end":{"line":58,"column":16}}]},"7":{"loc":{"start":{"line":70,"column":21},"end":{"line":70,"column":null}},"type":"cond-expr","locations":[{"start":{"line":70,"column":32},"end":{"line":70,"column":44}},{"start":{"line":70,"column":44},"end":{"line":70,"column":null}}]},"8":{"loc":{"start":{"line":92,"column":4},"end":{"line":92,"column":18}},"type":"default-arg","locations":[{"start":{"line":92,"column":16},"end":{"line":92,"column":18}}]},"9":{"loc":{"start":{"line":93,"column":4},"end":{"line":93,"column":22}},"type":"default-arg","locations":[{"start":{"line":93,"column":19},"end":{"line":93,"column":22}}]},"10":{"loc":{"start":{"line":94,"column":4},"end":{"line":94,"column":25}},"type":"default-arg","locations":[{"start":{"line":94,"column":16},"end":{"line":94,"column":25}}]},"11":{"loc":{"start":{"line":114,"column":21},"end":{"line":114,"column":null}},"type":"cond-expr","locations":[{"start":{"line":114,"column":32},"end":{"line":114,"column":44}},{"start":{"line":114,"column":44},"end":{"line":114,"column":null}}]},"12":{"loc":{"start":{"line":124,"column":4},"end":{"line":124,"column":18}},"type":"default-arg","locations":[{"start":{"line":124,"column":16},"end":{"line":124,"column":18}}]},"13":{"loc":{"start":{"line":125,"column":4},"end":{"line":125,"column":25}},"type":"default-arg","locations":[{"start":{"line":125,"column":16},"end":{"line":125,"column":25}}]}},"s":{"0":0,"1":0,"2":0,"3":0,"4":0,"5":0,"6":0,"7":0,"8":0,"9":0,"10":0,"11":0,"12":0,"13":0},"f":{"0":0,"1":0,"2":0},"b":{"0":[0],"1":[0],"2":[0],"3":[0],"4":[0],"5":[0],"6":[0],"7":[0,0],"8":[0],"9":[0],"10":[0],"11":[0,0],"12":[0],"13":[0]}}
,"/Users/ppmtrue/Documents/GitHub/SelenIT-Digital-Agency/src/components/ui/ThemeToggle.tsx": {"path":"/Users/ppmtrue/Documents/GitHub/SelenIT-Digital-Agency/src/components/ui/ThemeToggle.tsx","statementMap":{"0":{"start":{"line":7,"column":16},"end":{"line":7,"column":null}},"1":{"start":{"line":3,"column":23},"end":{"line":3,"column":null}},"2":{"start":{"line":4,"column":25},"end":{"line":4,"column":null}},"3":{"start":{"line":5,"column":40},"end":{"line":5,"column":null}},"4":{"start":{"line":8,"column":32},"end":{"line":8,"column":null}},"5":{"start":{"line":9,"column":34},"end":{"line":9,"column":null}},"6":{"start":{"line":10,"column":38},"end":{"line":10,"column":null}},"7":{"start":{"line":12,"column":4},"end":{"line":14,"column":null}},"8":{"start":{"line":13,"column":8},"end":{"line":13,"column":null}},"9":{"start":{"line":16,"column":30},"end":{"line":27,"column":null}},"10":{"start":{"line":18,"column":8},"end":{"line":18,"column":null}},"11":{"start":{"line":21,"column":8},"end":{"line":21,"column":null}},"12":{"start":{"line":24,"column":8},"end":{"line":26,"column":null}},"13":{"start":{"line":25,"column":12},"end":{"line":25,"column":null}},"14":{"start":{"line":29,"column":4},"end":{"line":31,"column":null}},"15":{"start":{"line":33,"column":19},"end":{"line":33,"column":null}},"16":{"start":{"line":38,"column":32},"end":{"line":38,"column":null}},"17":{"start":{"line":39,"column":30},"end":{"line":39,"column":null}}},"fnMap":{"0":{"name":"ThemeToggle","decl":{"start":{"line":7,"column":16},"end":{"line":7,"column":null}},"loc":{"start":{"line":7,"column":16},"end":{"line":114,"column":null}}},"1":{"name":"(anonymous_5)","decl":{"start":{"line":12,"column":20},"end":{"line":12,"column":null}},"loc":{"start":{"line":12,"column":20},"end":{"line":14,"column":7}}},"2":{"name":"(anonymous_6)","decl":{"start":{"line":16,"column":30},"end":{"line":16,"column":null}},"loc":{"start":{"line":16,"column":30},"end":{"line":27,"column":null}}},"3":{"name":"(anonymous_7)","decl":{"start":{"line":24,"column":19},"end":{"line":24,"column":null}},"loc":{"start":{"line":24,"column":19},"end":{"line":26,"column":11}}},"4":{"name":"(anonymous_8)","decl":{"start":{"line":38,"column":26},"end":{"line":38,"column":32}},"loc":{"start":{"line":38,"column":32},"end":{"line":38,"column":null}}},"5":{"name":"(anonymous_9)","decl":{"start":{"line":39,"column":24},"end":{"line":39,"column":30}},"loc":{"start":{"line":39,"column":30},"end":{"line":39,"column":null}}}},"branchMap":{"0":{"loc":{"start":{"line":21,"column":17},"end":{"line":21,"column":null}},"type":"cond-expr","locations":[{"start":{"line":21,"column":36},"end":{"line":21,"column":46}},{"start":{"line":21,"column":46},"end":{"line":21,"column":null}}]},"1":{"loc":{"start":{"line":29,"column":4},"end":{"line":31,"column":null}},"type":"if","locations":[{"start":{"line":29,"column":4},"end":{"line":31,"column":null}},{"start":{},"end":{}}]},"2":{"loc":{"start":{"line":43,"column":37},"end":{"line":43,"column":63}},"type":"cond-expr","locations":[{"start":{"line":43,"column":46},"end":{"line":43,"column":56}},{"start":{"line":43,"column":56},"end":{"line":43,"column":63}}]},"3":{"loc":{"start":{"line":46,"column":17},"end":{"line":82,"column":null}},"type":"cond-expr","locations":[{"start":{"line":47,"column":20},"end":{"line":48,"column":null}},{"start":{"line":81,"column":20},"end":{"line":82,"column":null}}]},"4":{"loc":{"start":{"line":53,"column":36},"end":{"line":53,"column":null}},"type":"cond-expr","locations":[{"start":{"line":53,"column":48},"end":{"line":53,"column":54}},{"start":{"line":53,"column":54},"end":{"line":53,"column":null}}]},"5":{"loc":{"start":{"line":87,"column":36},"end":{"line":87,"column":null}},"type":"cond-expr","locations":[{"start":{"line":87,"column":48},"end":{"line":87,"column":54}},{"start":{"line":87,"column":54},"end":{"line":87,"column":null}}]}},"s":{"0":68,"1":1,"2":1,"3":1,"4":112,"5":112,"6":112,"7":112,"8":44,"9":112,"10":0,"11":0,"12":0,"13":0,"14":112,"15":68,"16":0,"17":0},"f":{"0":112,"1":44,"2":0,"3":0,"4":0,"5":0},"b":{"0":[0,0],"1":[44,68],"2":[0,68],"3":[0,68],"4":[0,0],"5":[0,68]}}
,"/Users/ppmtrue/Documents/GitHub/SelenIT-Digital-Agency/src/components/ui/TypeWriter.tsx": {"path":"/Users/ppmtrue/Documents/GitHub/SelenIT-Digital-Agency/src/components/ui/TypeWriter.tsx","statementMap":{"0":{"start":{"line":14,"column":16},"end":{"line":14,"column":27}},"1":{"start":{"line":3,"column":36},"end":{"line":3,"column":null}},"2":{"start":{"line":4,"column":40},"end":{"line":4,"column":null}},"3":{"start":{"line":21,"column":52},"end":{"line":21,"column":null}},"4":{"start":{"line":22,"column":42},"end":{"line":22,"column":null}},"5":{"start":{"line":23,"column":40},"end":{"line":23,"column":null}},"6":{"start":{"line":24,"column":36},"end":{"line":24,"column":null}},"7":{"start":{"line":26,"column":4},"end":{"line":57,"column":null}},"8":{"start":{"line":27,"column":28},"end":{"line":27,"column":51}},"9":{"start":{"line":29,"column":8},"end":{"line":35,"column":null}},"10":{"start":{"line":30,"column":33},"end":{"line":33,"column":null}},"11":{"start":{"line":31,"column":16},"end":{"line":31,"column":null}},"12":{"start":{"line":32,"column":16},"end":{"line":32,"column":null}},"13":{"start":{"line":34,"column":12},"end":{"line":34,"column":null}},"14":{"start":{"line":34,"column":25},"end":{"line":34,"column":null}},"15":{"start":{"line":37,"column":8},"end":{"line":56,"column":null}},"16":{"start":{"line":38,"column":12},"end":{"line":46,"column":null}},"17":{"start":{"line":39,"column":16},"end":{"line":39,"column":null}},"18":{"start":{"line":40,"column":16},"end":{"line":40,"column":null}},"19":{"start":{"line":40,"column":46},"end":{"line":40,"column":71}},"20":{"start":{"line":42,"column":32},"end":{"line":44,"column":null}},"21":{"start":{"line":43,"column":20},"end":{"line":43,"column":null}},"22":{"start":{"line":45,"column":16},"end":{"line":45,"column":null}},"23":{"start":{"line":45,"column":29},"end":{"line":45,"column":null}},"24":{"start":{"line":48,"column":12},"end":{"line":55,"column":null}},"25":{"start":{"line":49,"column":16},"end":{"line":49,"column":null}},"26":{"start":{"line":51,"column":32},"end":{"line":53,"column":null}},"27":{"start":{"line":52,"column":20},"end":{"line":52,"column":null}},"28":{"start":{"line":54,"column":16},"end":{"line":54,"column":null}},"29":{"start":{"line":54,"column":29},"end":{"line":54,"column":null}}},"fnMap":{"0":{"name":"TypeWriter","decl":{"start":{"line":14,"column":16},"end":{"line":14,"column":27}},"loc":{"start":{"line":20,"column":18},"end":{"line":73,"column":null}}},"1":{"name":"(anonymous_2)","decl":{"start":{"line":26,"column":14},"end":{"line":26,"column":null}},"loc":{"start":{"line":26,"column":14},"end":{"line":57,"column":7}}},"2":{"name":"(anonymous_3)","decl":{"start":{"line":30,"column":44},"end":{"line":30,"column":null}},"loc":{"start":{"line":30,"column":44},"end":{"line":33,"column":15}}},"3":{"name":"(anonymous_4)","decl":{"start":{"line":34,"column":19},"end":{"line":34,"column":25}},"loc":{"start":{"line":34,"column":25},"end":{"line":34,"column":null}}},"4":{"name":"(anonymous_5)","decl":{"start":{"line":40,"column":36},"end":{"line":40,"column":37}},"loc":{"start":{"line":40,"column":46},"end":{"line":40,"column":71}}},"5":{"name":"(anonymous_6)","decl":{"start":{"line":42,"column":43},"end":{"line":42,"column":null}},"loc":{"start":{"line":42,"column":43},"end":{"line":44,"column":19}}},"6":{"name":"(anonymous_7)","decl":{"start":{"line":45,"column":23},"end":{"line":45,"column":29}},"loc":{"start":{"line":45,"column":29},"end":{"line":45,"column":null}}},"7":{"name":"(anonymous_8)","decl":{"start":{"line":51,"column":43},"end":{"line":51,"column":null}},"loc":{"start":{"line":51,"column":43},"end":{"line":53,"column":19}}},"8":{"name":"(anonymous_9)","decl":{"start":{"line":54,"column":23},"end":{"line":54,"column":29}},"loc":{"start":{"line":54,"column":29},"end":{"line":54,"column":null}}}},"branchMap":{"0":{"loc":{"start":{"line":16,"column":4},"end":{"line":16,"column":18}},"type":"default-arg","locations":[{"start":{"line":16,"column":16},"end":{"line":16,"column":18}}]},"1":{"loc":{"start":{"line":17,"column":4},"end":{"line":17,"column":21}},"type":"default-arg","locations":[{"start":{"line":17,"column":18},"end":{"line":17,"column":21}}]},"2":{"loc":{"start":{"line":18,"column":4},"end":{"line":18,"column":22}},"type":"default-arg","locations":[{"start":{"line":18,"column":20},"end":{"line":18,"column":22}}]},"3":{"loc":{"start":{"line":19,"column":4},"end":{"line":19,"column":24}},"type":"default-arg","locations":[{"start":{"line":19,"column":20},"end":{"line":19,"column":24}}]},"4":{"loc":{"start":{"line":29,"column":8},"end":{"line":35,"column":null}},"type":"if","locations":[{"start":{"line":29,"column":8},"end":{"line":35,"column":null}},{"start":{},"end":{}}]},"5":{"loc":{"start":{"line":37,"column":8},"end":{"line":56,"column":null}},"type":"if","locations":[{"start":{"line":37,"column":8},"end":{"line":56,"column":null}},{"start":{"line":47,"column":15},"end":{"line":56,"column":null}}]},"6":{"loc":{"start":{"line":38,"column":12},"end":{"line":46,"column":null}},"type":"if","locations":[{"start":{"line":38,"column":12},"end":{"line":46,"column":null}},{"start":{"line":41,"column":19},"end":{"line":46,"column":null}}]},"7":{"loc":{"start":{"line":48,"column":12},"end":{"line":55,"column":null}},"type":"if","locations":[{"start":{"line":48,"column":12},"end":{"line":55,"column":null}},{"start":{"line":50,"column":19},"end":{"line":55,"column":null}}]}},"s":{"0":14,"1":1,"2":1,"3":81,"4":81,"5":81,"6":81,"7":81,"8":81,"9":81,"10":14,"11":6,"12":6,"13":14,"14":14,"15":67,"16":15,"17":5,"18":5,"19":5,"20":10,"21":9,"22":10,"23":10,"24":52,"25":14,"26":38,"27":33,"28":38,"29":38},"f":{"0":81,"1":81,"2":6,"3":14,"4":5,"5":9,"6":10,"7":33,"8":38},"b":{"0":[80],"1":[4],"2":[27],"3":[27],"4":[14,67],"5":[15,52],"6":[5,10],"7":[14,38]}}
,"/Users/ppmtrue/Documents/GitHub/SelenIT-Digital-Agency/src/components/ui/YouTubeEmbed.tsx": {"path":"/Users/ppmtrue/Documents/GitHub/SelenIT-Digital-Agency/src/components/ui/YouTubeEmbed.tsx","statementMap":{"0":{"start":{"line":9,"column":24},"end":{"line":9,"column":37}}},"fnMap":{"0":{"name":"YouTubeEmbed","decl":{"start":{"line":9,"column":24},"end":{"line":9,"column":37}},"loc":{"start":{"line":9,"column":115},"end":{"line":22,"column":null}}}},"branchMap":{"0":{"loc":{"start":{"line":9,"column":48},"end":{"line":9,"column":78}},"type":"default-arg","locations":[{"start":{"line":9,"column":56},"end":{"line":9,"column":78}}]},"1":{"loc":{"start":{"line":9,"column":80},"end":{"line":9,"column":94}},"type":"default-arg","locations":[{"start":{"line":9,"column":92},"end":{"line":9,"column":94}}]}},"s":{"0":0},"f":{"0":0},"b":{"0":[0],"1":[0]}}
}
