{"/Users/ppmtrue/Documents/GitHub/SelenIT-Digital-Agency/src/components/ContactForm.backup.tsx": {"path":"/Users/ppmtrue/Documents/GitHub/SelenIT-Digital-Agency/src/components/ContactForm.backup.tsx","statementMap":{"0":{"start":{"line":60,"column":24},"end":{"line":60,"column":36}},"1":{"start":{"line":3,"column":49},"end":{"line":3,"column":null}},"2":{"start":{"line":4,"column":40},"end":{"line":4,"column":null}},"3":{"start":{"line":58,"column":27},"end":{"line":58,"column":null}},"4":{"start":{"line":61,"column":38},"end":{"line":61,"column":null}},"5":{"start":{"line":62,"column":38},"end":{"line":71,"column":null}},"6":{"start":{"line":72,"column":32},"end":{"line":72,"column":null}},"7":{"start":{"line":73,"column":44},"end":{"line":73,"column":null}},"8":{"start":{"line":74,"column":42},"end":{"line":74,"column":null}},"9":{"start":{"line":75,"column":42},"end":{"line":75,"column":null}},"10":{"start":{"line":76,"column":50},"end":{"line":76,"column":null}},"11":{"start":{"line":79,"column":4},"end":{"line":97,"column":null}},"12":{"start":{"line":80,"column":8},"end":{"line":96,"column":null}},"13":{"start":{"line":81,"column":27},"end":{"line":81,"column":null}},"14":{"start":{"line":82,"column":12},"end":{"line":82,"column":null}},"15":{"start":{"line":83,"column":12},"end":{"line":83,"column":null}},"16":{"start":{"line":84,"column":12},"end":{"line":84,"column":null}},"17":{"start":{"line":85,"column":12},"end":{"line":85,"column":null}},"18":{"start":{"line":86,"column":12},"end":{"line":90,"column":null}},"19":{"start":{"line":87,"column":16},"end":{"line":89,"column":null}},"20":{"start":{"line":88,"column":20},"end":{"line":88,"column":null}},"21":{"start":{"line":91,"column":12},"end":{"line":91,"column":null}},"22":{"start":{"line":92,"column":15},"end":{"line":96,"column":null}},"23":{"start":{"line":93,"column":12},"end":{"line":95,"column":null}},"24":{"start":{"line":94,"column":16},"end":{"line":94,"column":null}},"25":{"start":{"line":99,"column":30},"end":{"line":112,"column":null}},"26":{"start":{"line":100,"column":8},"end":{"line":102,"column":null}},"27":{"start":{"line":101,"column":12},"end":{"line":101,"column":null}},"28":{"start":{"line":103,"column":8},"end":{"line":111,"column":null}},"29":{"start":{"line":104,"column":26},"end":{"line":106,"column":null}},"30":{"start":{"line":107,"column":12},"end":{"line":107,"column":null}},"31":{"start":{"line":109,"column":12},"end":{"line":109,"column":null}},"32":{"start":{"line":110,"column":12},"end":{"line":110,"column":null}},"33":{"start":{"line":114,"column":21},"end":{"line":167,"column":null}},"34":{"start":{"line":115,"column":38},"end":{"line":115,"column":null}},"35":{"start":{"line":116,"column":8},"end":{"line":122,"column":null}},"36":{"start":{"line":117,"column":12},"end":{"line":122,"column":null}},"37":{"start":{"line":124,"column":8},"end":{"line":163,"column":null}},"38":{"start":{"line":125,"column":12},"end":{"line":139,"column":null}},"39":{"start":{"line":126,"column":16},"end":{"line":131,"column":null}},"40":{"start":{"line":132,"column":19},"end":{"line":139,"column":null}},"41":{"start":{"line":133,"column":16},"end":{"line":138,"column":null}},"42":{"start":{"line":140,"column":12},"end":{"line":146,"column":null}},"43":{"start":{"line":141,"column":16},"end":{"line":146,"column":null}},"44":{"start":{"line":147,"column":12},"end":{"line":153,"column":null}},"45":{"start":{"line":148,"column":16},"end":{"line":153,"column":null}},"46":{"start":{"line":155,"column":12},"end":{"line":162,"column":null}},"47":{"start":{"line":156,"column":16},"end":{"line":161,"column":null}},"48":{"start":{"line":165,"column":8},"end":{"line":165,"column":null}},"49":{"start":{"line":166,"column":8},"end":{"line":166,"column":null}},"50":{"start":{"line":169,"column":25},"end":{"line":244,"column":null}},"51":{"start":{"line":170,"column":8},"end":{"line":170,"column":null}},"52":{"start":{"line":171,"column":8},"end":{"line":171,"column":null}},"53":{"start":{"line":174,"column":8},"end":{"line":178,"column":null}},"54":{"start":{"line":175,"column":12},"end":{"line":175,"column":null}},"55":{"start":{"line":176,"column":12},"end":{"line":176,"column":34}},"56":{"start":{"line":177,"column":12},"end":{"line":177,"column":null}},"57":{"start":{"line":180,"column":8},"end":{"line":180,"column":null}},"58":{"start":{"line":180,"column":25},"end":{"line":180,"column":null}},"59":{"start":{"line":182,"column":8},"end":{"line":182,"column":null}},"60":{"start":{"line":184,"column":8},"end":{"line":243,"column":null}},"61":{"start":{"line":186,"column":35},"end":{"line":186,"column":null}},"62":{"start":{"line":189,"column":12},"end":{"line":193,"column":null}},"63":{"start":{"line":190,"column":16},"end":{"line":191,"column":null}},"64":{"start":{"line":196,"column":16},"end":{"line":198,"column":191}},"65":{"start":{"line":201,"column":29},"end":{"line":213,"column":null}},"66":{"start":{"line":215,"column":25},"end":{"line":215,"column":null}},"67":{"start":{"line":217,"column":12},"end":{"line":219,"column":null}},"68":{"start":{"line":218,"column":16},"end":{"line":218,"column":null}},"69":{"start":{"line":221,"column":12},"end":{"line":221,"column":null}},"70":{"start":{"line":222,"column":12},"end":{"line":231,"column":null}},"71":{"start":{"line":233,"column":12},"end":{"line":233,"column":null}},"72":{"start":{"line":234,"column":12},"end":{"line":239,"column":null}},"73":{"start":{"line":242,"column":12},"end":{"line":242,"column":null}},"74":{"start":{"line":246,"column":25},"end":{"line":259,"column":null}},"75":{"start":{"line":249,"column":32},"end":{"line":249,"column":40}},"76":{"start":{"line":250,"column":8},"end":{"line":253,"column":null}},"77":{"start":{"line":250,"column":32},"end":{"line":253,"column":null}},"78":{"start":{"line":255,"column":8},"end":{"line":257,"column":null}},"79":{"start":{"line":256,"column":12},"end":{"line":256,"column":null}},"80":{"start":{"line":256,"column":33},"end":{"line":256,"column":null}},"81":{"start":{"line":258,"column":8},"end":{"line":258,"column":null}},"82":{"start":{"line":299,"column":39},"end":{"line":299,"column":null}},"83":{"start":{"line":322,"column":43},"end":{"line":322,"column":null}},"84":{"start":{"line":333,"column":43},"end":{"line":333,"column":null}},"85":{"start":{"line":532,"column":48},"end":{"line":533,"column":null}},"86":{"start":{"line":603,"column":52},"end":{"line":604,"column":null}}},"fnMap":{"0":{"name":"ContactForm","decl":{"start":{"line":60,"column":24},"end":{"line":60,"column":36}},"loc":{"start":{"line":60,"column":68},"end":{"line":816,"column":null}}},"1":{"name":"(anonymous_2)","decl":{"start":{"line":79,"column":14},"end":{"line":79,"column":null}},"loc":{"start":{"line":79,"column":14},"end":{"line":97,"column":7}}},"2":{"name":"(anonymous_3)","decl":{"start":{"line":86,"column":28},"end":{"line":86,"column":null}},"loc":{"start":{"line":86,"column":28},"end":{"line":90,"column":null}}},"3":{"name":"(anonymous_4)","decl":{"start":{"line":87,"column":40},"end":{"line":87,"column":null}},"loc":{"start":{"line":87,"column":40},"end":{"line":89,"column":null}}},"4":{"name":"(anonymous_5)","decl":{"start":{"line":93,"column":36},"end":{"line":93,"column":null}},"loc":{"start":{"line":93,"column":36},"end":{"line":95,"column":null}}},"5":{"name":"(anonymous_6)","decl":{"start":{"line":99,"column":42},"end":{"line":99,"column":null}},"loc":{"start":{"line":99,"column":42},"end":{"line":112,"column":7}}},"6":{"name":"(anonymous_7)","decl":{"start":{"line":114,"column":21},"end":{"line":114,"column":null}},"loc":{"start":{"line":114,"column":21},"end":{"line":167,"column":null}}},"7":{"name":"(anonymous_8)","decl":{"start":{"line":169,"column":25},"end":{"line":169,"column":32}},"loc":{"start":{"line":169,"column":32},"end":{"line":244,"column":null}}},"8":{"name":"(anonymous_9)","decl":{"start":{"line":246,"column":25},"end":{"line":246,"column":null}},"loc":{"start":{"line":247,"column":8},"end":{"line":259,"column":null}}},"9":{"name":"(anonymous_10)","decl":{"start":{"line":250,"column":21},"end":{"line":250,"column":22}},"loc":{"start":{"line":250,"column":32},"end":{"line":253,"column":null}}},"10":{"name":"(anonymous_11)","decl":{"start":{"line":256,"column":22},"end":{"line":256,"column":23}},"loc":{"start":{"line":256,"column":33},"end":{"line":256,"column":null}}},"11":{"name":"(anonymous_12)","decl":{"start":{"line":299,"column":33},"end":{"line":299,"column":39}},"loc":{"start":{"line":299,"column":39},"end":{"line":299,"column":null}}},"12":{"name":"(anonymous_13)","decl":{"start":{"line":322,"column":37},"end":{"line":322,"column":43}},"loc":{"start":{"line":322,"column":43},"end":{"line":322,"column":null}}},"13":{"name":"(anonymous_14)","decl":{"start":{"line":333,"column":37},"end":{"line":333,"column":43}},"loc":{"start":{"line":333,"column":43},"end":{"line":333,"column":null}}},"14":{"name":"(anonymous_15)","decl":{"start":{"line":531,"column":69},"end":{"line":531,"column":70}},"loc":{"start":{"line":532,"column":48},"end":{"line":533,"column":null}}},"15":{"name":"(anonymous_16)","decl":{"start":{"line":602,"column":72},"end":{"line":602,"column":73}},"loc":{"start":{"line":603,"column":52},"end":{"line":604,"column":null}}}},"branchMap":{"0":{"loc":{"start":{"line":58,"column":27},"end":{"line":58,"column":null}},"type":"binary-expr","locations":[{"start":{"line":58,"column":27},"end":{"line":58,"column":69}},{"start":{"line":58,"column":73},"end":{"line":58,"column":null}}]},"1":{"loc":{"start":{"line":80,"column":8},"end":{"line":96,"column":null}},"type":"if","locations":[{"start":{"line":80,"column":8},"end":{"line":96,"column":null}},{"start":{"line":92,"column":15},"end":{"line":96,"column":null}}]},"2":{"loc":{"start":{"line":80,"column":12},"end":{"line":80,"column":91}},"type":"binary-expr","locations":[{"start":{"line":80,"column":12},"end":{"line":80,"column":45}},{"start":{"line":80,"column":45},"end":{"line":80,"column":91}}]},"3":{"loc":{"start":{"line":92,"column":15},"end":{"line":96,"column":null}},"type":"if","locations":[{"start":{"line":92,"column":15},"end":{"line":96,"column":null}},{"start":{},"end":{}}]},"4":{"loc":{"start":{"line":92,"column":19},"end":{"line":92,"column":69}},"type":"binary-expr","locations":[{"start":{"line":92,"column":19},"end":{"line":92,"column":52}},{"start":{"line":92,"column":52},"end":{"line":92,"column":69}}]},"5":{"loc":{"start":{"line":100,"column":8},"end":{"line":102,"column":null}},"type":"if","locations":[{"start":{"line":100,"column":8},"end":{"line":102,"column":null}},{"start":{},"end":{}}]},"6":{"loc":{"start":{"line":100,"column":12},"end":{"line":100,"column":50}},"type":"binary-expr","locations":[{"start":{"line":100,"column":12},"end":{"line":100,"column":32}},{"start":{"line":100,"column":32},"end":{"line":100,"column":50}}]},"7":{"loc":{"start":{"line":116,"column":8},"end":{"line":122,"column":null}},"type":"if","locations":[{"start":{"line":116,"column":8},"end":{"line":122,"column":null}},{"start":{},"end":{}}]},"8":{"loc":{"start":{"line":118,"column":16},"end":{"line":122,"column":null}},"type":"cond-expr","locations":[{"start":{"line":119,"column":22},"end":{"line":119,"column":null}},{"start":{"line":120,"column":22},"end":{"line":122,"column":null}}]},"9":{"loc":{"start":{"line":120,"column":22},"end":{"line":122,"column":null}},"type":"cond-expr","locations":[{"start":{"line":121,"column":24},"end":{"line":121,"column":null}},{"start":{"line":122,"column":24},"end":{"line":122,"column":null}}]},"10":{"loc":{"start":{"line":124,"column":8},"end":{"line":163,"column":null}},"type":"if","locations":[{"start":{"line":124,"column":8},"end":{"line":163,"column":null}},{"start":{"line":154,"column":15},"end":{"line":163,"column":null}}]},"11":{"loc":{"start":{"line":125,"column":12},"end":{"line":139,"column":null}},"type":"if","locations":[{"start":{"line":125,"column":12},"end":{"line":139,"column":null}},{"start":{"line":132,"column":19},"end":{"line":139,"column":null}}]},"12":{"loc":{"start":{"line":127,"column":20},"end":{"line":131,"column":null}},"type":"cond-expr","locations":[{"start":{"line":128,"column":26},"end":{"line":128,"column":null}},{"start":{"line":129,"column":26},"end":{"line":131,"column":null}}]},"13":{"loc":{"start":{"line":129,"column":26},"end":{"line":131,"column":null}},"type":"cond-expr","locations":[{"start":{"line":130,"column":28},"end":{"line":130,"column":null}},{"start":{"line":131,"column":28},"end":{"line":131,"column":null}}]},"14":{"loc":{"start":{"line":132,"column":19},"end":{"line":139,"column":null}},"type":"if","locations":[{"start":{"line":132,"column":19},"end":{"line":139,"column":null}},{"start":{},"end":{}}]},"15":{"loc":{"start":{"line":134,"column":20},"end":{"line":138,"column":null}},"type":"cond-expr","locations":[{"start":{"line":135,"column":26},"end":{"line":135,"column":null}},{"start":{"line":136,"column":26},"end":{"line":138,"column":null}}]},"16":{"loc":{"start":{"line":136,"column":26},"end":{"line":138,"column":null}},"type":"cond-expr","locations":[{"start":{"line":137,"column":28},"end":{"line":137,"column":null}},{"start":{"line":138,"column":28},"end":{"line":138,"column":null}}]},"17":{"loc":{"start":{"line":140,"column":12},"end":{"line":146,"column":null}},"type":"if","locations":[{"start":{"line":140,"column":12},"end":{"line":146,"column":null}},{"start":{},"end":{}}]},"18":{"loc":{"start":{"line":142,"column":20},"end":{"line":146,"column":null}},"type":"cond-expr","locations":[{"start":{"line":143,"column":26},"end":{"line":143,"column":null}},{"start":{"line":144,"column":26},"end":{"line":146,"column":null}}]},"19":{"loc":{"start":{"line":144,"column":26},"end":{"line":146,"column":null}},"type":"cond-expr","locations":[{"start":{"line":145,"column":28},"end":{"line":145,"column":null}},{"start":{"line":146,"column":28},"end":{"line":146,"column":null}}]},"20":{"loc":{"start":{"line":147,"column":12},"end":{"line":153,"column":null}},"type":"if","locations":[{"start":{"line":147,"column":12},"end":{"line":153,"column":null}},{"start":{},"end":{}}]},"21":{"loc":{"start":{"line":149,"column":20},"end":{"line":153,"column":null}},"type":"cond-expr","locations":[{"start":{"line":150,"column":26},"end":{"line":150,"column":null}},{"start":{"line":151,"column":26},"end":{"line":153,"column":null}}]},"22":{"loc":{"start":{"line":151,"column":26},"end":{"line":153,"column":null}},"type":"cond-expr","locations":[{"start":{"line":152,"column":28},"end":{"line":152,"column":null}},{"start":{"line":153,"column":28},"end":{"line":153,"column":null}}]},"23":{"loc":{"start":{"line":155,"column":12},"end":{"line":162,"column":null}},"type":"if","locations":[{"start":{"line":155,"column":12},"end":{"line":162,"column":null}},{"start":{},"end":{}}]},"24":{"loc":{"start":{"line":157,"column":20},"end":{"line":161,"column":null}},"type":"cond-expr","locations":[{"start":{"line":158,"column":26},"end":{"line":158,"column":null}},{"start":{"line":159,"column":26},"end":{"line":161,"column":null}}]},"25":{"loc":{"start":{"line":159,"column":26},"end":{"line":161,"column":null}},"type":"cond-expr","locations":[{"start":{"line":160,"column":28},"end":{"line":160,"column":null}},{"start":{"line":161,"column":28},"end":{"line":161,"column":null}}]},"26":{"loc":{"start":{"line":174,"column":8},"end":{"line":178,"column":null}},"type":"if","locations":[{"start":{"line":174,"column":8},"end":{"line":178,"column":null}},{"start":{},"end":{}}]},"27":{"loc":{"start":{"line":180,"column":8},"end":{"line":180,"column":null}},"type":"if","locations":[{"start":{"line":180,"column":8},"end":{"line":180,"column":null}},{"start":{},"end":{}}]},"28":{"loc":{"start":{"line":189,"column":12},"end":{"line":193,"column":null}},"type":"if","locations":[{"start":{"line":189,"column":12},"end":{"line":193,"column":null}},{"start":{},"end":{}}]},"29":{"loc":{"start":{"line":196,"column":16},"end":{"line":198,"column":191}},"type":"cond-expr","locations":[{"start":{"line":197,"column":22},"end":{"line":197,"column":140}},{"start":{"line":198,"column":22},"end":{"line":198,"column":191}}]},"30":{"loc":{"start":{"line":197,"column":79},"end":{"line":197,"column":115}},"type":"binary-expr","locations":[{"start":{"line":197,"column":79},"end":{"line":197,"column":95}},{"start":{"line":197,"column":99},"end":{"line":197,"column":115}}]},"31":{"loc":{"start":{"line":198,"column":99},"end":{"line":198,"column":136}},"type":"binary-expr","locations":[{"start":{"line":198,"column":99},"end":{"line":198,"column":116}},{"start":{"line":198,"column":120},"end":{"line":198,"column":136}}]},"32":{"loc":{"start":{"line":198,"column":149},"end":{"line":198,"column":191}},"type":"binary-expr","locations":[{"start":{"line":198,"column":149},"end":{"line":198,"column":166}},{"start":{"line":198,"column":170},"end":{"line":198,"column":191}}]},"33":{"loc":{"start":{"line":208,"column":27},"end":{"line":208,"column":null}},"type":"cond-expr","locations":[{"start":{"line":208,"column":53},"end":{"line":208,"column":68}},{"start":{"line":208,"column":71},"end":{"line":208,"column":null}}]},"34":{"loc":{"start":{"line":217,"column":12},"end":{"line":219,"column":null}},"type":"if","locations":[{"start":{"line":217,"column":12},"end":{"line":219,"column":null}},{"start":{},"end":{}}]},"35":{"loc":{"start":{"line":218,"column":32},"end":{"line":218,"column":null}},"type":"binary-expr","locations":[{"start":{"line":218,"column":32},"end":{"line":218,"column":42}},{"start":{"line":218,"column":46},"end":{"line":218,"column":null}}]},"36":{"loc":{"start":{"line":235,"column":16},"end":{"line":239,"column":null}},"type":"cond-expr","locations":[{"start":{"line":236,"column":22},"end":{"line":236,"column":null}},{"start":{"line":237,"column":22},"end":{"line":239,"column":null}}]},"37":{"loc":{"start":{"line":237,"column":22},"end":{"line":239,"column":null}},"type":"cond-expr","locations":[{"start":{"line":238,"column":24},"end":{"line":238,"column":null}},{"start":{"line":239,"column":24},"end":{"line":239,"column":null}}]},"38":{"loc":{"start":{"line":255,"column":8},"end":{"line":257,"column":null}},"type":"if","locations":[{"start":{"line":255,"column":8},"end":{"line":257,"column":null}},{"start":{},"end":{}}]},"39":{"loc":{"start":{"line":267,"column":16},"end":{"line":307,"column":17}},"type":"cond-expr","locations":[{"start":{"line":267,"column":16},"end":{"line":307,"column":17}}]},"40":{"loc":{"start":{"line":291,"column":25},"end":{"line":291,"column":96}},"type":"cond-expr","locations":[{"start":{"line":291,"column":51},"end":{"line":291,"column":68}},{"start":{"line":291,"column":71},"end":{"line":291,"column":96}}]},"41":{"loc":{"start":{"line":294,"column":25},"end":{"line":296,"column":58}},"type":"cond-expr","locations":[{"start":{"line":295,"column":30},"end":{"line":295,"column":50}},{"start":{"line":296,"column":30},"end":{"line":296,"column":58}}]},"42":{"loc":{"start":{"line":315,"column":35},"end":{"line":315,"column":null}},"type":"cond-expr","locations":[{"start":{"line":315,"column":61},"end":{"line":315,"column":68}},{"start":{"line":315,"column":68},"end":{"line":315,"column":null}}]},"43":{"loc":{"start":{"line":324,"column":32},"end":{"line":326,"column":null}},"type":"cond-expr","locations":[{"start":{"line":325,"column":38},"end":{"line":325,"column":null}},{"start":{"line":326,"column":38},"end":{"line":326,"column":null}}]},"44":{"loc":{"start":{"line":335,"column":32},"end":{"line":337,"column":null}},"type":"cond-expr","locations":[{"start":{"line":336,"column":38},"end":{"line":336,"column":null}},{"start":{"line":337,"column":38},"end":{"line":337,"column":null}}]},"45":{"loc":{"start":{"line":385,"column":44},"end":{"line":387,"column":null}},"type":"cond-expr","locations":[{"start":{"line":386,"column":50},"end":{"line":386,"column":null}},{"start":{"line":387,"column":50},"end":{"line":387,"column":null}}]},"46":{"loc":{"start":{"line":391,"column":37},"end":{"line":391,"column":48}},"type":"binary-expr","locations":[{"start":{"line":391,"column":37},"end":{"line":391,"column":48}}]},"47":{"loc":{"start":{"line":411,"column":36},"end":{"line":449,"column":37}},"type":"cond-expr","locations":[{"start":{"line":411,"column":36},"end":{"line":449,"column":37}}]},"48":{"loc":{"start":{"line":425,"column":48},"end":{"line":427,"column":null}},"type":"cond-expr","locations":[{"start":{"line":426,"column":54},"end":{"line":426,"column":null}},{"start":{"line":427,"column":54},"end":{"line":427,"column":null}}]},"49":{"loc":{"start":{"line":431,"column":41},"end":{"line":431,"column":53}},"type":"binary-expr","locations":[{"start":{"line":431,"column":41},"end":{"line":431,"column":53}}]},"50":{"loc":{"start":{"line":463,"column":48},"end":{"line":465,"column":null}},"type":"cond-expr","locations":[{"start":{"line":464,"column":54},"end":{"line":464,"column":null}},{"start":{"line":465,"column":54},"end":{"line":465,"column":null}}]},"51":{"loc":{"start":{"line":469,"column":41},"end":{"line":469,"column":53}},"type":"binary-expr","locations":[{"start":{"line":469,"column":41},"end":{"line":469,"column":53}}]},"52":{"loc":{"start":{"line":512,"column":41},"end":{"line":512,"column":null}},"type":"binary-expr","locations":[{"start":{"line":512,"column":41},"end":{"line":512,"column":null}}]},"53":{"loc":{"start":{"line":523,"column":48},"end":{"line":525,"column":null}},"type":"cond-expr","locations":[{"start":{"line":524,"column":54},"end":{"line":524,"column":null}},{"start":{"line":525,"column":54},"end":{"line":525,"column":null}}]},"54":{"loc":{"start":{"line":557,"column":37},"end":{"line":557,"column":51}},"type":"binary-expr","locations":[{"start":{"line":557,"column":37},"end":{"line":557,"column":51}}]},"55":{"loc":{"start":{"line":575,"column":33},"end":{"line":575,"column":null}},"type":"binary-expr","locations":[{"start":{"line":575,"column":33},"end":{"line":575,"column":null}}]},"56":{"loc":{"start":{"line":636,"column":41},"end":{"line":640,"column":68}},"type":"cond-expr","locations":[{"start":{"line":637,"column":46},"end":{"line":637,"column":58}},{"start":{"line":638,"column":46},"end":{"line":640,"column":68}}]},"57":{"loc":{"start":{"line":638,"column":46},"end":{"line":640,"column":68}},"type":"cond-expr","locations":[{"start":{"line":639,"column":48},"end":{"line":639,"column":null}},{"start":{"line":640,"column":48},"end":{"line":640,"column":68}}]},"58":{"loc":{"start":{"line":641,"column":41},"end":{"line":641,"column":null}},"type":"binary-expr","locations":[{"start":{"line":641,"column":41},"end":{"line":641,"column":null}}]},"59":{"loc":{"start":{"line":648,"column":46},"end":{"line":648,"column":null}},"type":"cond-expr","locations":[{"start":{"line":648,"column":72},"end":{"line":648,"column":76}},{"start":{"line":648,"column":76},"end":{"line":648,"column":null}}]},"60":{"loc":{"start":{"line":652,"column":44},"end":{"line":654,"column":null}},"type":"cond-expr","locations":[{"start":{"line":653,"column":50},"end":{"line":653,"column":null}},{"start":{"line":654,"column":50},"end":{"line":654,"column":null}}]},"61":{"loc":{"start":{"line":657,"column":44},"end":{"line":661,"column":null}},"type":"cond-expr","locations":[{"start":{"line":658,"column":50},"end":{"line":658,"column":73}},{"start":{"line":659,"column":50},"end":{"line":661,"column":null}}]},"62":{"loc":{"start":{"line":659,"column":50},"end":{"line":661,"column":null}},"type":"cond-expr","locations":[{"start":{"line":660,"column":52},"end":{"line":660,"column":null}},{"start":{"line":661,"column":52},"end":{"line":661,"column":null}}]},"63":{"loc":{"start":{"line":664,"column":37},"end":{"line":664,"column":51}},"type":"binary-expr","locations":[{"start":{"line":664,"column":37},"end":{"line":664,"column":51}}]},"64":{"loc":{"start":{"line":684,"column":25},"end":{"line":684,"column":null}},"type":"binary-expr","locations":[{"start":{"line":684,"column":25},"end":{"line":684,"column":null}}]},"65":{"loc":{"start":{"line":717,"column":36},"end":{"line":742,"column":null}},"type":"cond-expr","locations":[{"start":{"line":717,"column":36},"end":{"line":742,"column":null}}]},"66":{"loc":{"start":{"line":744,"column":45},"end":{"line":748,"column":null}},"type":"cond-expr","locations":[{"start":{"line":745,"column":50},"end":{"line":745,"column":61}},{"start":{"line":746,"column":50},"end":{"line":748,"column":null}}]},"67":{"loc":{"start":{"line":746,"column":50},"end":{"line":748,"column":null}},"type":"cond-expr","locations":[{"start":{"line":747,"column":52},"end":{"line":747,"column":null}},{"start":{"line":748,"column":52},"end":{"line":748,"column":null}}]},"68":{"loc":{"start":{"line":776,"column":37},"end":{"line":780,"column":null}},"type":"cond-expr","locations":[{"start":{"line":777,"column":42},"end":{"line":777,"column":null}},{"start":{"line":778,"column":42},"end":{"line":780,"column":null}}]},"69":{"loc":{"start":{"line":778,"column":42},"end":{"line":780,"column":null}},"type":"cond-expr","locations":[{"start":{"line":779,"column":44},"end":{"line":779,"column":null}},{"start":{"line":780,"column":44},"end":{"line":780,"column":null}}]},"70":{"loc":{"start":{"line":789,"column":41},"end":{"line":793,"column":null}},"type":"cond-expr","locations":[{"start":{"line":790,"column":46},"end":{"line":790,"column":null}},{"start":{"line":791,"column":46},"end":{"line":793,"column":null}}]},"71":{"loc":{"start":{"line":791,"column":46},"end":{"line":793,"column":null}},"type":"cond-expr","locations":[{"start":{"line":792,"column":48},"end":{"line":792,"column":null}},{"start":{"line":793,"column":48},"end":{"line":793,"column":null}}]},"72":{"loc":{"start":{"line":802,"column":41},"end":{"line":806,"column":null}},"type":"cond-expr","locations":[{"start":{"line":803,"column":46},"end":{"line":803,"column":null}},{"start":{"line":804,"column":46},"end":{"line":806,"column":null}}]},"73":{"loc":{"start":{"line":804,"column":46},"end":{"line":806,"column":null}},"type":"cond-expr","locations":[{"start":{"line":805,"column":48},"end":{"line":805,"column":null}},{"start":{"line":806,"column":48},"end":{"line":806,"column":null}}]}},"s":{"0":0,"1":0,"2":0,"3":0,"4":0,"5":0,"6":0,"7":0,"8":0,"9":0,"10":0,"11":0,"12":0,"13":0,"14":0,"15":0,"16":0,"17":0,"18":0,"19":0,"20":0,"21":0,"22":0,"23":0,"24":0,"25":0,"26":0,"27":0,"28":0,"29":0,"30":0,"31":0,"32":0,"33":0,"34":0,"35":0,"36":0,"37":0,"38":0,"39":0,"40":0,"41":0,"42":0,"43":0,"44":0,"45":0,"46":0,"47":0,"48":0,"49":0,"50":0,"51":0,"52":0,"53":0,"54":0,"55":0,"56":0,"57":0,"58":0,"59":0,"60":0,"61":0,"62":0,"63":0,"64":0,"65":0,"66":0,"67":0,"68":0,"69":0,"70":0,"71":0,"72":0,"73":0,"74":0,"75":0,"76":0,"77":0,"78":0,"79":0,"80":0,"81":0,"82":0,"83":0,"84":0,"85":0,"86":0},"f":{"0":0,"1":0,"2":0,"3":0,"4":0,"5":0,"6":0,"7":0,"8":0,"9":0,"10":0,"11":0,"12":0,"13":0,"14":0,"15":0},"b":{"0":[0,0],"1":[0,0],"2":[0,0],"3":[0,0],"4":[0,0],"5":[0,0],"6":[0,0],"7":[0,0],"8":[0,0],"9":[0,0],"10":[0,0],"11":[0,0],"12":[0,0],"13":[0,0],"14":[0,0],"15":[0,0],"16":[0,0],"17":[0,0],"18":[0,0],"19":[0,0],"20":[0,0],"21":[0,0],"22":[0,0],"23":[0,0],"24":[0,0],"25":[0,0],"26":[0,0],"27":[0,0],"28":[0,0],"29":[0,0],"30":[0,0],"31":[0,0],"32":[0,0],"33":[0,0],"34":[0,0],"35":[0,0],"36":[0,0],"37":[0,0],"38":[0,0],"39":[0],"40":[0,0],"41":[0,0],"42":[0,0],"43":[0,0],"44":[0,0],"45":[0,0],"46":[0],"47":[0],"48":[0,0],"49":[0],"50":[0,0],"51":[0],"52":[0],"53":[0,0],"54":[0],"55":[0],"56":[0,0],"57":[0,0],"58":[0],"59":[0,0],"60":[0,0],"61":[0,0],"62":[0,0],"63":[0],"64":[0],"65":[0],"66":[0,0],"67":[0,0],"68":[0,0],"69":[0,0],"70":[0,0],"71":[0,0],"72":[0,0],"73":[0,0]}}
,"/Users/ppmtrue/Documents/GitHub/SelenIT-Digital-Agency/src/components/ContactForm.tsx": {"path":"/Users/ppmtrue/Documents/GitHub/SelenIT-Digital-Agency/src/components/ContactForm.tsx","statementMap":{"0":{"start":{"line":50,"column":24},"end":{"line":50,"column":36}},"1":{"start":{"line":3,"column":54},"end":{"line":3,"column":null}},"2":{"start":{"line":4,"column":40},"end":{"line":4,"column":null}},"3":{"start":{"line":5,"column":31},"end":{"line":5,"column":null}},"4":{"start":{"line":6,"column":29},"end":{"line":6,"column":null}},"5":{"start":{"line":7,"column":28},"end":{"line":7,"column":null}},"6":{"start":{"line":8,"column":31},"end":{"line":8,"column":null}},"7":{"start":{"line":9,"column":29},"end":{"line":9,"column":null}},"8":{"start":{"line":10,"column":32},"end":{"line":10,"column":null}},"9":{"start":{"line":13,"column":26},"end":{"line":13,"column":null}},"10":{"start":{"line":13,"column":37},"end":{"line":13,"column":null}},"11":{"start":{"line":14,"column":21},"end":{"line":14,"column":null}},"12":{"start":{"line":14,"column":32},"end":{"line":14,"column":null}},"13":{"start":{"line":51,"column":38},"end":{"line":51,"column":null}},"14":{"start":{"line":52,"column":51},"end":{"line":52,"column":null}},"15":{"start":{"line":54,"column":29},"end":{"line":92,"column":null}},"16":{"start":{"line":57,"column":35},"end":{"line":57,"column":null}},"17":{"start":{"line":60,"column":12},"end":{"line":64,"column":null}},"18":{"start":{"line":61,"column":16},"end":{"line":62,"column":null}},"19":{"start":{"line":67,"column":16},"end":{"line":69,"column":191}},"20":{"start":{"line":72,"column":29},"end":{"line":84,"column":null}},"21":{"start":{"line":86,"column":25},"end":{"line":86,"column":null}},"22":{"start":{"line":88,"column":12},"end":{"line":90,"column":null}},"23":{"start":{"line":89,"column":16},"end":{"line":89,"column":null}},"24":{"start":{"line":105,"column":8},"end":{"line":109,"column":null}},"25":{"start":{"line":111,"column":28},"end":{"line":117,"column":null}},"26":{"start":{"line":112,"column":8},"end":{"line":112,"column":null}},"27":{"start":{"line":114,"column":8},"end":{"line":116,"column":null}},"28":{"start":{"line":115,"column":12},"end":{"line":115,"column":null}},"29":{"start":{"line":119,"column":30},"end":{"line":122,"column":null}},"30":{"start":{"line":120,"column":8},"end":{"line":120,"column":null}},"31":{"start":{"line":121,"column":8},"end":{"line":121,"column":null}}},"fnMap":{"0":{"name":"(anonymous_4)","decl":{"start":{"line":13,"column":31},"end":{"line":13,"column":37}},"loc":{"start":{"line":13,"column":37},"end":{"line":13,"column":null}}},"1":{"name":"(anonymous_5)","decl":{"start":{"line":13,"column":37},"end":{"line":13,"column":44}},"loc":{"start":{"line":13,"column":37},"end":{"line":13,"column":null}}},"2":{"name":"(anonymous_6)","decl":{"start":{"line":14,"column":26},"end":{"line":14,"column":32}},"loc":{"start":{"line":14,"column":32},"end":{"line":14,"column":null}}},"3":{"name":"(anonymous_7)","decl":{"start":{"line":14,"column":32},"end":{"line":14,"column":39}},"loc":{"start":{"line":14,"column":32},"end":{"line":14,"column":null}}},"4":{"name":"ContactForm","decl":{"start":{"line":50,"column":24},"end":{"line":50,"column":36}},"loc":{"start":{"line":50,"column":68},"end":{"line":200,"column":null}}},"5":{"name":"(anonymous_9)","decl":{"start":{"line":55,"column":8},"end":{"line":55,"column":15}},"loc":{"start":{"line":55,"column":15},"end":{"line":91,"column":null}}},"6":{"name":"(anonymous_10)","decl":{"start":{"line":111,"column":28},"end":{"line":111,"column":29}},"loc":{"start":{"line":111,"column":29},"end":{"line":117,"column":null}}},"7":{"name":"(anonymous_11)","decl":{"start":{"line":119,"column":30},"end":{"line":119,"column":null}},"loc":{"start":{"line":119,"column":30},"end":{"line":122,"column":null}}}},"branchMap":{"0":{"loc":{"start":{"line":60,"column":12},"end":{"line":64,"column":null}},"type":"if","locations":[{"start":{"line":60,"column":12},"end":{"line":64,"column":null}},{"start":{},"end":{}}]},"1":{"loc":{"start":{"line":67,"column":16},"end":{"line":69,"column":191}},"type":"cond-expr","locations":[{"start":{"line":68,"column":22},"end":{"line":68,"column":140}},{"start":{"line":69,"column":22},"end":{"line":69,"column":191}}]},"2":{"loc":{"start":{"line":68,"column":79},"end":{"line":68,"column":115}},"type":"binary-expr","locations":[{"start":{"line":68,"column":79},"end":{"line":68,"column":95}},{"start":{"line":68,"column":99},"end":{"line":68,"column":115}}]},"3":{"loc":{"start":{"line":69,"column":99},"end":{"line":69,"column":136}},"type":"binary-expr","locations":[{"start":{"line":69,"column":99},"end":{"line":69,"column":116}},{"start":{"line":69,"column":120},"end":{"line":69,"column":136}}]},"4":{"loc":{"start":{"line":69,"column":149},"end":{"line":69,"column":191}},"type":"binary-expr","locations":[{"start":{"line":69,"column":149},"end":{"line":69,"column":166}},{"start":{"line":69,"column":170},"end":{"line":69,"column":191}}]},"5":{"loc":{"start":{"line":79,"column":27},"end":{"line":79,"column":null}},"type":"cond-expr","locations":[{"start":{"line":79,"column":53},"end":{"line":79,"column":68}},{"start":{"line":79,"column":71},"end":{"line":79,"column":null}}]},"6":{"loc":{"start":{"line":88,"column":12},"end":{"line":90,"column":null}},"type":"if","locations":[{"start":{"line":88,"column":12},"end":{"line":90,"column":null}},{"start":{},"end":{}}]},"7":{"loc":{"start":{"line":89,"column":32},"end":{"line":89,"column":null}},"type":"binary-expr","locations":[{"start":{"line":89,"column":32},"end":{"line":89,"column":42}},{"start":{"line":89,"column":46},"end":{"line":89,"column":null}}]},"8":{"loc":{"start":{"line":114,"column":8},"end":{"line":116,"column":null}},"type":"if","locations":[{"start":{"line":114,"column":8},"end":{"line":116,"column":null}},{"start":{},"end":{}}]},"9":{"loc":{"start":{"line":114,"column":12},"end":{"line":114,"column":40}},"type":"binary-expr","locations":[{"start":{"line":114,"column":12},"end":{"line":114,"column":24}},{"start":{"line":114,"column":28},"end":{"line":114,"column":40}}]},"10":{"loc":{"start":{"line":127,"column":16},"end":{"line":138,"column":17}},"type":"cond-expr","locations":[{"start":{"line":127,"column":16},"end":{"line":138,"column":17}}]},"11":{"loc":{"start":{"line":128,"column":27},"end":{"line":128,"column":98}},"type":"cond-expr","locations":[{"start":{"line":128,"column":53},"end":{"line":128,"column":70}},{"start":{"line":128,"column":73},"end":{"line":128,"column":98}}]},"12":{"loc":{"start":{"line":130,"column":24},"end":{"line":132,"column":58}},"type":"cond-expr","locations":[{"start":{"line":131,"column":30},"end":{"line":131,"column":50}},{"start":{"line":132,"column":30},"end":{"line":132,"column":58}}]},"13":{"loc":{"start":{"line":182,"column":25},"end":{"line":182,"column":null}},"type":"binary-expr","locations":[{"start":{"line":182,"column":25},"end":{"line":182,"column":null}}]}},"s":{"0":96,"1":6,"2":6,"3":6,"4":6,"5":6,"6":6,"7":6,"8":6,"9":6,"10":12,"11":6,"12":12,"13":1937,"14":1937,"15":1937,"16":8,"17":8,"18":1,"19":8,"20":8,"21":8,"22":7,"23":1,"24":1937,"25":1937,"26":6,"27":6,"28":0,"29":1937,"30":1,"31":1},"f":{"0":6,"1":6,"2":6,"3":6,"4":1937,"5":8,"6":6,"7":1},"b":{"0":[1,7],"1":[8,0],"2":[8,7],"3":[0,0],"4":[0,0],"5":[8,0],"6":[1,6],"7":[1,0],"8":[0,6],"9":[6,6],"10":[5],"11":[5,0],"12":[5,0],"13":[1932]}}
,"/Users/ppmtrue/Documents/GitHub/SelenIT-Digital-Agency/src/components/ContactFormFields.tsx": {"path":"/Users/ppmtrue/Documents/GitHub/SelenIT-Digital-Agency/src/components/ContactFormFields.tsx","statementMap":{"0":{"start":{"line":13,"column":24},"end":{"line":13,"column":42}},"1":{"start":{"line":3,"column":63},"end":{"line":3,"column":null}},"2":{"start":{"line":80,"column":28},"end":{"line":80,"column":50}},"3":{"start":{"line":106,"column":36},"end":{"line":106,"column":57}}},"fnMap":{"0":{"name":"ContactFormFields","decl":{"start":{"line":13,"column":24},"end":{"line":13,"column":42}},"loc":{"start":{"line":19,"column":25},"end":{"line":187,"column":null}}},"1":{"name":"(anonymous_2)","decl":{"start":{"line":79,"column":49},"end":{"line":79,"column":50}},"loc":{"start":{"line":80,"column":28},"end":{"line":80,"column":50}}},"2":{"name":"(anonymous_3)","decl":{"start":{"line":105,"column":56},"end":{"line":105,"column":57}},"loc":{"start":{"line":106,"column":36},"end":{"line":106,"column":57}}}},"branchMap":{"0":{"loc":{"start":{"line":89,"column":13},"end":{"line":89,"column":null}},"type":"binary-expr","locations":[{"start":{"line":89,"column":13},"end":{"line":89,"column":null}}]},"1":{"loc":{"start":{"line":118,"column":49},"end":{"line":118,"column":null}},"type":"binary-expr","locations":[{"start":{"line":118,"column":49},"end":{"line":118,"column":73}},{"start":{"line":118,"column":77},"end":{"line":118,"column":null}}]},"2":{"loc":{"start":{"line":147,"column":13},"end":{"line":147,"column":null}},"type":"binary-expr","locations":[{"start":{"line":147,"column":13},"end":{"line":147,"column":null}}]},"3":{"loc":{"start":{"line":167,"column":27},"end":{"line":167,"column":80}},"type":"cond-expr","locations":[{"start":{"line":167,"column":53},"end":{"line":167,"column":65}},{"start":{"line":167,"column":68},"end":{"line":167,"column":80}}]},"4":{"loc":{"start":{"line":174,"column":28},"end":{"line":176,"column":null}},"type":"cond-expr","locations":[{"start":{"line":175,"column":34},"end":{"line":175,"column":57}},{"start":{"line":176,"column":34},"end":{"line":176,"column":null}}]}},"s":{"0":97,"1":6,"2":6141,"3":5932},"f":{"0":1929,"1":6141,"2":5932},"b":{"0":[1921],"1":[1918,1918],"2":[1921],"3":[1918,3],"4":[1918,3]}}
,"/Users/ppmtrue/Documents/GitHub/SelenIT-Digital-Agency/src/components/MusicPlayer.tsx": {"path":"/Users/ppmtrue/Documents/GitHub/SelenIT-Digital-Agency/src/components/MusicPlayer.tsx","statementMap":{"0":{"start":{"line":23,"column":24},"end":{"line":23,"column":null}},"1":{"start":{"line":3,"column":44},"end":{"line":3,"column":null}},"2":{"start":{"line":14,"column":7},"end":{"line":14,"column":null}},"3":{"start":{"line":24,"column":38},"end":{"line":24,"column":null}},"4":{"start":{"line":25,"column":40},"end":{"line":25,"column":null}},"5":{"start":{"line":26,"column":52},"end":{"line":26,"column":null}},"6":{"start":{"line":27,"column":40},"end":{"line":27,"column":null}},"7":{"start":{"line":28,"column":42},"end":{"line":28,"column":null}},"8":{"start":{"line":29,"column":36},"end":{"line":29,"column":null}},"9":{"start":{"line":30,"column":54},"end":{"line":30,"column":null}},"10":{"start":{"line":32,"column":21},"end":{"line":32,"column":null}},"11":{"start":{"line":34,"column":28},"end":{"line":41,"column":null}},"12":{"start":{"line":43,"column":25},"end":{"line":43,"column":50}},"13":{"start":{"line":45,"column":4},"end":{"line":73,"column":null}},"14":{"start":{"line":47,"column":36},"end":{"line":47,"column":null}},"15":{"start":{"line":48,"column":8},"end":{"line":72,"column":null}},"16":{"start":{"line":49,"column":12},"end":{"line":49,"column":null}},"17":{"start":{"line":51,"column":32},"end":{"line":51,"column":null}},"18":{"start":{"line":52,"column":12},"end":{"line":71,"column":null}},"19":{"start":{"line":53,"column":16},"end":{"line":53,"column":null}},"20":{"start":{"line":55,"column":16},"end":{"line":70,"column":26}},"21":{"start":{"line":56,"column":20},"end":{"line":69,"column":null}},"22":{"start":{"line":57,"column":24},"end":{"line":57,"column":null}},"23":{"start":{"line":58,"column":44},"end":{"line":58,"column":null}},"24":{"start":{"line":59,"column":24},"end":{"line":68,"column":null}},"25":{"start":{"line":60,"column":28},"end":{"line":67,"column":null}},"26":{"start":{"line":62,"column":36},"end":{"line":62,"column":null}},"27":{"start":{"line":65,"column":36},"end":{"line":65,"column":null}},"28":{"start":{"line":66,"column":36},"end":{"line":66,"column":null}},"29":{"start":{"line":75,"column":4},"end":{"line":89,"column":null}},"30":{"start":{"line":76,"column":22},"end":{"line":76,"column":38}},"31":{"start":{"line":77,"column":8},"end":{"line":77,"column":null}},"32":{"start":{"line":77,"column":20},"end":{"line":77,"column":null}},"33":{"start":{"line":79,"column":27},"end":{"line":79,"column":null}},"34":{"start":{"line":79,"column":33},"end":{"line":79,"column":null}},"35":{"start":{"line":80,"column":31},"end":{"line":80,"column":null}},"36":{"start":{"line":80,"column":37},"end":{"line":80,"column":null}},"37":{"start":{"line":82,"column":8},"end":{"line":82,"column":null}},"38":{"start":{"line":83,"column":8},"end":{"line":83,"column":null}},"39":{"start":{"line":85,"column":8},"end":{"line":88,"column":null}},"40":{"start":{"line":86,"column":12},"end":{"line":86,"column":null}},"41":{"start":{"line":87,"column":12},"end":{"line":87,"column":null}},"42":{"start":{"line":91,"column":30},"end":{"line":113,"column":null}},"43":{"start":{"line":92,"column":8},"end":{"line":92,"column":null}},"44":{"start":{"line":93,"column":8},"end":{"line":93,"column":null}},"45":{"start":{"line":94,"column":8},"end":{"line":94,"column":null}},"46":{"start":{"line":95,"column":8},"end":{"line":95,"column":null}},"47":{"start":{"line":97,"column":8},"end":{"line":112,"column":null}},"48":{"start":{"line":99,"column":12},"end":{"line":99,"column":null}},"49":{"start":{"line":101,"column":32},"end":{"line":101,"column":null}},"50":{"start":{"line":102,"column":12},"end":{"line":111,"column":null}},"51":{"start":{"line":103,"column":16},"end":{"line":110,"column":null}},"52":{"start":{"line":105,"column":24},"end":{"line":105,"column":null}},"53":{"start":{"line":108,"column":24},"end":{"line":108,"column":null}},"54":{"start":{"line":109,"column":24},"end":{"line":109,"column":null}},"55":{"start":{"line":115,"column":25},"end":{"line":117,"column":null}},"56":{"start":{"line":116,"column":8},"end":{"line":116,"column":null}},"57":{"start":{"line":119,"column":23},"end":{"line":128,"column":null}},"58":{"start":{"line":120,"column":8},"end":{"line":120,"column":null}},"59":{"start":{"line":120,"column":31},"end":{"line":120,"column":null}},"60":{"start":{"line":122,"column":8},"end":{"line":126,"column":null}},"61":{"start":{"line":123,"column":12},"end":{"line":123,"column":null}},"62":{"start":{"line":125,"column":12},"end":{"line":125,"column":null}},"63":{"start":{"line":127,"column":8},"end":{"line":127,"column":null}},"64":{"start":{"line":130,"column":23},"end":{"line":135,"column":null}},"65":{"start":{"line":131,"column":8},"end":{"line":131,"column":null}},"66":{"start":{"line":131,"column":25},"end":{"line":131,"column":null}},"67":{"start":{"line":132,"column":24},"end":{"line":132,"column":null}},"68":{"start":{"line":133,"column":24},"end":{"line":133,"column":null}},"69":{"start":{"line":134,"column":8},"end":{"line":134,"column":null}},"70":{"start":{"line":137,"column":33},"end":{"line":143,"column":null}},"71":{"start":{"line":138,"column":24},"end":{"line":138,"column":null}},"72":{"start":{"line":139,"column":8},"end":{"line":142,"column":null}},"73":{"start":{"line":140,"column":12},"end":{"line":140,"column":null}},"74":{"start":{"line":141,"column":12},"end":{"line":141,"column":null}},"75":{"start":{"line":145,"column":22},"end":{"line":147,"column":null}},"76":{"start":{"line":149,"column":22},"end":{"line":151,"column":null}},"77":{"start":{"line":170,"column":47},"end":{"line":170,"column":null}},"78":{"start":{"line":178,"column":47},"end":{"line":178,"column":null}},"79":{"start":{"line":184,"column":47},"end":{"line":184,"column":null}}},"fnMap":{"0":{"name":"MusicPlayer","decl":{"start":{"line":23,"column":24},"end":{"line":23,"column":null}},"loc":{"start":{"line":23,"column":24},"end":{"line":348,"column":null}}},"1":{"name":"(anonymous_3)","decl":{"start":{"line":45,"column":14},"end":{"line":45,"column":null}},"loc":{"start":{"line":45,"column":14},"end":{"line":73,"column":7}}},"2":{"name":"(anonymous_4)","decl":{"start":{"line":55,"column":27},"end":{"line":55,"column":null}},"loc":{"start":{"line":55,"column":27},"end":{"line":70,"column":19}}},"3":{"name":"(anonymous_5)","decl":{"start":{"line":61,"column":38},"end":{"line":61,"column":null}},"loc":{"start":{"line":61,"column":38},"end":{"line":63,"column":null}}},"4":{"name":"(anonymous_6)","decl":{"start":{"line":64,"column":39},"end":{"line":64,"column":40}},"loc":{"start":{"line":64,"column":40},"end":{"line":67,"column":null}}},"5":{"name":"(anonymous_7)","decl":{"start":{"line":75,"column":14},"end":{"line":75,"column":null}},"loc":{"start":{"line":75,"column":14},"end":{"line":89,"column":7}}},"6":{"name":"(anonymous_8)","decl":{"start":{"line":79,"column":27},"end":{"line":79,"column":33}},"loc":{"start":{"line":79,"column":33},"end":{"line":79,"column":null}}},"7":{"name":"(anonymous_9)","decl":{"start":{"line":80,"column":31},"end":{"line":80,"column":37}},"loc":{"start":{"line":80,"column":37},"end":{"line":80,"column":null}}},"8":{"name":"(anonymous_10)","decl":{"start":{"line":85,"column":15},"end":{"line":85,"column":null}},"loc":{"start":{"line":85,"column":15},"end":{"line":88,"column":null}}},"9":{"name":"(anonymous_11)","decl":{"start":{"line":91,"column":30},"end":{"line":91,"column":31}},"loc":{"start":{"line":91,"column":31},"end":{"line":113,"column":null}}},"10":{"name":"(anonymous_12)","decl":{"start":{"line":104,"column":26},"end":{"line":104,"column":null}},"loc":{"start":{"line":104,"column":26},"end":{"line":106,"column":null}}},"11":{"name":"(anonymous_13)","decl":{"start":{"line":107,"column":27},"end":{"line":107,"column":28}},"loc":{"start":{"line":107,"column":28},"end":{"line":110,"column":null}}},"12":{"name":"(anonymous_14)","decl":{"start":{"line":115,"column":25},"end":{"line":115,"column":null}},"loc":{"start":{"line":115,"column":25},"end":{"line":117,"column":null}}},"13":{"name":"(anonymous_15)","decl":{"start":{"line":119,"column":23},"end":{"line":119,"column":null}},"loc":{"start":{"line":119,"column":23},"end":{"line":128,"column":null}}},"14":{"name":"(anonymous_16)","decl":{"start":{"line":130,"column":23},"end":{"line":130,"column":24}},"loc":{"start":{"line":130,"column":24},"end":{"line":135,"column":null}}},"15":{"name":"(anonymous_17)","decl":{"start":{"line":137,"column":33},"end":{"line":137,"column":34}},"loc":{"start":{"line":137,"column":34},"end":{"line":143,"column":null}}},"16":{"name":"(anonymous_18)","decl":{"start":{"line":145,"column":22},"end":{"line":145,"column":null}},"loc":{"start":{"line":145,"column":22},"end":{"line":147,"column":null}}},"17":{"name":"(anonymous_19)","decl":{"start":{"line":149,"column":22},"end":{"line":149,"column":null}},"loc":{"start":{"line":149,"column":22},"end":{"line":151,"column":null}}},"18":{"name":"(anonymous_20)","decl":{"start":{"line":170,"column":41},"end":{"line":170,"column":47}},"loc":{"start":{"line":170,"column":47},"end":{"line":170,"column":null}}},"19":{"name":"(anonymous_21)","decl":{"start":{"line":178,"column":41},"end":{"line":178,"column":47}},"loc":{"start":{"line":178,"column":47},"end":{"line":178,"column":null}}},"20":{"name":"(anonymous_22)","decl":{"start":{"line":184,"column":41},"end":{"line":184,"column":47}},"loc":{"start":{"line":184,"column":47},"end":{"line":184,"column":null}}}},"branchMap":{"0":{"loc":{"start":{"line":48,"column":8},"end":{"line":72,"column":null}},"type":"if","locations":[{"start":{"line":48,"column":8},"end":{"line":72,"column":null}},{"start":{"line":50,"column":15},"end":{"line":72,"column":null}}]},"1":{"loc":{"start":{"line":52,"column":12},"end":{"line":71,"column":null}},"type":"if","locations":[{"start":{"line":52,"column":12},"end":{"line":71,"column":null}},{"start":{},"end":{}}]},"2":{"loc":{"start":{"line":56,"column":20},"end":{"line":69,"column":null}},"type":"if","locations":[{"start":{"line":56,"column":20},"end":{"line":69,"column":null}},{"start":{},"end":{}}]},"3":{"loc":{"start":{"line":59,"column":24},"end":{"line":68,"column":null}},"type":"if","locations":[{"start":{"line":59,"column":24},"end":{"line":68,"column":null}},{"start":{},"end":{}}]},"4":{"loc":{"start":{"line":77,"column":8},"end":{"line":77,"column":null}},"type":"if","locations":[{"start":{"line":77,"column":8},"end":{"line":77,"column":null}},{"start":{},"end":{}}]},"5":{"loc":{"start":{"line":97,"column":8},"end":{"line":112,"column":null}},"type":"if","locations":[{"start":{"line":97,"column":8},"end":{"line":112,"column":null}},{"start":{},"end":{}}]},"6":{"loc":{"start":{"line":97,"column":12},"end":{"line":97,"column":38}},"type":"binary-expr","locations":[{"start":{"line":97,"column":12},"end":{"line":97,"column":22}},{"start":{"line":97,"column":22},"end":{"line":97,"column":38}}]},"7":{"loc":{"start":{"line":102,"column":12},"end":{"line":111,"column":null}},"type":"if","locations":[{"start":{"line":102,"column":12},"end":{"line":111,"column":null}},{"start":{},"end":{}}]},"8":{"loc":{"start":{"line":120,"column":8},"end":{"line":120,"column":null}},"type":"if","locations":[{"start":{"line":120,"column":8},"end":{"line":120,"column":null}},{"start":{},"end":{}}]},"9":{"loc":{"start":{"line":122,"column":8},"end":{"line":126,"column":null}},"type":"if","locations":[{"start":{"line":122,"column":8},"end":{"line":126,"column":null}},{"start":{"line":124,"column":15},"end":{"line":126,"column":null}}]},"10":{"loc":{"start":{"line":131,"column":8},"end":{"line":131,"column":null}},"type":"if","locations":[{"start":{"line":131,"column":8},"end":{"line":131,"column":null}},{"start":{},"end":{}}]},"11":{"loc":{"start":{"line":139,"column":8},"end":{"line":142,"column":null}},"type":"if","locations":[{"start":{"line":139,"column":8},"end":{"line":142,"column":null}},{"start":{},"end":{}}]},"12":{"loc":{"start":{"line":159,"column":13},"end":{"line":159,"column":null}},"type":"binary-expr","locations":[{"start":{"line":159,"column":13},"end":{"line":159,"column":null}}]},"13":{"loc":{"start":{"line":195,"column":13},"end":{"line":195,"column":null}},"type":"binary-expr","locations":[{"start":{"line":195,"column":13},"end":{"line":195,"column":null}}]},"14":{"loc":{"start":{"line":202,"column":24},"end":{"line":204,"column":25}},"type":"cond-expr","locations":[{"start":{"line":202,"column":24},"end":{"line":204,"column":25}}]},"15":{"loc":{"start":{"line":210,"column":13},"end":{"line":210,"column":27}},"type":"binary-expr","locations":[{"start":{"line":210,"column":13},"end":{"line":210,"column":27}},{"start":{"line":210,"column":27},"end":{"line":210,"column":null}}]},"16":{"loc":{"start":{"line":231,"column":32},"end":{"line":233,"column":33}},"type":"cond-expr","locations":[{"start":{"line":231,"column":32},"end":{"line":233,"column":33}}]},"17":{"loc":{"start":{"line":242,"column":37},"end":{"line":242,"column":null}},"type":"binary-expr","locations":[{"start":{"line":242,"column":37},"end":{"line":242,"column":49}},{"start":{"line":242,"column":49},"end":{"line":242,"column":null}}]}},"s":{"0":0,"1":0,"2":0,"3":0,"4":0,"5":0,"6":0,"7":0,"8":0,"9":0,"10":0,"11":0,"12":0,"13":0,"14":0,"15":0,"16":0,"17":0,"18":0,"19":0,"20":0,"21":0,"22":0,"23":0,"24":0,"25":0,"26":0,"27":0,"28":0,"29":0,"30":0,"31":0,"32":0,"33":0,"34":0,"35":0,"36":0,"37":0,"38":0,"39":0,"40":0,"41":0,"42":0,"43":0,"44":0,"45":0,"46":0,"47":0,"48":0,"49":0,"50":0,"51":0,"52":0,"53":0,"54":0,"55":0,"56":0,"57":0,"58":0,"59":0,"60":0,"61":0,"62":0,"63":0,"64":0,"65":0,"66":0,"67":0,"68":0,"69":0,"70":0,"71":0,"72":0,"73":0,"74":0,"75":0,"76":0,"77":0,"78":0,"79":0},"f":{"0":0,"1":0,"2":0,"3":0,"4":0,"5":0,"6":0,"7":0,"8":0,"9":0,"10":0,"11":0,"12":0,"13":0,"14":0,"15":0,"16":0,"17":0,"18":0,"19":0,"20":0},"b":{"0":[0,0],"1":[0,0],"2":[0,0],"3":[0,0],"4":[0,0],"5":[0,0],"6":[0,0],"7":[0,0],"8":[0,0],"9":[0,0],"10":[0,0],"11":[0,0],"12":[0],"13":[0],"14":[0],"15":[0,0],"16":[0],"17":[0,0]}}
,"/Users/ppmtrue/Documents/GitHub/SelenIT-Digital-Agency/src/components/ShowreelGrid.tsx": {"path":"/Users/ppmtrue/Documents/GitHub/SelenIT-Digital-Agency/src/components/ShowreelGrid.tsx","statementMap":{"0":{"start":{"line":34,"column":24},"end":{"line":34,"column":37}},"1":{"start":{"line":4,"column":17},"end":{"line":4,"column":null}},"2":{"start":{"line":5,"column":25},"end":{"line":5,"column":null}},"3":{"start":{"line":6,"column":27},"end":{"line":6,"column":null}},"4":{"start":{"line":44,"column":24},"end":{"line":45,"column":null}},"5":{"start":{"line":97,"column":40},"end":{"line":98,"column":null}},"6":{"start":{"line":109,"column":40},"end":{"line":110,"column":null}}},"fnMap":{"0":{"name":"ShowreelGrid","decl":{"start":{"line":34,"column":24},"end":{"line":34,"column":37}},"loc":{"start":{"line":38,"column":40},"end":{"line":135,"column":null}}},"1":{"name":"(anonymous_3)","decl":{"start":{"line":43,"column":34},"end":{"line":43,"column":35}},"loc":{"start":{"line":44,"column":24},"end":{"line":45,"column":null}}},"2":{"name":"(anonymous_4)","decl":{"start":{"line":96,"column":54},"end":{"line":96,"column":55}},"loc":{"start":{"line":97,"column":40},"end":{"line":98,"column":null}}},"3":{"name":"(anonymous_5)","decl":{"start":{"line":108,"column":57},"end":{"line":108,"column":58}},"loc":{"start":{"line":109,"column":40},"end":{"line":110,"column":null}}}},"branchMap":{"0":{"loc":{"start":{"line":51,"column":36},"end":{"line":57,"column":37}},"type":"cond-expr","locations":[{"start":{"line":51,"column":36},"end":{"line":57,"column":37}}]},"1":{"loc":{"start":{"line":119,"column":33},"end":{"line":119,"column":45}},"type":"binary-expr","locations":[{"start":{"line":119,"column":33},"end":{"line":119,"column":45}}]},"2":{"loc":{"start":{"line":124,"column":41},"end":{"line":124,"column":null}},"type":"binary-expr","locations":[{"start":{"line":124,"column":41},"end":{"line":124,"column":54}},{"start":{"line":124,"column":58},"end":{"line":124,"column":null}}]}},"s":{"0":0,"1":0,"2":0,"3":0,"4":0,"5":0,"6":0},"f":{"0":0,"1":0,"2":0,"3":0},"b":{"0":[0],"1":[0],"2":[0,0]}}
,"/Users/ppmtrue/Documents/GitHub/SelenIT-Digital-Agency/src/components/ShowreelGridLight.tsx": {"path":"/Users/ppmtrue/Documents/GitHub/SelenIT-Digital-Agency/src/components/ShowreelGridLight.tsx","statementMap":{"0":{"start":{"line":99,"column":24},"end":{"line":99,"column":46}},"1":{"start":{"line":3,"column":34},"end":{"line":3,"column":null}},"2":{"start":{"line":4,"column":17},"end":{"line":4,"column":null}},"3":{"start":{"line":5,"column":27},"end":{"line":5,"column":null}},"4":{"start":{"line":69,"column":32},"end":{"line":70,"column":null}},"5":{"start":{"line":100,"column":32},"end":{"line":100,"column":null}},"6":{"start":{"line":103,"column":29},"end":{"line":106,"column":null}},"7":{"start":{"line":104,"column":8},"end":{"line":104,"column":null}},"8":{"start":{"line":104,"column":30},"end":{"line":104,"column":null}},"9":{"start":{"line":105,"column":8},"end":{"line":105,"column":null}},"10":{"start":{"line":105,"column":44},"end":{"line":105,"column":null}},"11":{"start":{"line":108,"column":23},"end":{"line":111,"column":null}},"12":{"start":{"line":109,"column":21},"end":{"line":109,"column":null}},"13":{"start":{"line":109,"column":60},"end":{"line":109,"column":70}},"14":{"start":{"line":110,"column":8},"end":{"line":110,"column":null}},"15":{"start":{"line":119,"column":24},"end":{"line":120,"column":null}},"16":{"start":{"line":121,"column":43},"end":{"line":121,"column":null}},"17":{"start":{"line":136,"column":24},"end":{"line":136,"column":54}}},"fnMap":{"0":{"name":"ProjectCard","decl":{"start":{"line":33,"column":9},"end":{"line":33,"column":21}},"loc":{"start":{"line":41,"column":1},"end":{"line":97,"column":null}}},"1":{"name":"(anonymous_3)","decl":{"start":{"line":68,"column":58},"end":{"line":68,"column":59}},"loc":{"start":{"line":69,"column":32},"end":{"line":70,"column":null}}},"2":{"name":"ShowreelGridOptimized","decl":{"start":{"line":99,"column":24},"end":{"line":99,"column":46}},"loc":{"start":{"line":99,"column":89},"end":{"line":151,"column":null}}},"3":{"name":"(anonymous_5)","decl":{"start":{"line":103,"column":37},"end":{"line":103,"column":null}},"loc":{"start":{"line":103,"column":37},"end":{"line":106,"column":7}}},"4":{"name":"(anonymous_6)","decl":{"start":{"line":105,"column":31},"end":{"line":105,"column":32}},"loc":{"start":{"line":105,"column":44},"end":{"line":105,"column":null}}},"5":{"name":"(anonymous_7)","decl":{"start":{"line":108,"column":31},"end":{"line":108,"column":null}},"loc":{"start":{"line":108,"column":31},"end":{"line":111,"column":7}}},"6":{"name":"(anonymous_8)","decl":{"start":{"line":109,"column":53},"end":{"line":109,"column":54}},"loc":{"start":{"line":109,"column":60},"end":{"line":109,"column":70}}},"7":{"name":"(anonymous_9)","decl":{"start":{"line":118,"column":36},"end":{"line":118,"column":37}},"loc":{"start":{"line":119,"column":24},"end":{"line":120,"column":null}}},"8":{"name":"(anonymous_10)","decl":{"start":{"line":121,"column":37},"end":{"line":121,"column":43}},"loc":{"start":{"line":121,"column":43},"end":{"line":121,"column":null}}},"9":{"name":"(anonymous_11)","decl":{"start":{"line":135,"column":42},"end":{"line":135,"column":43}},"loc":{"start":{"line":136,"column":24},"end":{"line":136,"column":54}}}},"branchMap":{"0":{"loc":{"start":{"line":76,"column":29},"end":{"line":76,"column":null}},"type":"binary-expr","locations":[{"start":{"line":76,"column":29},"end":{"line":76,"column":null}}]},"1":{"loc":{"start":{"line":85,"column":17},"end":{"line":85,"column":29}},"type":"binary-expr","locations":[{"start":{"line":85,"column":17},"end":{"line":85,"column":29}}]},"2":{"loc":{"start":{"line":90,"column":25},"end":{"line":90,"column":null}},"type":"binary-expr","locations":[{"start":{"line":90,"column":25},"end":{"line":90,"column":38}},{"start":{"line":90,"column":42},"end":{"line":90,"column":null}}]},"3":{"loc":{"start":{"line":104,"column":8},"end":{"line":104,"column":null}},"type":"if","locations":[{"start":{"line":104,"column":8},"end":{"line":104,"column":null}},{"start":{},"end":{}}]},"4":{"loc":{"start":{"line":123,"column":32},"end":{"line":125,"column":null}},"type":"cond-expr","locations":[{"start":{"line":124,"column":38},"end":{"line":124,"column":null}},{"start":{"line":125,"column":38},"end":{"line":125,"column":null}}]},"5":{"loc":{"start":{"line":128,"column":29},"end":{"line":128,"column":null}},"type":"cond-expr","locations":[{"start":{"line":128,"column":50},"end":{"line":128,"column":64}},{"start":{"line":128,"column":67},"end":{"line":128,"column":null}}]},"6":{"loc":{"start":{"line":141,"column":17},"end":{"line":141,"column":null}},"type":"binary-expr","locations":[{"start":{"line":141,"column":17},"end":{"line":141,"column":null}}]}},"s":{"0":0,"1":0,"2":0,"3":0,"4":0,"5":0,"6":0,"7":0,"8":0,"9":0,"10":0,"11":0,"12":0,"13":0,"14":0,"15":0,"16":0,"17":0},"f":{"0":0,"1":0,"2":0,"3":0,"4":0,"5":0,"6":0,"7":0,"8":0,"9":0},"b":{"0":[0],"1":[0],"2":[0,0],"3":[0,0],"4":[0,0],"5":[0,0],"6":[0]}}
,"/Users/ppmtrue/Documents/GitHub/SelenIT-Digital-Agency/src/components/ShowreelGridOptimized.tsx": {"path":"/Users/ppmtrue/Documents/GitHub/SelenIT-Digital-Agency/src/components/ShowreelGridOptimized.tsx","statementMap":{"0":{"start":{"line":133,"column":24},"end":{"line":133,"column":37}},"1":{"start":{"line":4,"column":17},"end":{"line":4,"column":null}},"2":{"start":{"line":5,"column":25},"end":{"line":5,"column":null}},"3":{"start":{"line":6,"column":27},"end":{"line":6,"column":null}},"4":{"start":{"line":87,"column":24},"end":{"line":88,"column":null}},"5":{"start":{"line":104,"column":24},"end":{"line":105,"column":null}},"6":{"start":{"line":143,"column":24},"end":{"line":143,"column":54}}},"fnMap":{"0":{"name":"ProjectCard","decl":{"start":{"line":35,"column":9},"end":{"line":35,"column":21}},"loc":{"start":{"line":43,"column":1},"end":{"line":131,"column":null}}},"1":{"name":"(anonymous_3)","decl":{"start":{"line":86,"column":50},"end":{"line":86,"column":51}},"loc":{"start":{"line":87,"column":24},"end":{"line":88,"column":null}}},"2":{"name":"(anonymous_4)","decl":{"start":{"line":103,"column":53},"end":{"line":103,"column":54}},"loc":{"start":{"line":104,"column":24},"end":{"line":105,"column":null}}},"3":{"name":"ShowreelGrid","decl":{"start":{"line":133,"column":24},"end":{"line":133,"column":37}},"loc":{"start":{"line":137,"column":40},"end":{"line":149,"column":null}}},"4":{"name":"(anonymous_6)","decl":{"start":{"line":142,"column":34},"end":{"line":142,"column":35}},"loc":{"start":{"line":143,"column":24},"end":{"line":143,"column":54}}}},"branchMap":{"0":{"loc":{"start":{"line":49,"column":20},"end":{"line":51,"column":21}},"type":"cond-expr","locations":[{"start":{"line":49,"column":20},"end":{"line":51,"column":21}}]},"1":{"loc":{"start":{"line":94,"column":21},"end":{"line":94,"column":null}},"type":"binary-expr","locations":[{"start":{"line":94,"column":21},"end":{"line":94,"column":null}}]},"2":{"loc":{"start":{"line":111,"column":21},"end":{"line":111,"column":null}},"type":"binary-expr","locations":[{"start":{"line":111,"column":21},"end":{"line":111,"column":null}}]},"3":{"loc":{"start":{"line":119,"column":17},"end":{"line":119,"column":29}},"type":"binary-expr","locations":[{"start":{"line":119,"column":17},"end":{"line":119,"column":29}}]},"4":{"loc":{"start":{"line":124,"column":25},"end":{"line":124,"column":null}},"type":"binary-expr","locations":[{"start":{"line":124,"column":25},"end":{"line":124,"column":38}},{"start":{"line":124,"column":42},"end":{"line":124,"column":null}}]}},"s":{"0":0,"1":0,"2":0,"3":0,"4":0,"5":0,"6":0},"f":{"0":0,"1":0,"2":0,"3":0,"4":0},"b":{"0":[0],"1":[0],"2":[0],"3":[0],"4":[0,0]}}
,"/Users/ppmtrue/Documents/GitHub/SelenIT-Digital-Agency/src/components/ShowreelPageClient.tsx": {"path":"/Users/ppmtrue/Documents/GitHub/SelenIT-Digital-Agency/src/components/ShowreelPageClient.tsx","statementMap":{"0":{"start":{"line":20,"column":24},"end":{"line":20,"column":43}},"1":{"start":{"line":3,"column":25},"end":{"line":3,"column":null}},"2":{"start":{"line":4,"column":31},"end":{"line":4,"column":null}},"3":{"start":{"line":5,"column":33},"end":{"line":5,"column":null}},"4":{"start":{"line":6,"column":24},"end":{"line":6,"column":null}},"5":{"start":{"line":9,"column":26},"end":{"line":9,"column":null}},"6":{"start":{"line":9,"column":37},"end":{"line":9,"column":null}},"7":{"start":{"line":81,"column":40},"end":{"line":109,"column":null}},"8":{"start":{"line":110,"column":36},"end":{"line":112,"column":null}},"9":{"start":{"line":111,"column":40},"end":{"line":112,"column":null}}},"fnMap":{"0":{"name":"(anonymous_5)","decl":{"start":{"line":9,"column":31},"end":{"line":9,"column":37}},"loc":{"start":{"line":9,"column":37},"end":{"line":9,"column":null}}},"1":{"name":"(anonymous_6)","decl":{"start":{"line":9,"column":37},"end":{"line":9,"column":44}},"loc":{"start":{"line":9,"column":37},"end":{"line":9,"column":null}}},"2":{"name":"ShowreelPageClient","decl":{"start":{"line":20,"column":24},"end":{"line":20,"column":43}},"loc":{"start":{"line":27,"column":26},"end":{"line":152,"column":null}}},"3":{"name":"(anonymous_8)","decl":{"start":{"line":79,"column":34},"end":{"line":79,"column":null}},"loc":{"start":{"line":79,"column":34},"end":{"line":119,"column":null}}},"4":{"name":"(anonymous_9)","decl":{"start":{"line":110,"column":52},"end":{"line":110,"column":53}},"loc":{"start":{"line":111,"column":40},"end":{"line":112,"column":null}}}},"branchMap":{"0":{"loc":{"start":{"line":72,"column":33},"end":{"line":76,"column":null}},"type":"cond-expr","locations":[{"start":{"line":73,"column":38},"end":{"line":73,"column":null}},{"start":{"line":74,"column":38},"end":{"line":76,"column":null}}]},"1":{"loc":{"start":{"line":74,"column":38},"end":{"line":76,"column":null}},"type":"cond-expr","locations":[{"start":{"line":75,"column":40},"end":{"line":75,"column":null}},{"start":{"line":76,"column":40},"end":{"line":76,"column":null}}]},"2":{"loc":{"start":{"line":81,"column":40},"end":{"line":109,"column":null}},"type":"cond-expr","locations":[{"start":{"line":82,"column":46},"end":{"line":90,"column":null}},{"start":{"line":91,"column":46},"end":{"line":109,"column":null}}]},"3":{"loc":{"start":{"line":91,"column":46},"end":{"line":109,"column":null}},"type":"cond-expr","locations":[{"start":{"line":92,"column":48},"end":{"line":100,"column":null}},{"start":{"line":101,"column":48},"end":{"line":109,"column":null}}]}},"s":{"0":0,"1":0,"2":0,"3":0,"4":0,"5":0,"6":0,"7":0,"8":0,"9":0},"f":{"0":0,"1":0,"2":0,"3":0,"4":0},"b":{"0":[0,0],"1":[0,0],"2":[0,0],"3":[0,0]}}
,"/Users/ppmtrue/Documents/GitHub/SelenIT-Digital-Agency/src/components/SubmitButton.tsx": {"path":"/Users/ppmtrue/Documents/GitHub/SelenIT-Digital-Agency/src/components/SubmitButton.tsx","statementMap":{"0":{"start":{"line":11,"column":24},"end":{"line":11,"column":37}},"1":{"start":{"line":3,"column":23},"end":{"line":3,"column":null}}},"fnMap":{"0":{"name":"SubmitButton","decl":{"start":{"line":11,"column":24},"end":{"line":11,"column":37}},"loc":{"start":{"line":11,"column":89},"end":{"line":32,"column":null}}}},"branchMap":{"0":{"loc":{"start":{"line":22,"column":21},"end":{"line":26,"column":39}},"type":"cond-expr","locations":[{"start":{"line":23,"column":26},"end":{"line":23,"column":38}},{"start":{"line":24,"column":26},"end":{"line":26,"column":39}}]},"1":{"loc":{"start":{"line":24,"column":26},"end":{"line":26,"column":39}},"type":"cond-expr","locations":[{"start":{"line":25,"column":28},"end":{"line":25,"column":39}},{"start":{"line":26,"column":28},"end":{"line":26,"column":39}}]}},"s":{"0":93,"1":6},"f":{"0":1925},"b":{"0":[8,1917],"1":[1914,3]}}
,"/Users/ppmtrue/Documents/GitHub/SelenIT-Digital-Agency/src/components/icons/AwsIcon.tsx": {"path":"/Users/ppmtrue/Documents/GitHub/SelenIT-Digital-Agency/src/components/icons/AwsIcon.tsx","statementMap":{"0":{"start":{"line":3,"column":13},"end":{"line":3,"column":23}}},"fnMap":{},"branchMap":{},"s":{"0":0},"f":{},"b":{}}
,"/Users/ppmtrue/Documents/GitHub/SelenIT-Digital-Agency/src/components/icons/DockerIcon.tsx": {"path":"/Users/ppmtrue/Documents/GitHub/SelenIT-Digital-Agency/src/components/icons/DockerIcon.tsx","statementMap":{"0":{"start":{"line":3,"column":13},"end":{"line":3,"column":26}}},"fnMap":{},"branchMap":{},"s":{"0":0},"f":{},"b":{}}
,"/Users/ppmtrue/Documents/GitHub/SelenIT-Digital-Agency/src/components/icons/GitIcon.tsx": {"path":"/Users/ppmtrue/Documents/GitHub/SelenIT-Digital-Agency/src/components/icons/GitIcon.tsx","statementMap":{"0":{"start":{"line":3,"column":13},"end":{"line":3,"column":23}}},"fnMap":{},"branchMap":{},"s":{"0":0},"f":{},"b":{}}
,"/Users/ppmtrue/Documents/GitHub/SelenIT-Digital-Agency/src/components/icons/LogoIcon.tsx": {"path":"/Users/ppmtrue/Documents/GitHub/SelenIT-Digital-Agency/src/components/icons/LogoIcon.tsx","statementMap":{"0":{"start":{"line":18,"column":13},"end":{"line":18,"column":24}},"1":{"start":{"line":1,"column":23},"end":{"line":1,"column":null}},"2":{"start":{"line":18,"column":24},"end":{"line":111,"column":null}}},"fnMap":{"0":{"name":"(anonymous_1)","decl":{"start":{"line":18,"column":24},"end":{"line":18,"column":25}},"loc":{"start":{"line":18,"column":92},"end":{"line":111,"column":null}}}},"branchMap":{"0":{"loc":{"start":{"line":18,"column":27},"end":{"line":18,"column":36}},"type":"default-arg","locations":[{"start":{"line":18,"column":34},"end":{"line":18,"column":36}}]},"1":{"loc":{"start":{"line":77,"column":25},"end":{"line":77,"column":null}},"type":"cond-expr","locations":[{"start":{"line":77,"column":36},"end":{"line":77,"column":56}},{"start":{"line":77,"column":56},"end":{"line":77,"column":null}}]},"2":{"loc":{"start":{"line":89,"column":25},"end":{"line":89,"column":null}},"type":"cond-expr","locations":[{"start":{"line":89,"column":36},"end":{"line":89,"column":68}},{"start":{"line":89,"column":68},"end":{"line":89,"column":null}}]},"3":{"loc":{"start":{"line":98,"column":24},"end":{"line":98,"column":null}},"type":"cond-expr","locations":[{"start":{"line":98,"column":36},"end":{"line":98,"column":61}},{"start":{"line":98,"column":61},"end":{"line":98,"column":null}}]},"4":{"loc":{"start":{"line":99,"column":25},"end":{"line":99,"column":null}},"type":"cond-expr","locations":[{"start":{"line":99,"column":36},"end":{"line":99,"column":63}},{"start":{"line":99,"column":63},"end":{"line":99,"column":null}}]}},"s":{"0":0,"1":0,"2":0},"f":{"0":0},"b":{"0":[0],"1":[0,0],"2":[0,0],"3":[0,0],"4":[0,0]}}
,"/Users/ppmtrue/Documents/GitHub/SelenIT-Digital-Agency/src/components/icons/MongoDbIcon.tsx": {"path":"/Users/ppmtrue/Documents/GitHub/SelenIT-Digital-Agency/src/components/icons/MongoDbIcon.tsx","statementMap":{"0":{"start":{"line":3,"column":13},"end":{"line":3,"column":27}}},"fnMap":{},"branchMap":{},"s":{"0":0},"f":{},"b":{}}
,"/Users/ppmtrue/Documents/GitHub/SelenIT-Digital-Agency/src/components/icons/NextJsIcon.tsx": {"path":"/Users/ppmtrue/Documents/GitHub/SelenIT-Digital-Agency/src/components/icons/NextJsIcon.tsx","statementMap":{"0":{"start":{"line":3,"column":13},"end":{"line":3,"column":26}}},"fnMap":{},"branchMap":{},"s":{"0":0},"f":{},"b":{}}
,"/Users/ppmtrue/Documents/GitHub/SelenIT-Digital-Agency/src/components/icons/NodeJsIcon.tsx": {"path":"/Users/ppmtrue/Documents/GitHub/SelenIT-Digital-Agency/src/components/icons/NodeJsIcon.tsx","statementMap":{"0":{"start":{"line":3,"column":13},"end":{"line":3,"column":26}}},"fnMap":{},"branchMap":{},"s":{"0":0},"f":{},"b":{}}
,"/Users/ppmtrue/Documents/GitHub/SelenIT-Digital-Agency/src/components/icons/ReactIcon.tsx": {"path":"/Users/ppmtrue/Documents/GitHub/SelenIT-Digital-Agency/src/components/icons/ReactIcon.tsx","statementMap":{"0":{"start":{"line":3,"column":13},"end":{"line":3,"column":25}}},"fnMap":{},"branchMap":{},"s":{"0":0},"f":{},"b":{}}
,"/Users/ppmtrue/Documents/GitHub/SelenIT-Digital-Agency/src/components/icons/TailwindIcon.tsx": {"path":"/Users/ppmtrue/Documents/GitHub/SelenIT-Digital-Agency/src/components/icons/TailwindIcon.tsx","statementMap":{"0":{"start":{"line":3,"column":13},"end":{"line":3,"column":28}}},"fnMap":{},"branchMap":{},"s":{"0":0},"f":{},"b":{}}
,"/Users/ppmtrue/Documents/GitHub/SelenIT-Digital-Agency/src/components/icons/TypeScriptIcon.tsx": {"path":"/Users/ppmtrue/Documents/GitHub/SelenIT-Digital-Agency/src/components/icons/TypeScriptIcon.tsx","statementMap":{"0":{"start":{"line":3,"column":13},"end":{"line":3,"column":30}}},"fnMap":{},"branchMap":{},"s":{"0":0},"f":{},"b":{}}
,"/Users/ppmtrue/Documents/GitHub/SelenIT-Digital-Agency/src/components/icons/VercelIcon.tsx": {"path":"/Users/ppmtrue/Documents/GitHub/SelenIT-Digital-Agency/src/components/icons/VercelIcon.tsx","statementMap":{"0":{"start":{"line":3,"column":13},"end":{"line":3,"column":26}}},"fnMap":{},"branchMap":{},"s":{"0":0},"f":{},"b":{}}
,"/Users/ppmtrue/Documents/GitHub/SelenIT-Digital-Agency/src/components/icons/index.ts": {"path":"/Users/ppmtrue/Documents/GitHub/SelenIT-Digital-Agency/src/components/icons/index.ts","statementMap":{"0":{"start":{"line":11,"column":9},"end":{"line":11,"column":25}},"1":{"start":{"line":1,"column":14},"end":{"line":1,"column":null}},"2":{"start":{"line":2,"column":14},"end":{"line":2,"column":null}},"3":{"start":{"line":3,"column":14},"end":{"line":3,"column":null}},"4":{"start":{"line":4,"column":14},"end":{"line":4,"column":null}},"5":{"start":{"line":5,"column":14},"end":{"line":5,"column":null}},"6":{"start":{"line":6,"column":14},"end":{"line":6,"column":null}},"7":{"start":{"line":7,"column":14},"end":{"line":7,"column":null}},"8":{"start":{"line":8,"column":14},"end":{"line":8,"column":null}},"9":{"start":{"line":9,"column":14},"end":{"line":9,"column":null}},"10":{"start":{"line":10,"column":14},"end":{"line":10,"column":null}},"11":{"start":{"line":11,"column":25},"end":{"line":11,"column":null}}},"fnMap":{},"branchMap":{},"s":{"0":0,"1":0,"2":0,"3":0,"4":0,"5":0,"6":0,"7":0,"8":0,"9":0,"10":0,"11":0},"f":{},"b":{}}
,"/Users/ppmtrue/Documents/GitHub/SelenIT-Digital-Agency/src/components/layout/Footer.tsx": {"path":"/Users/ppmtrue/Documents/GitHub/SelenIT-Digital-Agency/src/components/layout/Footer.tsx","statementMap":{"0":{"start":{"line":39,"column":24},"end":{"line":39,"column":31}},"1":{"start":{"line":1,"column":17},"end":{"line":1,"column":null}},"2":{"start":{"line":4,"column":21},"end":{"line":4,"column":null}},"3":{"start":{"line":6,"column":22},"end":{"line":6,"column":null}},"4":{"start":{"line":7,"column":22},"end":{"line":7,"column":128}},"5":{"start":{"line":14,"column":23},"end":{"line":37,"column":null}},"6":{"start":{"line":15,"column":4},"end":{"line":36,"column":null}},"7":{"start":{"line":16,"column":67},"end":{"line":19,"column":null}},"8":{"start":{"line":40,"column":24},"end":{"line":40,"column":null}},"9":{"start":{"line":41,"column":23},"end":{"line":41,"column":41}},"10":{"start":{"line":42,"column":22},"end":{"line":42,"column":51}},"11":{"start":{"line":69,"column":32},"end":{"line":69,"column":null}},"12":{"start":{"line":88,"column":32},"end":{"line":88,"column":null}},"13":{"start":{"line":195,"column":32},"end":{"line":196,"column":null}},"14":{"start":{"line":216,"column":32},"end":{"line":216,"column":null}},"15":{"start":{"line":235,"column":32},"end":{"line":235,"column":null}},"16":{"start":{"line":353,"column":4},"end":{"line":392,"column":null}},"17":{"start":{"line":391,"column":12},"end":{"line":391,"column":null}}},"fnMap":{"0":{"name":"(anonymous_2)","decl":{"start":{"line":14,"column":23},"end":{"line":14,"column":24}},"loc":{"start":{"line":14,"column":38},"end":{"line":37,"column":null}}},"1":{"name":"(anonymous_3)","decl":{"start":{"line":16,"column":53},"end":{"line":16,"column":54}},"loc":{"start":{"line":16,"column":67},"end":{"line":19,"column":null}}},"2":{"name":"Footer","decl":{"start":{"line":39,"column":24},"end":{"line":39,"column":31}},"loc":{"start":{"line":39,"column":58},"end":{"line":350,"column":null}}},"3":{"name":"(anonymous_5)","decl":{"start":{"line":68,"column":54},"end":{"line":68,"column":55}},"loc":{"start":{"line":69,"column":32},"end":{"line":69,"column":null}}},"4":{"name":"(anonymous_6)","decl":{"start":{"line":87,"column":53},"end":{"line":87,"column":54}},"loc":{"start":{"line":88,"column":32},"end":{"line":88,"column":null}}},"5":{"name":"(anonymous_7)","decl":{"start":{"line":194,"column":52},"end":{"line":194,"column":53}},"loc":{"start":{"line":195,"column":32},"end":{"line":196,"column":null}}},"6":{"name":"(anonymous_8)","decl":{"start":{"line":215,"column":54},"end":{"line":215,"column":55}},"loc":{"start":{"line":216,"column":32},"end":{"line":216,"column":null}}},"7":{"name":"(anonymous_9)","decl":{"start":{"line":234,"column":53},"end":{"line":234,"column":54}},"loc":{"start":{"line":235,"column":32},"end":{"line":235,"column":null}}},"8":{"name":"SocialIcon","decl":{"start":{"line":352,"column":9},"end":{"line":352,"column":20}},"loc":{"start":{"line":352,"column":46},"end":{"line":393,"column":null}}}},"branchMap":{"0":{"loc":{"start":{"line":6,"column":22},"end":{"line":6,"column":null}},"type":"binary-expr","locations":[{"start":{"line":6,"column":22},"end":{"line":6,"column":59}},{"start":{"line":6,"column":63},"end":{"line":6,"column":null}}]},"1":{"loc":{"start":{"line":7,"column":40},"end":{"line":7,"column":100}},"type":"binary-expr","locations":[{"start":{"line":7,"column":40},"end":{"line":7,"column":79}},{"start":{"line":7,"column":83},"end":{"line":7,"column":100}}]},"2":{"loc":{"start":{"line":26,"column":23},"end":{"line":26,"column":null}},"type":"cond-expr","locations":[{"start":{"line":26,"column":39},"end":{"line":26,"column":52}},{"start":{"line":26,"column":52},"end":{"line":26,"column":null}}]},"3":{"loc":{"start":{"line":26,"column":52},"end":{"line":26,"column":null}},"type":"cond-expr","locations":[{"start":{"line":26,"column":68},"end":{"line":26,"column":81}},{"start":{"line":26,"column":81},"end":{"line":26,"column":null}}]},"4":{"loc":{"start":{"line":353,"column":4},"end":{"line":392,"column":null}},"type":"switch","locations":[{"start":{"line":390,"column":8},"end":{"line":391,"column":null}}]}},"s":{"0":0,"1":0,"2":0,"3":0,"4":0,"5":0,"6":0,"7":0,"8":0,"9":0,"10":0,"11":0,"12":0,"13":0,"14":0,"15":0,"16":0,"17":0},"f":{"0":0,"1":0,"2":0,"3":0,"4":0,"5":0,"6":0,"7":0,"8":0},"b":{"0":[0,0],"1":[0,0],"2":[0,0],"3":[0,0],"4":[0]}}
,"/Users/ppmtrue/Documents/GitHub/SelenIT-Digital-Agency/src/components/layout/Header.tsx": {"path":"/Users/ppmtrue/Documents/GitHub/SelenIT-Digital-Agency/src/components/layout/Header.tsx","statementMap":{"0":{"start":{"line":19,"column":24},"end":{"line":19,"column":31}},"1":{"start":{"line":3,"column":23},"end":{"line":3,"column":null}},"2":{"start":{"line":4,"column":17},"end":{"line":4,"column":null}},"3":{"start":{"line":5,"column":28},"end":{"line":5,"column":null}},"4":{"start":{"line":6,"column":33},"end":{"line":6,"column":null}},"5":{"start":{"line":7,"column":21},"end":{"line":7,"column":null}},"6":{"start":{"line":8,"column":27},"end":{"line":8,"column":null}},"7":{"start":{"line":9,"column":27},"end":{"line":9,"column":null}},"8":{"start":{"line":10,"column":35},"end":{"line":10,"column":null}},"9":{"start":{"line":34,"column":8},"end":{"line":34,"column":null}}},"fnMap":{"0":{"name":"Header","decl":{"start":{"line":19,"column":24},"end":{"line":19,"column":31}},"loc":{"start":{"line":19,"column":58},"end":{"line":138,"column":null}}}},"branchMap":{"0":{"loc":{"start":{"line":53,"column":86},"end":{"line":53,"column":178}},"type":"cond-expr","locations":[{"start":{"line":53,"column":99},"end":{"line":53,"column":149}},{"start":{"line":53,"column":149},"end":{"line":53,"column":178}}]},"1":{"loc":{"start":{"line":88,"column":32},"end":{"line":88,"column":93}},"type":"cond-expr","locations":[{"start":{"line":88,"column":51},"end":{"line":88,"column":71}},{"start":{"line":88,"column":74},"end":{"line":88,"column":93}}]},"2":{"loc":{"start":{"line":96,"column":43},"end":{"line":96,"column":null}},"type":"cond-expr","locations":[{"start":{"line":96,"column":62},"end":{"line":96,"column":66}},{"start":{"line":96,"column":66},"end":{"line":96,"column":null}}]},"3":{"loc":{"start":{"line":97,"column":48},"end":{"line":97,"column":null}},"type":"cond-expr","locations":[{"start":{"line":97,"column":67},"end":{"line":97,"column":72}},{"start":{"line":97,"column":72},"end":{"line":97,"column":null}}]},"4":{"loc":{"start":{"line":104,"column":49},"end":{"line":104,"column":null}},"type":"cond-expr","locations":[{"start":{"line":104,"column":68},"end":{"line":104,"column":72}},{"start":{"line":104,"column":72},"end":{"line":104,"column":null}}]},"5":{"loc":{"start":{"line":105,"column":48},"end":{"line":105,"column":null}},"type":"cond-expr","locations":[{"start":{"line":105,"column":67},"end":{"line":105,"column":71}},{"start":{"line":105,"column":71},"end":{"line":105,"column":null}}]},"6":{"loc":{"start":{"line":112,"column":43},"end":{"line":112,"column":null}},"type":"cond-expr","locations":[{"start":{"line":112,"column":62},"end":{"line":112,"column":67}},{"start":{"line":112,"column":67},"end":{"line":112,"column":null}}]},"7":{"loc":{"start":{"line":113,"column":48},"end":{"line":113,"column":null}},"type":"cond-expr","locations":[{"start":{"line":113,"column":67},"end":{"line":113,"column":73}},{"start":{"line":113,"column":73},"end":{"line":113,"column":null}}]}},"s":{"0":39,"1":2,"2":2,"3":2,"4":2,"5":2,"6":2,"7":2,"8":2,"9":110},"f":{"0":110},"b":{"0":[2,40],"1":[14,28],"2":[14,28],"3":[14,28],"4":[14,28],"5":[14,28],"6":[14,28],"7":[14,28]}}
[...]
nd":{"line":90,"column":null}}},"2":{"name":"(anonymous_4)","decl":{"start":{"line":177,"column":50},"end":{"line":177,"column":51}},"loc":{"start":{"line":178,"column":32},"end":{"line":179,"column":null}}}},"branchMap":{"0":{"loc":{"start":{"line":30,"column":4},"end":{"line":30,"column":20}},"type":"default-arg","locations":[{"start":{"line":30,"column":15},"end":{"line":30,"column":20}}]},"1":{"loc":{"start":{"line":31,"column":4},"end":{"line":31,"column":20}},"type":"default-arg","locations":[{"start":{"line":31,"column":15},"end":{"line":31,"column":20}}]},"2":{"loc":{"start":{"line":33,"column":4},"end":{"line":102,"column":null}},"type":"if","locations":[{"start":{"line":33,"column":4},"end":{"line":102,"column":null}},{"start":{},"end":{}}]},"3":{"loc":{"start":{"line":39,"column":24},"end":{"line":41,"column":null}},"type":"cond-expr","locations":[{"start":{"line":40,"column":30},"end":{"line":40,"column":null}},{"start":{"line":41,"column":30},"end":{"line":41,"column":null}}]},"4":{"loc":{"start":{"line":39,"column":24},"end":{"line":39,"column":null}},"type":"binary-expr","locations":[{"start":{"line":39,"column":24},"end":{"line":39,"column":42}},{"start":{"line":39,"column":42},"end":{"line":39,"column":null}}]},"5":{"loc":{"start":{"line":48,"column":32},"end":{"line":50,"column":null}},"type":"cond-expr","locations":[{"start":{"line":49,"column":38},"end":{"line":49,"column":null}},{"start":{"line":50,"column":38},"end":{"line":50,"column":null}}]},"6":{"loc":{"start":{"line":48,"column":32},"end":{"line":48,"column":null}},"type":"binary-expr","locations":[{"start":{"line":48,"column":32},"end":{"line":48,"column":50}},{"start":{"line":48,"column":50},"end":{"line":48,"column":null}}]},"7":{"loc":{"start":{"line":60,"column":28},"end":{"line":62,"column":null}},"type":"cond-expr","locations":[{"start":{"line":61,"column":34},"end":{"line":61,"column":null}},{"start":{"line":62,"column":34},"end":{"line":62,"column":null}}]},"8":{"loc":{"start":{"line":60,"column":28},"end":{"line":60,"column":null}},"type":"binary-expr","locations":[{"start":{"line":60,"column":28},"end":{"line":60,"column":46}},{"start":{"line":60,"column":46},"end":{"line":60,"column":null}}]},"9":{"loc":{"start":{"line":65,"column":36},"end":{"line":65,"column":null}},"type":"cond-expr","locations":[{"start":{"line":65,"column":53},"end":{"line":65,"column":59}},{"start":{"line":65,"column":59},"end":{"line":65,"column":null}}]},"10":{"loc":{"start":{"line":72,"column":21},"end":{"line":72,"column":null}},"type":"binary-expr","locations":[{"start":{"line":72,"column":21},"end":{"line":72,"column":null}}]},"11":{"loc":{"start":{"line":116,"column":24},"end":{"line":118,"column":null}},"type":"cond-expr","locations":[{"start":{"line":117,"column":30},"end":{"line":117,"column":null}},{"start":{"line":118,"column":30},"end":{"line":118,"column":null}}]},"12":{"loc":{"start":{"line":122,"column":17},"end":{"line":122,"column":null}},"type":"binary-expr","locations":[{"start":{"line":122,"column":17},"end":{"line":122,"column":null}}]},"13":{"loc":{"start":{"line":141,"column":24},"end":{"line":143,"column":null}},"type":"cond-expr","locations":[{"start":{"line":142,"column":30},"end":{"line":142,"column":null}},{"start":{"line":143,"column":30},"end":{"line":143,"column":null}}]},"14":{"loc":{"start":{"line":149,"column":80},"end":{"line":149,"column":123}},"type":"cond-expr","locations":[{"start":{"line":149,"column":104},"end":{"line":149,"column":119}},{"start":{"line":149,"column":119},"end":{"line":149,"column":123}}]},"15":{"loc":{"start":{"line":165,"column":17},"end":{"line":165,"column":null}},"type":"binary-expr","locations":[{"start":{"line":165,"column":17},"end":{"line":165,"column":null}}]}},"s":{"0":92,"1":5,"2":5,"3":92,"4":12,"5":20},"f":{"0":92,"1":12,"2":20},"b":{"0":[0],"1":[0],"2":[32,60],"3":[4,28],"4":[32,29],"5":[4,28],"6":[32,29],"7":[4,28],"8":[32,29],"9":[3,29],"10":[32],"11":[2,58],"12":[60],"13":[2,58],"14":[5,55],"15":[60]}}
,"/Users/ppmtrue/Documents/GitHub/SelenIT-Digital-Agency/src/components/ui/Skeleton.tsx": {"path":"/Users/ppmtrue/Documents/GitHub/SelenIT-Digital-Agency/src/components/ui/Skeleton.tsx","statementMap":{"0":{"start":{"line":7,"column":16},"end":{"line":7,"column":25}},"1":{"start":{"line":39,"column":16},"end":{"line":39,"column":31}},"2":{"start":{"line":26,"column":16},"end":{"line":26,"column":29}},"3":{"start":{"line":16,"column":16},"end":{"line":16,"column":29}},"4":{"start":{"line":1,"column":19},"end":{"line":1,"column":null}},"5":{"start":{"line":20,"column":16},"end":{"line":20,"column":34}}},"fnMap":{"0":{"name":"Skeleton","decl":{"start":{"line":7,"column":16},"end":{"line":7,"column":25}},"loc":{"start":{"line":7,"column":53},"end":{"line":9,"column":null}}},"1":{"name":"SkeletonText","decl":{"start":{"line":16,"column":16},"end":{"line":16,"column":29}},"loc":{"start":{"line":16,"column":72},"end":{"line":24,"column":null}}},"2":{"name":"(anonymous_7)","decl":{"start":{"line":19,"column":47},"end":{"line":19,"column":48}},"loc":{"start":{"line":20,"column":16},"end":{"line":20,"column":34}}},"3":{"name":"SkeletonCard","decl":{"start":{"line":26,"column":16},"end":{"line":26,"column":29}},"loc":{"start":{"line":26,"column":57},"end":{"line":37,"column":null}}},"4":{"name":"SkeletonAvatar","decl":{"start":{"line":39,"column":16},"end":{"line":39,"column":31}},"loc":{"start":{"line":39,"column":59},"end":{"line":41,"column":null}}}},"branchMap":{"0":{"loc":{"start":{"line":16,"column":31},"end":{"line":16,"column":40}},"type":"default-arg","locations":[{"start":{"line":16,"column":39},"end":{"line":16,"column":40}}]},"1":{"loc":{"start":{"line":20,"column":55},"end":{"line":20,"column":null}},"type":"cond-expr","locations":[{"start":{"line":20,"column":73},"end":{"line":20,"column":83}},{"start":{"line":20,"column":83},"end":{"line":20,"column":null}}]}},"s":{"0":0,"1":0,"2":0,"3":0,"4":0,"5":0},"f":{"0":0,"1":0,"2":0,"3":0,"4":0},"b":{"0":[0],"1":[0,0]}}
,"/Users/ppmtrue/Documents/GitHub/SelenIT-Digital-Agency/src/components/ui/SuccessMessage.tsx": {"path":"/Users/ppmtrue/Documents/GitHub/SelenIT-Digital-Agency/src/components/ui/SuccessMessage.tsx","statementMap":{"0":{"start":{"line":10,"column":16},"end":{"line":10,"column":31}},"1":{"start":{"line":1,"column":23},"end":{"line":1,"column":null}}},"fnMap":{"0":{"name":"SuccessMessage","decl":{"start":{"line":10,"column":16},"end":{"line":10,"column":31}},"loc":{"start":{"line":15,"column":22},"end":{"line":57,"column":null}}}},"branchMap":{},"s":{"0":12,"1":7},"f":{"0":12},"b":{}}
,"/Users/ppmtrue/Documents/GitHub/SelenIT-Digital-Agency/src/components/ui/TabSwitcher.tsx": {"path":"/Users/ppmtrue/Documents/GitHub/SelenIT-Digital-Agency/src/components/ui/TabSwitcher.tsx","statementMap":{"0":{"start":{"line":12,"column":16},"end":{"line":12,"column":28}},"1":{"start":{"line":1,"column":23},"end":{"line":1,"column":null}},"2":{"start":{"line":27,"column":31},"end":{"line":27,"column":null}},"3":{"start":{"line":38,"column":31},"end":{"line":38,"column":null}}},"fnMap":{"0":{"name":"TabSwitcher","decl":{"start":{"line":12,"column":16},"end":{"line":12,"column":28}},"loc":{"start":{"line":12,"column":78},"end":{"line":49,"column":null}}},"1":{"name":"(anonymous_2)","decl":{"start":{"line":27,"column":25},"end":{"line":27,"column":31}},"loc":{"start":{"line":27,"column":31},"end":{"line":27,"column":null}}},"2":{"name":"(anonymous_3)","decl":{"start":{"line":38,"column":25},"end":{"line":38,"column":31}},"loc":{"start":{"line":38,"column":31},"end":{"line":38,"column":null}}}},"branchMap":{"0":{"loc":{"start":{"line":20,"column":23},"end":{"line":20,"column":null}},"type":"cond-expr","locations":[{"start":{"line":20,"column":49},"end":{"line":20,"column":56}},{"start":{"line":20,"column":56},"end":{"line":20,"column":null}}]},"1":{"loc":{"start":{"line":29,"column":20},"end":{"line":31,"column":null}},"type":"cond-expr","locations":[{"start":{"line":30,"column":26},"end":{"line":30,"column":null}},{"start":{"line":31,"column":26},"end":{"line":31,"column":null}}]},"2":{"loc":{"start":{"line":40,"column":20},"end":{"line":42,"column":null}},"type":"cond-expr","locations":[{"start":{"line":41,"column":26},"end":{"line":41,"column":null}},{"start":{"line":42,"column":26},"end":{"line":42,"column":null}}]}},"s":{"0":1937,"1":7,"2":0,"3":7},"f":{"0":1938,"1":0,"2":7},"b":{"0":[1934,4],"1":[1934,4],"2":[4,1930]}}
,"/Users/ppmtrue/Documents/GitHub/SelenIT-Digital-Agency/src/components/ui/ThemeToggle.tsx": {"path":"/Users/ppmtrue/Documents/GitHub/SelenIT-Digital-Agency/src/components/ui/ThemeToggle.tsx","statementMap":{"0":{"start":{"line":7,"column":16},"end":{"line":7,"column":null}},"1":{"start":{"line":3,"column":23},"end":{"line":3,"column":null}},"2":{"start":{"line":4,"column":25},"end":{"line":4,"column":null}},"3":{"start":{"line":5,"column":40},"end":{"line":5,"column":null}},"4":{"start":{"line":8,"column":32},"end":{"line":8,"column":null}},"5":{"start":{"line":9,"column":34},"end":{"line":9,"column":null}},"6":{"start":{"line":10,"column":38},"end":{"line":10,"column":null}},"7":{"start":{"line":12,"column":4},"end":{"line":14,"column":null}},"8":{"start":{"line":13,"column":8},"end":{"line":13,"column":null}},"9":{"start":{"line":16,"column":30},"end":{"line":27,"column":null}},"10":{"start":{"line":18,"column":8},"end":{"line":18,"column":null}},"11":{"start":{"line":21,"column":8},"end":{"line":21,"column":null}},"12":{"start":{"line":24,"column":8},"end":{"line":26,"column":null}},"13":{"start":{"line":25,"column":12},"end":{"line":25,"column":null}},"14":{"start":{"line":29,"column":4},"end":{"line":31,"column":null}},"15":{"start":{"line":33,"column":19},"end":{"line":33,"column":null}},"16":{"start":{"line":38,"column":32},"end":{"line":38,"column":null}},"17":{"start":{"line":39,"column":30},"end":{"line":39,"column":null}}},"fnMap":{"0":{"name":"ThemeToggle","decl":{"start":{"line":7,"column":16},"end":{"line":7,"column":null}},"loc":{"start":{"line":7,"column":16},"end":{"line":120,"column":null}}},"1":{"name":"(anonymous_5)","decl":{"start":{"line":12,"column":20},"end":{"line":12,"column":null}},"loc":{"start":{"line":12,"column":20},"end":{"line":14,"column":7}}},"2":{"name":"(anonymous_6)","decl":{"start":{"line":16,"column":30},"end":{"line":16,"column":null}},"loc":{"start":{"line":16,"column":30},"end":{"line":27,"column":null}}},"3":{"name":"(anonymous_7)","decl":{"start":{"line":24,"column":19},"end":{"line":24,"column":null}},"loc":{"start":{"line":24,"column":19},"end":{"line":26,"column":11}}},"4":{"name":"(anonymous_8)","decl":{"start":{"line":38,"column":26},"end":{"line":38,"column":32}},"loc":{"start":{"line":38,"column":32},"end":{"line":38,"column":null}}},"5":{"name":"(anonymous_9)","decl":{"start":{"line":39,"column":24},"end":{"line":39,"column":30}},"loc":{"start":{"line":39,"column":30},"end":{"line":39,"column":null}}}},"branchMap":{"0":{"loc":{"start":{"line":21,"column":17},"end":{"line":21,"column":null}},"type":"cond-expr","locations":[{"start":{"line":21,"column":36},"end":{"line":21,"column":46}},{"start":{"line":21,"column":46},"end":{"line":21,"column":null}}]},"1":{"loc":{"start":{"line":29,"column":4},"end":{"line":31,"column":null}},"type":"if","locations":[{"start":{"line":29,"column":4},"end":{"line":31,"column":null}},{"start":{},"end":{}}]},"2":{"loc":{"start":{"line":43,"column":37},"end":{"line":43,"column":63}},"type":"cond-expr","locations":[{"start":{"line":43,"column":46},"end":{"line":43,"column":56}},{"start":{"line":43,"column":56},"end":{"line":43,"column":63}}]},"3":{"loc":{"start":{"line":46,"column":17},"end":{"line":88,"column":null}},"type":"cond-expr","locations":[{"start":{"line":47,"column":20},"end":{"line":48,"column":null}},{"start":{"line":87,"column":20},"end":{"line":88,"column":null}}]},"4":{"loc":{"start":{"line":53,"column":36},"end":{"line":53,"column":null}},"type":"cond-expr","locations":[{"start":{"line":53,"column":48},"end":{"line":53,"column":54}},{"start":{"line":53,"column":54},"end":{"line":53,"column":null}}]},"5":{"loc":{"start":{"line":93,"column":36},"end":{"line":93,"column":null}},"type":"cond-expr","locations":[{"start":{"line":93,"column":48},"end":{"line":93,"column":54}},{"start":{"line":93,"column":54},"end":{"line":93,"column":null}}]}},"s":{"0":92,"1":3,"2":3,"3":3,"4":145,"5":145,"6":144,"7":144,"8":60,"9":144,"10":0,"11":0,"12":0,"13":0,"14":144,"15":84,"16":0,"17":0},"f":{"0":145,"1":60,"2":0,"3":0,"4":0,"5":0},"b":{"0":[0,0],"1":[60,84],"2":[0,84],"3":[0,84],"4":[0,0],"5":[0,84]}}
,"/Users/ppmtrue/Documents/GitHub/SelenIT-Digital-Agency/src/components/ui/TypeWriter.tsx": {"path":"/Users/ppmtrue/Documents/GitHub/SelenIT-Digital-Agency/src/components/ui/TypeWriter.tsx","statementMap":{"0":{"start":{"line":14,"column":16},"end":{"line":14,"column":27}},"1":{"start":{"line":3,"column":36},"end":{"line":3,"column":null}},"2":{"start":{"line":4,"column":40},"end":{"line":4,"column":null}},"3":{"start":{"line":21,"column":52},"end":{"line":21,"column":null}},"4":{"start":{"line":22,"column":42},"end":{"line":22,"column":null}},"5":{"start":{"line":23,"column":40},"end":{"line":23,"column":null}},"6":{"start":{"line":24,"column":36},"end":{"line":24,"column":null}},"7":{"start":{"line":26,"column":4},"end":{"line":66,"column":null}},"8":{"start":{"line":27,"column":28},"end":{"line":27,"column":51}},"9":{"start":{"line":29,"column":8},"end":{"line":35,"column":null}},"10":{"start":{"line":30,"column":33},"end":{"line":33,"column":null}},"11":{"start":{"line":31,"column":16},"end":{"line":31,"column":null}},"12":{"start":{"line":32,"column":16},"end":{"line":32,"column":null}},"13":{"start":{"line":34,"column":12},"end":{"line":34,"column":null}},"14":{"start":{"line":34,"column":25},"end":{"line":34,"column":null}},"15":{"start":{"line":37,"column":8},"end":{"line":56,"column":null}},"16":{"start":{"line":38,"column":12},"end":{"line":46,"column":null}},"17":{"start":{"line":39,"column":16},"end":{"line":39,"column":null}},"18":{"start":{"line":40,"column":16},"end":{"line":40,"column":null}},"19":{"start":{"line":40,"column":46},"end":{"line":40,"column":71}},"20":{"start":{"line":42,"column":32},"end":{"line":44,"column":null}},"21":{"start":{"line":43,"column":20},"end":{"line":43,"column":null}},"22":{"start":{"line":45,"column":16},"end":{"line":45,"column":null}},"23":{"start":{"line":45,"column":29},"end":{"line":45,"column":null}},"24":{"start":{"line":48,"column":12},"end":{"line":55,"column":null}},"25":{"start":{"line":49,"column":16},"end":{"line":49,"column":null}},"26":{"start":{"line":51,"column":32},"end":{"line":53,"column":null}},"27":{"start":{"line":52,"column":20},"end":{"line":52,"column":null}},"28":{"start":{"line":54,"column":16},"end":{"line":54,"column":null}},"29":{"start":{"line":54,"column":29},"end":{"line":54,"column":null}}},"fnMap":{"0":{"name":"TypeWriter","decl":{"start":{"line":14,"column":16},"end":{"line":14,"column":27}},"loc":{"start":{"line":20,"column":18},"end":{"line":82,"column":null}}},"1":{"name":"(anonymous_2)","decl":{"start":{"line":26,"column":14},"end":{"line":26,"column":null}},"loc":{"start":{"line":26,"column":14},"end":{"line":57,"column":7}}},"2":{"name":"(anonymous_3)","decl":{"start":{"line":30,"column":44},"end":{"line":30,"column":null}},"loc":{"start":{"line":30,"column":44},"end":{"line":33,"column":15}}},"3":{"name":"(anonymous_4)","decl":{"start":{"line":34,"column":19},"end":{"line":34,"column":25}},"loc":{"start":{"line":34,"column":25},"end":{"line":34,"column":null}}},"4":{"name":"(anonymous_5)","decl":{"start":{"line":40,"column":36},"end":{"line":40,"column":37}},"loc":{"start":{"line":40,"column":46},"end":{"line":40,"column":71}}},"5":{"name":"(anonymous_6)","decl":{"start":{"line":42,"column":43},"end":{"line":42,"column":null}},"loc":{"start":{"line":42,"column":43},"end":{"line":44,"column":19}}},"6":{"name":"(anonymous_7)","decl":{"start":{"line":45,"column":23},"end":{"line":45,"column":29}},"loc":{"start":{"line":45,"column":29},"end":{"line":45,"column":null}}},"7":{"name":"(anonymous_8)","decl":{"start":{"line":51,"column":43},"end":{"line":51,"column":null}},"loc":{"start":{"line":51,"column":43},"end":{"line":53,"column":19}}},"8":{"name":"(anonymous_9)","decl":{"start":{"line":54,"column":23},"end":{"line":54,"column":29}},"loc":{"start":{"line":54,"column":29},"end":{"line":54,"column":null}}}},"branchMap":{"0":{"loc":{"start":{"line":16,"column":4},"end":{"line":16,"column":18}},"type":"default-arg","locations":[{"start":{"line":16,"column":16},"end":{"line":16,"column":18}}]},"1":{"loc":{"start":{"line":17,"column":4},"end":{"line":17,"column":21}},"type":"default-arg","locations":[{"start":{"line":17,"column":18},"end":{"line":17,"column":21}}]},"2":{"loc":{"start":{"line":18,"column":4},"end":{"line":18,"column":22}},"type":"default-arg","locations":[{"start":{"line":18,"column":20},"end":{"line":18,"column":22}}]},"3":{"loc":{"start":{"line":19,"column":4},"end":{"line":19,"column":24}},"type":"default-arg","locations":[{"start":{"line":19,"column":20},"end":{"line":19,"column":24}}]},"4":{"loc":{"start":{"line":29,"column":8},"end":{"line":35,"column":null}},"type":"if","locations":[{"start":{"line":29,"column":8},"end":{"line":35,"column":null}},{"start":{},"end":{}}]},"5":{"loc":{"start":{"line":37,"column":8},"end":{"line":56,"column":null}},"type":"if","locations":[{"start":{"line":37,"column":8},"end":{"line":56,"column":null}},{"start":{"line":47,"column":15},"end":{"line":56,"column":null}}]},"6":{"loc":{"start":{"line":38,"column":12},"end":{"line":46,"column":null}},"type":"if","locations":[{"start":{"line":38,"column":12},"end":{"line":46,"column":null}},{"start":{"line":41,"column":19},"end":{"line":46,"column":null}}]},"7":{"loc":{"start":{"line":48,"column":12},"end":{"line":55,"column":null}},"type":"if","locations":[{"start":{"line":48,"column":12},"end":{"line":55,"column":null}},{"start":{"line":50,"column":19},"end":{"line":55,"column":null}}]}},"s":{"0":14,"1":1,"2":1,"3":81,"4":81,"5":81,"6":81,"7":81,"8":81,"9":81,"10":14,"11":6,"12":6,"13":14,"14":14,"15":67,"16":15,"17":5,"18":5,"19":5,"20":10,"21":9,"22":10,"23":10,"24":52,"25":14,"26":38,"27":33,"28":38,"29":38},"f":{"0":81,"1":81,"2":6,"3":14,"4":5,"5":9,"6":10,"7":33,"8":38},"b":{"0":[80],"1":[4],"2":[27],"3":[27],"4":[14,67],"5":[15,52],"6":[5,10],"7":[14,38]}}
,"/Users/ppmtrue/Documents/GitHub/SelenIT-Digital-Agency/src/components/ui/YouTubeEmbed.tsx": {"path":"/Users/ppmtrue/Documents/GitHub/SelenIT-Digital-Agency/src/components/ui/YouTubeEmbed.tsx","statementMap":{"0":{"start":{"line":19,"column":24},"end":{"line":19,"column":37}},"1":{"start":{"line":3,"column":21},"end":{"line":3,"column":null}},"2":{"start":{"line":12,"column":42},"end":{"line":16,"column":null}},"3":{"start":{"line":25,"column":21},"end":{"line":25,"column":52}}},"fnMap":{"0":{"name":"YouTubeEmbed","decl":{"start":{"line":19,"column":24},"end":{"line":19,"column":37}},"loc":{"start":{"line":24,"column":20},"end":{"line":64,"column":null}}}},"branchMap":{"0":{"loc":{"start":{"line":21,"column":4},"end":{"line":21,"column":31}},"type":"default-arg","locations":[{"start":{"line":21,"column":12},"end":{"line":21,"column":31}}]},"1":{"loc":{"start":{"line":22,"column":4},"end":{"line":22,"column":18}},"type":"default-arg","locations":[{"start":{"line":22,"column":16},"end":{"line":22,"column":18}}]},"2":{"loc":{"start":{"line":23,"column":4},"end":{"line":23,"column":15}},"type":"default-arg","locations":[{"start":{"line":23,"column":11},"end":{"line":23,"column":15}}]},"3":{"loc":{"start":{"line":25,"column":21},"end":{"line":25,"column":52}},"type":"binary-expr","locations":[{"start":{"line":25,"column":21},"end":{"line":25,"column":36}},{"start":{"line":25,"column":40},"end":{"line":25,"column":52}}]}},"s":{"0":0,"1":0,"2":0,"3":0},"f":{"0":0},"b":{"0":[0],"1":[0],"2":[0],"3":[0,0]}}
}
