TN:
SF:src/components/ContactForm.backup.tsx
FN:60,ContactForm
FN:79,(anonymous_2)
FN:86,(anonymous_3)
FN:87,(anonymous_4)
FN:93,(anonymous_5)
FN:99,(anonymous_6)
FN:114,(anonymous_7)
FN:169,(anonymous_8)
FN:246,(anonymous_9)
FN:250,(anonymous_10)
FN:256,(anonymous_11)
FN:299,(anonymous_12)
FN:322,(anonymous_13)
FN:333,(anonymous_14)
FN:531,(anonymous_15)
FN:602,(anonymous_16)
FNF:16
FNH:0
FNDA:0,ContactForm
FNDA:0,(anonymous_2)
FNDA:0,(anonymous_3)
FNDA:0,(anonymous_4)
FNDA:0,(anonymous_5)
FNDA:0,(anonymous_6)
FNDA:0,(anonymous_7)
FNDA:0,(anonymous_8)
FNDA:0,(anonymous_9)
FNDA:0,(anonymous_10)
FNDA:0,(anonymous_11)
FNDA:0,(anonymous_12)
FNDA:0,(anonymous_13)
FNDA:0,(anonymous_14)
FNDA:0,(anonymous_15)
FNDA:0,(anonymous_16)
DA:3,0
DA:4,0
DA:58,0
DA:60,0
DA:61,0
DA:62,0
DA:72,0
DA:73,0
DA:74,0
DA:75,0
DA:76,0
DA:79,0
DA:80,0
DA:81,0
DA:82,0
DA:83,0
DA:84,0
DA:85,0
DA:86,0
DA:87,0
DA:88,0
DA:91,0
DA:92,0
DA:93,0
DA:94,0
DA:99,0
DA:100,0
DA:101,0
DA:103,0
DA:104,0
DA:107,0
DA:109,0
DA:110,0
DA:114,0
DA:115,0
DA:116,0
DA:117,0
DA:124,0
DA:125,0
DA:126,0
DA:132,0
DA:133,0
DA:140,0
DA:141,0
DA:147,0
DA:148,0
DA:155,0
DA:156,0
DA:165,0
DA:166,0
DA:169,0
DA:170,0
DA:171,0
DA:174,0
DA:175,0
DA:176,0
DA:177,0
DA:180,0
DA:182,0
DA:184,0
DA:186,0
DA:189,0
DA:190,0
DA:196,0
DA:201,0
DA:215,0
DA:217,0
DA:218,0
DA:221,0
DA:222,0
DA:233,0
DA:234,0
DA:242,0
DA:246,0
DA:249,0
DA:250,0
DA:255,0
DA:256,0
DA:258,0
DA:299,0
DA:322,0
DA:333,0
DA:532,0
DA:603,0
LF:84
LH:0
BRDA:58,0,0,0
BRDA:58,0,1,0
BRDA:80,1,0,0
BRDA:80,1,1,0
BRDA:80,2,0,0
BRDA:80,2,1,0
BRDA:92,3,0,0
BRDA:92,3,1,0
BRDA:92,4,0,0
BRDA:92,4,1,0
BRDA:100,5,0,0
BRDA:100,5,1,0
BRDA:100,6,0,0
BRDA:100,6,1,0
BRDA:116,7,0,0
BRDA:116,7,1,0
BRDA:118,8,0,0
BRDA:118,8,1,0
BRDA:120,9,0,0
BRDA:120,9,1,0
BRDA:124,10,0,0
BRDA:124,10,1,0
BRDA:125,11,0,0
BRDA:125,11,1,0
BRDA:127,12,0,0
BRDA:127,12,1,0
BRDA:129,13,0,0
BRDA:129,13,1,0
BRDA:132,14,0,0
BRDA:132,14,1,0
BRDA:134,15,0,0
BRDA:134,15,1,0
BRDA:136,16,0,0
BRDA:136,16,1,0
BRDA:140,17,0,0
BRDA:140,17,1,0
BRDA:142,18,0,0
BRDA:142,18,1,0
BRDA:144,19,0,0
BRDA:144,19,1,0
BRDA:147,20,0,0
BRDA:147,20,1,0
BRDA:149,21,0,0
BRDA:149,21,1,0
BRDA:151,22,0,0
BRDA:151,22,1,0
BRDA:155,23,0,0
BRDA:155,23,1,0
BRDA:157,24,0,0
BRDA:157,24,1,0
BRDA:159,25,0,0
BRDA:159,25,1,0
BRDA:174,26,0,0
BRDA:174,26,1,0
BRDA:180,27,0,0
BRDA:180,27,1,0
BRDA:189,28,0,0
BRDA:189,28,1,0
BRDA:196,29,0,0
BRDA:196,29,1,0
BRDA:197,30,0,0
BRDA:197,30,1,0
BRDA:198,31,0,0
BRDA:198,31,1,0
BRDA:198,32,0,0
BRDA:198,32,1,0
BRDA:208,33,0,0
BRDA:208,33,1,0
BRDA:217,34,0,0
BRDA:217,34,1,0
BRDA:218,35,0,0
BRDA:218,35,1,0
BRDA:235,36,0,0
BRDA:235,36,1,0
BRDA:237,37,0,0
BRDA:237,37,1,0
BRDA:255,38,0,0
BRDA:255,38,1,0
BRDA:267,39,0,0
BRDA:291,40,0,0
BRDA:291,40,1,0
BRDA:294,41,0,0
BRDA:294,41,1,0
BRDA:315,42,0,0
BRDA:315,42,1,0
BRDA:324,43,0,0
BRDA:324,43,1,0
BRDA:335,44,0,0
BRDA:335,44,1,0
BRDA:385,45,0,0
BRDA:385,45,1,0
BRDA:391,46,0,0
BRDA:411,47,0,0
BRDA:425,48,0,0
BRDA:425,48,1,0
BRDA:431,49,0,0
BRDA:463,50,0,0
BRDA:463,50,1,0
BRDA:469,51,0,0
BRDA:512,52,0,0
BRDA:523,53,0,0
BRDA:523,53,1,0
BRDA:557,54,0,0
BRDA:575,55,0,0
BRDA:636,56,0,0
BRDA:636,56,1,0
BRDA:638,57,0,0
BRDA:638,57,1,0
BRDA:641,58,0,0
BRDA:648,59,0,0
BRDA:648,59,1,0
BRDA:652,60,0,0
BRDA:652,60,1,0
BRDA:657,61,0,0
BRDA:657,61,1,0
BRDA:659,62,0,0
BRDA:659,62,1,0
BRDA:664,63,0,0
BRDA:684,64,0,0
BRDA:717,65,0,0
BRDA:744,66,0,0
BRDA:744,66,1,0
BRDA:746,67,0,0
BRDA:746,67,1,0
BRDA:776,68,0,0
BRDA:776,68,1,0
BRDA:778,69,0,0
BRDA:778,69,1,0
BRDA:789,70,0,0
BRDA:789,70,1,0
BRDA:791,71,0,0
BRDA:791,71,1,0
BRDA:802,72,0,0
BRDA:802,72,1,0
BRDA:804,73,0,0
BRDA:804,73,1,0
BRF:136
BRH:0
end_of_record
TN:
SF:src/components/ContactForm.tsx
FN:13,(anonymous_4)
FN:13,(anonymous_5)
FN:14,(anonymous_6)
FN:14,(anonymous_7)
FN:50,ContactForm
FN:55,(anonymous_9)
FN:111,(anonymous_10)
FN:119,(anonymous_11)
FNF:8
FNH:8
FNDA:6,(anonymous_4)
FNDA:6,(anonymous_5)
FNDA:6,(anonymous_6)
FNDA:6,(anonymous_7)
FNDA:1937,ContactForm
FNDA:8,(anonymous_9)
FNDA:6,(anonymous_10)
FNDA:1,(anonymous_11)
DA:3,6
DA:4,6
DA:5,6
DA:6,6
DA:7,6
DA:8,6
DA:9,6
DA:10,6
DA:13,12
DA:14,12
DA:50,96
DA:51,1937
DA:52,1937
DA:54,1937
DA:57,8
DA:60,8
DA:61,1
DA:67,8
DA:72,8
DA:86,8
DA:88,7
DA:89,1
DA:105,1937
DA:111,1937
DA:112,6
DA:114,6
DA:115,0
DA:119,1937
DA:120,1
DA:121,1
LF:30
LH:29
BRDA:60,0,0,1
BRDA:60,0,1,7
BRDA:67,1,0,8
BRDA:67,1,1,0
BRDA:68,2,0,8
BRDA:68,2,1,7
BRDA:69,3,0,0
BRDA:69,3,1,0
BRDA:69,4,0,0
BRDA:69,4,1,0
BRDA:79,5,0,8
BRDA:79,5,1,0
BRDA:88,6,0,1
BRDA:88,6,1,6
BRDA:89,7,0,1
BRDA:89,7,1,0
BRDA:114,8,0,0
BRDA:114,8,1,6
BRDA:114,9,0,6
BRDA:114,9,1,6
BRDA:127,10,0,5
BRDA:128,11,0,5
BRDA:128,11,1,0
BRDA:130,12,0,5
BRDA:130,12,1,0
BRDA:182,13,0,1932
BRF:26
BRH:16
end_of_record
TN:
SF:src/components/ContactFormFields.tsx
FN:13,ContactFormFields
FN:79,(anonymous_2)
FN:105,(anonymous_3)
FNF:3
FNH:3
FNDA:1929,ContactFormFields
FNDA:6141,(anonymous_2)
FNDA:5932,(anonymous_3)
DA:3,6
DA:13,97
DA:80,6141
DA:106,5932
LF:4
LH:4
BRDA:89,0,0,1921
BRDA:118,1,0,1918
BRDA:118,1,1,1918
BRDA:147,2,0,1921
BRDA:167,3,0,1918
BRDA:167,3,1,3
BRDA:174,4,0,1918
BRDA:174,4,1,3
BRF:8
BRH:8
end_of_record
TN:
SF:src/components/MusicPlayer.tsx
FN:23,MusicPlayer
FN:45,(anonymous_3)
FN:55,(anonymous_4)
FN:61,(anonymous_5)
FN:64,(anonymous_6)
FN:75,(anonymous_7)
FN:79,(anonymous_8)
FN:80,(anonymous_9)
FN:85,(anonymous_10)
FN:91,(anonymous_11)
FN:104,(anonymous_12)
FN:107,(anonymous_13)
FN:115,(anonymous_14)
FN:119,(anonymous_15)
FN:130,(anonymous_16)
FN:137,(anonymous_17)
FN:145,(anonymous_18)
FN:149,(anonymous_19)
FN:170,(anonymous_20)
FN:178,(anonymous_21)
FN:184,(anonymous_22)
FNF:21
FNH:0
FNDA:0,MusicPlayer
FNDA:0,(anonymous_3)
FNDA:0,(anonymous_4)
FNDA:0,(anonymous_5)
FNDA:0,(anonymous_6)
FNDA:0,(anonymous_7)
FNDA:0,(anonymous_8)
FNDA:0,(anonymous_9)
FNDA:0,(anonymous_10)
FNDA:0,(anonymous_11)
FNDA:0,(anonymous_12)
FNDA:0,(anonymous_13)
FNDA:0,(anonymous_14)
FNDA:0,(anonymous_15)
FNDA:0,(anonymous_16)
FNDA:0,(anonymous_17)
FNDA:0,(anonymous_18)
FNDA:0,(anonymous_19)
FNDA:0,(anonymous_20)
FNDA:0,(anonymous_21)
FNDA:0,(anonymous_22)
DA:3,0
DA:14,0
DA:23,0
DA:24,0
DA:25,0
DA:26,0
DA:27,0
DA:28,0
DA:29,0
DA:30,0
DA:32,0
DA:34,0
DA:43,0
DA:45,0
DA:47,0
DA:48,0
DA:49,0
DA:51,0
DA:52,0
DA:53,0
DA:55,0
DA:56,0
DA:57,0
DA:58,0
DA:59,0
DA:60,0
DA:62,0
DA:65,0
DA:66,0
DA:75,0
DA:76,0
DA:77,0
DA:79,0
DA:80,0
DA:82,0
DA:83,0
DA:85,0
DA:86,0
DA:87,0
DA:91,0
DA:92,0
DA:93,0
DA:94,0
DA:95,0
DA:97,0
DA:99,0
DA:101,0
DA:102,0
DA:103,0
DA:105,0
DA:108,0
DA:109,0
DA:115,0
DA:116,0
DA:119,0
DA:120,0
DA:122,0
DA:123,0
DA:125,0
DA:127,0
DA:130,0
DA:131,0
DA:132,0
DA:133,0
DA:134,0
DA:137,0
DA:138,0
DA:139,0
DA:140,0
DA:141,0
DA:145,0
DA:149,0
DA:170,0
DA:178,0
DA:184,0
LF:75
LH:0
BRDA:48,0,0,0
BRDA:48,0,1,0
BRDA:52,1,0,0
BRDA:52,1,1,0
BRDA:56,2,0,0
BRDA:56,2,1,0
BRDA:59,3,0,0
BRDA:59,3,1,0
BRDA:77,4,0,0
BRDA:77,4,1,0
BRDA:97,5,0,0
BRDA:97,5,1,0
BRDA:97,6,0,0
BRDA:97,6,1,0
BRDA:102,7,0,0
BRDA:102,7,1,0
BRDA:120,8,0,0
BRDA:120,8,1,0
BRDA:122,9,0,0
BRDA:122,9,1,0
BRDA:131,10,0,0
BRDA:131,10,1,0
BRDA:139,11,0,0
BRDA:139,11,1,0
BRDA:159,12,0,0
BRDA:195,13,0,0
BRDA:202,14,0,0
BRDA:210,15,0,0
BRDA:210,15,1,0
BRDA:231,16,0,0
BRDA:242,17,0,0
BRDA:242,17,1,0
BRF:32
BRH:0
end_of_record
TN:
SF:src/components/ShowreelGrid.tsx
FN:34,ShowreelGrid
FN:43,(anonymous_3)
FN:96,(anonymous_4)
FN:108,(anonymous_5)
FNF:4
FNH:0
FNDA:0,ShowreelGrid
FNDA:0,(anonymous_3)
FNDA:0,(anonymous_4)
FNDA:0,(anonymous_5)
DA:4,0
DA:5,0
DA:6,0
DA:34,0
DA:44,0
DA:97,0
DA:109,0
LF:7
LH:0
BRDA:51,0,0,0
BRDA:119,1,0,0
BRDA:124,2,0,0
BRDA:124,2,1,0
BRF:4
BRH:0
end_of_record
TN:
SF:src/components/ShowreelGridLight.tsx
FN:33,ProjectCard
FN:68,(anonymous_3)
FN:99,ShowreelGridOptimized
FN:103,(anonymous_5)
FN:105,(anonymous_6)
FN:108,(anonymous_7)
FN:109,(anonymous_8)
FN:118,(anonymous_9)
FN:121,(anonymous_10)
FN:135,(anonymous_11)
FNF:10
FNH:0
FNDA:0,ProjectCard
FNDA:0,(anonymous_3)
FNDA:0,ShowreelGridOptimized
FNDA:0,(anonymous_5)
FNDA:0,(anonymous_6)
FNDA:0,(anonymous_7)
FNDA:0,(anonymous_8)
FNDA:0,(anonymous_9)
FNDA:0,(anonymous_10)
FNDA:0,(anonymous_11)
DA:3,0
DA:4,0
DA:5,0
DA:69,0
DA:99,0
DA:100,0
DA:103,0
DA:104,0
DA:105,0
DA:108,0
DA:109,0
DA:110,0
DA:119,0
DA:121,0
DA:136,0
LF:15
LH:0
BRDA:76,0,0,0
BRDA:85,1,0,0
BRDA:90,2,0,0
BRDA:90,2,1,0
BRDA:104,3,0,0
BRDA:104,3,1,0
BRDA:123,4,0,0
BRDA:123,4,1,0
BRDA:128,5,0,0
BRDA:128,5,1,0
BRDA:141,6,0,0
BRF:11
BRH:0
end_of_record
TN:
SF:src/components/ShowreelGridOptimized.tsx
FN:35,ProjectCard
FN:86,(anonymous_3)
FN:103,(anonymous_4)
FN:133,ShowreelGrid
FN:142,(anonymous_6)
FNF:5
FNH:0
FNDA:0,ProjectCard
FNDA:0,(anonymous_3)
FNDA:0,(anonymous_4)
FNDA:0,ShowreelGrid
FNDA:0,(anonymous_6)
DA:4,0
DA:5,0
DA:6,0
DA:87,0
DA:104,0
DA:133,0
DA:143,0
LF:7
LH:0
BRDA:49,0,0,0
BRDA:94,1,0,0
BRDA:111,2,0,0
BRDA:119,3,0,0
BRDA:124,4,0,0
BRDA:124,4,1,0
BRF:6
BRH:0
end_of_record
TN:
SF:src/components/ShowreelPageClient.tsx
FN:9,(anonymous_5)
FN:9,(anonymous_6)
FN:20,ShowreelPageClient
FN:79,(anonymous_8)
FN:110,(anonymous_9)
FNF:5
FNH:0
FNDA:0,(anonymous_5)
FNDA:0,(anonymous_6)
FNDA:0,ShowreelPageClient
FNDA:0,(anonymous_8)
FNDA:0,(anonymous_9)
DA:3,0
DA:4,0
DA:5,0
DA:6,0
DA:9,0
DA:20,0
DA:81,0
DA:110,0
DA:111,0
LF:9
LH:0
BRDA:72,0,0,0
BRDA:72,0,1,0
BRDA:74,1,0,0
BRDA:74,1,1,0
BRDA:81,2,0,0
BRDA:81,2,1,0
BRDA:91,3,0,0
BRDA:91,3,1,0
BRF:8
BRH:0
end_of_record
TN:
SF:src/components/SubmitButton.tsx
FN:11,SubmitButton
FNF:1
FNH:1
FNDA:1925,SubmitButton
DA:3,6
DA:11,93
LF:2
LH:2
BRDA:22,0,0,8
BRDA:22,0,1,1917
BRDA:24,1,0,1914
BRDA:24,1,1,3
BRF:4
BRH:4
end_of_record
TN:
SF:src/components/icons/AwsIcon.tsx
FNF:0
FNH:0
DA:3,0
LF:1
LH:0
BRF:0
BRH:0
end_of_record
TN:
SF:src/components/icons/DockerIcon.tsx
FNF:0
FNH:0
DA:3,0
LF:1
LH:0
BRF:0
BRH:0
end_of_record
TN:
SF:src/components/icons/GitIcon.tsx
FNF:0
FNH:0
DA:3,0
LF:1
LH:0
BRF:0
BRH:0
end_of_record
TN:
SF:src/components/icons/LogoIcon.tsx
FN:18,(anonymous_1)
FNF:1
FNH:0
FNDA:0,(anonymous_1)
DA:1,0
DA:18,0
LF:2
LH:0
BRDA:18,0,0,0
BRDA:77,1,0,0
BRDA:77,1,1,0
BRDA:89,2,0,0
BRDA:89,2,1,0
BRDA:98,3,0,0
BRDA:98,3,1,0
BRDA:99,4,0,0
BRDA:99,4,1,0
BRF:9
BRH:0
end_of_record
TN:
SF:src/components/icons/MongoDbIcon.tsx
FNF:0
FNH:0
DA:3,0
LF:1
LH:0
BRF:0
BRH:0
end_of_record
TN:
SF:src/components/icons/NextJsIcon.tsx
FNF:0
FNH:0
DA:3,0
LF:1
LH:0
BRF:0
BRH:0
end_of_record
TN:
SF:src/components/icons/NodeJsIcon.tsx
FNF:0
FNH:0
DA:3,0
LF:1
LH:0
BRF:0
BRH:0
end_of_record
TN:
SF:src/components/icons/ReactIcon.tsx
FNF:0
FNH:0
DA:3,0
LF:1
LH:0
BRF:0
BRH:0
end_of_record
TN:
SF:src/components/icons/TailwindIcon.tsx
FNF:0
FNH:0
DA:3,0
LF:1
LH:0
BRF:0
BRH:0
end_of_record
TN:
SF:src/components/icons/TypeScriptIcon.tsx
FNF:0
FNH:0
DA:3,0
LF:1
LH:0
BRF:0
BRH:0
end_of_record
TN:
SF:src/components/icons/VercelIcon.tsx
FNF:0
FNH:0
DA:3,0
LF:1
LH:0
BRF:0
BRH:0
end_of_record
TN:
SF:src/components/icons/index.ts
FNF:0
FNH:0
DA:1,0
DA:2,0
DA:3,0
DA:4,0
DA:5,0
DA:6,0
DA:7,0
DA:8,0
DA:9,0
DA:10,0
DA:11,0
LF:11
LH:0
BRF:0
BRH:0
end_of_record
TN:
SF:src/components/layout/Footer.tsx
FN:14,(anonymous_2)
FN:16,(anonymous_3)
FN:39,Footer
FN:68,(anonymous_5)
FN:87,(anonymous_6)
FN:194,(anonymous_7)
FN:215,(anonymous_8)
FN:234,(anonymous_9)
FN:352,SocialIcon
FNF:9
FNH:0
FNDA:0,(anonymous_2)
FNDA:0,(anonymous_3)
FNDA:0,Footer
FNDA:0,(anonymous_5)
FNDA:0,(anonymous_6)
FNDA:0,(anonymous_7)
FNDA:0,(anonymous_8)
FNDA:0,(anonymous_9)
FNDA:0,SocialIcon
DA:1,0
DA:4,0
DA:6,0
DA:7,0
DA:14,0
DA:15,0
DA:16,0
DA:39,0
DA:40,0
DA:41,0
DA:42,0
DA:69,0
DA:88,0
DA:195,0
DA:216,0
DA:235,0
DA:353,0
DA:391,0
LF:18
LH:0
BRDA:6,0,0,0
BRDA:6,0,1,0
BRDA:7,1,0,0
BRDA:7,1,1,0
BRDA:26,2,0,0
BRDA:26,2,1,0
BRDA:26,3,0,0
BRDA:26,3,1,0
BRDA:353,4,0,0
BRF:9
BRH:0
end_of_record
TN:
SF:src/components/layout/Header.tsx
FN:19,Header
FNF:1
FNH:1
FNDA:110,Header
DA:3,2
DA:4,2
DA:5,2
DA:6,2
DA:7,2
DA:8,2
DA:9,2
DA:10,2
DA:19,39
DA:34,110
LF:10
LH:10
BRDA:53,0,0,2
BRDA:53,0,1,40
BRDA:88,1,0,14
BRDA:88,1,1,28
BRDA:96,2,0,14
BRDA:96,2,1,28
BRDA:97,3,0,14
BRDA:97,3,1,28
BRDA:104,4,0,14
BRDA:104,4,1,28
BRDA:105,5,0,14
BRDA:105,5,1,28
BRDA:112,6,0,14
BRDA:112,6,1,28
BRDA:113,7,0,14
BRDA:113,7,1,28
BRF:16
BRH:16
end_of_record
TN:
SF:src/components/providers/AnalyticsWrapper.tsx
FN:7,AnalyticsWrapper
FNF:1
FNH:0
FNDA:0,AnalyticsWrapper
DA:3,0
DA:4,0
DA:5,0
DA:7,0
DA:8,0
DA:10,0
DA:11,0
LF:7
LH:0
BRDA:10,0,0,0
BRDA:10,0,1,0
BRF:2
BRH:0
end_of_record
TN:
SF:src/components/providers/CookieConsentProvider.tsx
FN:17,CookieConsentProvider
FN:21,(anonymous_4)
FN:29,(anonymous_5)
FN:43,useCookieConsent
FNF:4
FNH:4
FNDA:164,CookieConsentProvider
FNDA:78,(anonymous_4)
FNDA:6,(anonymous_5)
FNDA:39,useCookieConsent
DA:3,4
DA:13,4
DA:15,4
DA:17,80
DA:18,164
DA:19,164
DA:21,164
DA:22,78
DA:23,78
DA:24,3
DA:26,78
DA:29,164
DA:30,6
DA:31,6
DA:34,164
DA:43,39
DA:44,39
DA:45,38
DA:46,4
DA:48,34
LF:20
LH:20
BRDA:23,0,0,3
BRDA:23,0,1,75
BRDA:23,1,0,78
BRDA:23,1,1,76
BRDA:45,2,0,4
BRDA:45,2,1,34
BRF:6
BRH:6
end_of_record
TN:
SF:src/components/providers/CookieConsentWrapper.tsx
FN:11,CookieConsentWrapper
FNF:1
FNH:0
FNDA:0,CookieConsentWrapper
DA:3,0
DA:11,0
LF:2
LH:0
BRF:0
BRH:0
end_of_record
TN:
SF:src/components/providers/PageTransition.tsx
FN:37,PageTransition
FNF:1
FNH:0
FNDA:0,PageTransition
DA:3,0
DA:4,0
DA:11,0
DA:37,0
DA:38,0
LF:5
LH:0
BRF:0
BRH:0
end_of_record
TN:
SF:src/components/providers/SmoothScrollProvider.tsx
FN:5,SmoothScrollProvider
FN:9,(anonymous_5)
FN:13,(anonymous_6)
FN:16,(anonymous_7)
FN:17,(anonymous_8)
FN:21,(anonymous_9)
FN:27,(anonymous_10)
FN:32,raf
FN:45,(anonymous_12)
FNF:9
FNH:0
FNDA:0,SmoothScrollProvider
FNDA:0,(anonymous_5)
FNDA:0,(anonymous_6)
FNDA:0,(anonymous_7)
FNDA:0,(anonymous_8)
FNDA:0,(anonymous_9)
FNDA:0,(anonymous_10)
FNDA:0,raf
FNDA:0,(anonymous_12)
DA:3,0
DA:5,0
DA:6,0
DA:7,0
DA:9,0
DA:10,0
DA:13,0
DA:14,0
DA:16,0
DA:17,0
DA:19,0
DA:21,0
DA:27,0
DA:30,0
DA:33,0
DA:34,0
DA:37,0
DA:40,0
DA:43,0
DA:45,0
DA:46,0
DA:47,0
DA:48,0
LF:23
LH:0
BRDA:14,0,0,0
BRDA:14,0,1,0
BRDA:46,1,0,0
BRDA:46,1,1,0
BRF:4
BRH:0
end_of_record
TN:
SF:src/components/providers/theme-provider.tsx
FN:5,ThemeProvider
FNF:1
FNH:0
FNDA:0,ThemeProvider
DA:3,0
DA:5,0
LF:2
LH:0
BRF:0
BRH:0
end_of_record
TN:
SF:src/components/sections/CTA.tsx
FN:19,CTA
FN:34,(anonymous_3)
FNF:2
FNH:0
FNDA:0,CTA
FNDA:0,(anonymous_3)
DA:1,0
DA:2,0
DA:19,0
DA:35,0
DA:37,0
DA:43,0
DA:44,0
DA:45,0
DA:58,0
LF:9
LH:0
BRDA:45,0,0,0
BRDA:45,0,1,0
BRF:2
BRH:0
end_of_record
TN:
SF:src/components/sections/Hero.tsx
FN:30,Counter
FN:42,(anonymous_3)
FN:47,(anonymous_4)
FN:53,(anonymous_5)
FN:64,Hero
FN:103,(anonymous_7)
FN:106,(anonymous_8)
FN:109,(anonymous_9)
FN:166,(anonymous_10)
FN:191,(anonymous_11)
FN:196,(anonymous_12)
FN:227,(anonymous_13)
FN:235,(anonymous_14)
FN:241,(anonymous_15)
FN:370,(anonymous_16)
FNF:15
FNH:0
FNDA:0,Counter
FNDA:0,(anonymous_3)
FNDA:0,(anonymous_4)
FNDA:0,(anonymous_5)
FNDA:0,Hero
FNDA:0,(anonymous_7)
FNDA:0,(anonymous_8)
FNDA:0,(anonymous_9)
FNDA:0,(anonymous_10)
FNDA:0,(anonymous_11)
FNDA:0,(anonymous_12)
FNDA:0,(anonymous_13)
FNDA:0,(anonymous_14)
FNDA:0,(anonymous_15)
FNDA:0,(anonymous_16)
DA:3,0
DA:4,0
DA:5,0
DA:6,0
DA:7,0
DA:39,0
DA:40,0
DA:42,0
DA:43,0
DA:44,0
DA:48,0
DA:49,0
DA:53,0
DA:64,0
DA:65,0
DA:76,0
DA:104,0
DA:105,0
DA:106,0
DA:107,0
DA:108,0
DA:109,0
DA:111,0
DA:167,0
DA:168,0
DA:180,0
DA:181,0
DA:182,0
DA:192,0
DA:195,0
DA:197,0
DA:202,0
DA:204,0
DA:228,0
DA:236,0
DA:240,0
DA:242,0
DA:252,0
DA:255,0
DA:258,0
DA:262,0
DA:266,0
DA:371,0
LF:43
LH:0
BRDA:33,0,0,0
BRDA:43,1,0,0
BRDA:43,1,1,0
BRDA:43,2,0,0
BRDA:43,2,1,0
BRDA:48,3,0,0
BRDA:48,3,1,0
BRDA:114,4,0,0
BRDA:114,4,1,0
BRDA:117,5,0,0
BRDA:117,5,1,0
BRDA:141,6,0,0
BRDA:141,6,1,0
BRDA:181,7,0,0
BRDA:181,7,1,0
BRDA:202,8,0,0
BRDA:202,8,1,0
BRDA:206,9,0,0
BRDA:206,9,1,0
BRDA:208,10,0,0
BRDA:208,10,1,0
BRDA:258,11,0,0
BRDA:258,11,1,0
BRDA:258,11,2,0
BRDA:262,12,0,0
BRDA:262,12,1,0
BRDA:271,13,0,0
BRDA:271,13,1,0
BRDA:280,14,0,0
BRDA:355,15,0,0
BRDA:355,15,1,0
BRF:31
BRH:0
end_of_record
TN:
SF:src/components/sections/Services.tsx
FN:71,Services
FN:75,(anonymous_6)
FN:112,(anonymous_7)
FN:157,(anonymous_8)
FN:180,(anonymous_9)
FN:197,(anonymous_10)
FN:200,(anonymous_11)
FN:242,(anonymous_12)
FNF:8
FNH:0
FNDA:0,Services
FNDA:0,(anonymous_6)
FNDA:0,(anonymous_7)
FNDA:0,(anonymous_8)
FNDA:0,(anonymous_9)
FNDA:0,(anonymous_10)
FNDA:0,(anonymous_11)
FNDA:0,(anonymous_12)
DA:3,0
DA:4,0
DA:7,0
DA:8,0
DA:9,0
DA:28,0
DA:71,0
DA:72,0
DA:73,0
DA:75,0
DA:76,0
DA:113,0
DA:115,0
DA:126,0
DA:137,0
DA:149,0
DA:158,0
DA:181,0
DA:198,0
DA:200,0
DA:243,0
LF:21
LH:0
BRDA:76,0,0,0
BRDA:76,0,1,0
BRDA:115,1,0,0
BRDA:115,1,1,0
BRDA:123,2,0,0
BRDA:123,2,1,0
BRDA:126,3,0,0
BRDA:126,3,1,0
BRDA:134,4,0,0
BRDA:134,4,1,0
BRDA:137,5,0,0
BRDA:137,5,1,0
BRDA:145,6,0,0
BRDA:145,6,1,0
BRDA:161,7,0,0
BRDA:161,7,1,0
BRDA:208,8,0,0
BRDA:230,9,0,0
BRDA:230,9,1,0
BRDA:231,10,0,0
BRDA:231,10,1,0
BRDA:254,11,0,0
BRDA:254,11,1,0
BRF:23
BRH:0
end_of_record
TN:
SF:src/components/sections/Showreel.tsx
FN:24,Showreel
FN:113,(anonymous_3)
FN:115,(anonymous_4)
FN:131,(anonymous_5)
FN:134,(anonymous_6)
FN:174,(anonymous_7)
FN:246,(anonymous_8)
FN:294,(anonymous_9)
FN:319,(anonymous_10)
FNF:9
FNH:0
FNDA:0,Showreel
FNDA:0,(anonymous_3)
FNDA:0,(anonymous_4)
FNDA:0,(anonymous_5)
FNDA:0,(anonymous_6)
FNDA:0,(anonymous_7)
FNDA:0,(anonymous_8)
FNDA:0,(anonymous_9)
FNDA:0,(anonymous_10)
DA:3,0
DA:5,0
DA:6,0
DA:24,0
DA:25,0
DA:26,0
DA:28,0
DA:113,0
DA:114,0
DA:115,0
DA:116,0
DA:117,0
DA:118,0
DA:132,0
DA:133,0
DA:134,0
DA:135,0
DA:136,0
DA:146,0
DA:175,0
DA:247,0
DA:295,0
DA:320,0
LF:23
LH:0
BRDA:32,0,0,0
BRDA:32,0,1,0
BRDA:34,1,0,0
BRDA:34,1,1,0
BRDA:37,2,0,0
BRDA:37,2,1,0
BRDA:37,3,0,0
BRDA:37,3,1,0
BRDA:40,4,0,0
BRDA:40,4,1,0
BRDA:42,5,0,0
BRDA:42,5,1,0
BRDA:46,6,0,0
BRDA:46,6,1,0
BRDA:53,7,0,0
BRDA:53,7,1,0
BRDA:68,8,0,0
BRDA:68,8,1,0
BRDA:70,9,0,0
BRDA:70,9,1,0
BRDA:74,10,0,0
BRDA:74,10,1,0
BRDA:76,11,0,0
BRDA:76,11,1,0
BRDA:81,12,0,0
BRDA:81,12,1,0
BRDA:83,13,0,0
BRDA:83,13,1,0
BRDA:87,14,0,0
BRDA:87,14,1,0
BRDA:94,15,0,0
BRDA:94,15,1,0
BRDA:117,16,0,0
BRDA:117,16,1,0
BRDA:135,17,0,0
BRDA:135,17,1,0
BRDA:142,18,0,0
BRDA:142,18,1,0
BRDA:152,19,0,0
BRDA:152,19,1,0
BRDA:170,20,0,0
BRDA:170,20,1,0
BRDA:177,21,0,0
BRDA:190,22,0,0
BRDA:190,22,1,0
BRDA:219,23,0,0
BRDA:265,24,0,0
BRDA:265,24,1,0
BRDA:267,25,0,0
BRDA:267,25,1,0
BRDA:287,26,0,0
BRDA:287,26,1,0
BRDA:289,27,0,0
BRDA:289,27,1,0
BRDA:312,28,0,0
BRDA:312,28,1,0
BRDA:314,29,0,0
BRDA:314,29,1,0
BRF:58
BRH:0
end_of_record
TN:
SF:src/components/sections/StatsAccordion.tsx
FN:13,StatsAccordion
FN:16,(anonymous_2)
FN:22,(anonymous_3)
FN:25,(anonymous_4)
FN:51,(anonymous_5)
FNF:5
FNH:0
FNDA:0,StatsAccordion
FNDA:0,(anonymous_2)
FNDA:0,(anonymous_3)
FNDA:0,(anonymous_4)
FNDA:0,(anonymous_5)
DA:3,0
DA:4,0
DA:13,0
DA:14,0
DA:16,0
DA:17,0
DA:23,0
DA:25,0
DA:52,0
LF:9
LH:0
BRDA:17,0,0,0
BRDA:17,0,1,0
BRDA:38,1,0,0
BRDA:45,2,0,0
BRDA:63,3,0,0
BRDA:56,4,0,0
BRDA:56,4,1,0
BRDA:56,4,2,0
BRDA:56,4,3,0
BRDA:56,4,4,0
BRDA:56,4,5,0
BRDA:56,4,6,0
BRF:12
BRH:0
end_of_record
TN:
SF:src/components/sections/Technologies.tsx
FN:46,(anonymous_2)
FN:118,Technologies
FN:163,(anonymous_4)
FNF:3
FNH:0
FNDA:0,(anonymous_2)
FNDA:0,Technologies
FNDA:0,(anonymous_4)
DA:3,0
DA:4,0
DA:5,0
DA:6,0
DA:18,0
DA:29,0
DA:46,0
DA:47,0
DA:52,0
DA:118,0
DA:119,0
DA:120,0
DA:124,0
DA:125,0
DA:164,0
LF:15
LH:0
BRDA:112,0,0,0
BRF:1
BRH:0
end_of_record
TN:
SF:src/components/sections/Testimonials.tsx
FN:29,Testimonials
FN:73,(anonymous_3)
FN:83,(anonymous_4)
FNF:3
FNH:0
FNDA:0,Testimonials
FNDA:0,(anonymous_3)
FNDA:0,(anonymous_4)
DA:3,0
DA:4,0
DA:5,0
DA:6,0
DA:7,0
DA:8,0
DA:9,0
DA:29,0
DA:30,0
DA:31,0
DA:32,0
DA:36,0
DA:37,0
DA:74,0
DA:84,0
LF:15
LH:0
BRDA:117,0,0,0
BRDA:135,1,0,0
BRDA:153,2,0,0
BRDA:171,3,0,0
BRDA:211,4,0,0
BRDA:211,4,1,0
BRDA:211,5,0,0
BRDA:211,5,1,0
BRF:8
BRH:0
end_of_record
TN:
SF:src/components/sections/TestimonialsGrid.tsx
FN:23,TestimonialsGrid
FN:41,(anonymous_3)
FN:44,(anonymous_4)
FN:82,(anonymous_5)
FN:110,(anonymous_6)
FN:122,(anonymous_7)
FNF:6
FNH:0
FNDA:0,TestimonialsGrid
FNDA:0,(anonymous_3)
FNDA:0,(anonymous_4)
FNDA:0,(anonymous_5)
FNDA:0,(anonymous_6)
FNDA:0,(anonymous_7)
DA:3,0
DA:4,0
DA:5,0
DA:6,0
DA:23,0
DA:24,0
DA:25,0
DA:29,0
DA:30,0
DA:42,0
DA:43,0
DA:44,0
DA:45,0
DA:50,0
DA:60,0
DA:83,0
DA:111,0
DA:123,0
LF:18
LH:0
BRDA:45,0,0,0
BRDA:45,0,1,0
BRDA:46,1,0,0
BRDA:46,1,1,0
BRDA:46,1,2,0
BRDA:56,2,0,0
BRDA:56,2,1,0
BRDA:66,3,0,0
BRDA:66,3,1,0
BRDA:79,4,0,0
BRDA:79,4,1,0
BRDA:85,5,0,0
BRDA:98,6,0,0
BRDA:98,6,1,0
BRDA:149,7,0,0
BRDA:167,8,0,0
BRDA:185,9,0,0
BRDA:203,10,0,0
BRF:18
BRH:0
end_of_record
TN:
SF:src/components/seo/JsonLd.tsx
FN:5,JsonLd
FN:15,OrganizationJsonLd
FN:65,WebSiteJsonLd
FN:90,LocalBusinessJsonLd
FN:159,BreadcrumbJsonLd
FN:165,(anonymous_11)
FNF:6
FNH:0
FNDA:0,JsonLd
FNDA:0,OrganizationJsonLd
FNDA:0,WebSiteJsonLd
FNDA:0,LocalBusinessJsonLd
FNDA:0,BreadcrumbJsonLd
FNDA:0,(anonymous_11)
DA:5,0
DA:15,0
DA:16,0
DA:22,0
DA:65,0
DA:66,0
DA:90,0
DA:159,0
DA:165,0
LF:9
LH:0
BRDA:37,0,0,0
BRDA:37,0,1,0
BRDA:77,1,0,0
BRDA:77,1,1,0
BRDA:79,2,0,0
BRDA:79,2,1,0
BRDA:79,3,0,0
BRDA:79,3,1,0
BRF:8
BRH:0
end_of_record
TN:
SF:src/components/ui/AnimatedTitle.tsx
FN:11,AnimatedTitle
FNF:1
FNH:0
FNDA:0,AnimatedTitle
DA:3,0
DA:11,0
LF:2
LH:0
BRDA:11,0,0,0
BRF:1
BRH:0
end_of_record
TN:
SF:src/components/ui/BackToTop.tsx
FN:7,BackToTop
FN:10,(anonymous_2)
FN:11,(anonymous_3)
FN:16,(anonymous_4)
FN:19,(anonymous_5)
FNF:5
FNH:0
FNDA:0,BackToTop
FNDA:0,(anonymous_2)
FNDA:0,(anonymous_3)
FNDA:0,(anonymous_4)
FNDA:0,(anonymous_5)
DA:3,0
DA:4,0
DA:5,0
DA:7,0
DA:8,0
DA:10,0
DA:11,0
DA:12,0
DA:15,0
DA:16,0
DA:19,0
DA:20,0
LF:12
LH:0
BRDA:28,0,0,0
BRF:1
BRH:0
end_of_record
TN:
SF:src/components/ui/ChatWidget.tsx
FN:11,ChatWidget
FN:17,(anonymous_2)
FN:18,(anonymous_3)
FN:95,(anonymous_4)
FNF:4
FNH:0
FNDA:0,ChatWidget
FNDA:0,(anonymous_2)
FNDA:0,(anonymous_3)
FNDA:0,(anonymous_4)
DA:3,0
DA:4,0
DA:5,0
DA:7,0
DA:8,0
DA:9,0
DA:11,0
DA:12,0
DA:17,0
DA:18,0
DA:95,0
LF:11
LH:0
BRDA:22,0,0,0
BRDA:97,1,0,0
BRDA:97,1,1,0
BRDA:101,2,0,0
BRDA:101,2,1,0
BRF:5
BRH:0
end_of_record
TN:
SF:src/components/ui/CookieConsent.tsx
FN:18,CookieConsent
FN:57,(anonymous_3)
FN:63,(anonymous_4)
FNF:3
FNH:0
FNDA:0,CookieConsent
FNDA:0,(anonymous_3)
FNDA:0,(anonymous_4)
DA:3,0
DA:4,0
DA:5,0
DA:18,0
DA:19,0
DA:21,0
DA:22,0
DA:57,0
DA:63,0
LF:9
LH:0
BRDA:21,0,0,0
BRDA:21,0,1,0
BRF:2
BRH:0
end_of_record
TN:
SF:src/components/ui/DesktopNav.tsx
FN:28,(anonymous_2)
FN:56,DesktopNav
FN:88,(anonymous_4)
FN:101,(anonymous_5)
FNF:4
FNH:3
FNDA:50,(anonymous_2)
FNDA:50,DesktopNav
FNDA:250,(anonymous_4)
FNDA:0,(anonymous_5)
DA:1,3
DA:2,3
DA:3,3
DA:4,3
DA:6,3
DA:28,50
DA:56,58
DA:67,50
DA:89,250
DA:90,250
DA:92,250
DA:93,50
DA:109,200
LF:13
LH:13
BRDA:85,0,0,2
BRDA:85,0,1,48
BRDA:92,1,0,50
BRDA:92,1,1,200
BRDA:117,2,0,44
BRDA:117,2,1,156
BRDA:123,3,0,200
BRDA:134,4,0,44
BRDA:134,4,1,156
BRDA:145,5,0,2
BRDA:145,5,1,48
BRF:11
BRH:11
end_of_record
TN:
SF:src/components/ui/ErrorBoundary.tsx
FN:16,(anonymous_2)
FN:32,(anonymous_3)
FN:21,(anonymous_4)
FN:25,(anonymous_5)
FN:36,(anonymous_6)
FN:46,DefaultErrorFallback
FN:66,(anonymous_8)
FNF:7
FNH:0
FNDA:0,(anonymous_2)
FNDA:0,(anonymous_3)
FNDA:0,(anonymous_4)
FNDA:0,(anonymous_5)
FNDA:0,(anonymous_6)
FNDA:0,DefaultErrorFallback
FNDA:0,(anonymous_8)
DA:3,0
DA:17,0
DA:18,0
DA:22,0
DA:26,0
DA:33,0
DA:37,0
DA:38,0
DA:42,0
DA:66,0
DA:88,0
LF:11
LH:0
BRDA:37,0,0,0
BRDA:37,0,1,0
BRDA:38,1,0,0
BRDA:38,1,1,0
BRDA:73,2,0,0
BRDA:73,2,1,0
BRF:6
BRH:0
end_of_record
TN:
SF:src/components/ui/ErrorMessage.tsx
FN:7,ErrorMessage
FNF:1
FNH:1
FNDA:10,ErrorMessage
DA:1,7
DA:7,10
LF:2
LH:2
BRF:0
BRH:0
end_of_record
TN:
SF:src/components/ui/FluidBackground.tsx
FN:7,FluidBackground
FN:11,(anonymous_2)
FN:66,(anonymous_3)
FNF:3
FNH:0
FNDA:0,FluidBackground
FNDA:0,(anonymous_2)
FNDA:0,(anonymous_3)
DA:3,0
DA:4,0
DA:5,0
DA:7,0
DA:8,0
DA:9,0
DA:11,0
DA:12,0
DA:15,0
DA:17,0
DA:21,0
DA:67,0
LF:12
LH:0
BRDA:15,0,0,0
BRDA:15,0,1,0
BRDA:24,1,0,0
BRDA:24,1,1,0
BRDA:35,2,0,0
BRDA:35,2,1,0
BRDA:46,3,0,0
BRDA:46,3,1,0
BRF:8
BRH:0
end_of_record
TN:
SF:src/components/ui/FormFields.tsx
FN:12,FormField
FN:50,FormInput
FN:68,FormSelect
FN:99,FormTextarea
FNF:4
FNH:4
FNDA:11528,FormField
FNDA:5768,FormInput
FNDA:3840,FormSelect
FNDA:1922,FormTextarea
DA:2,7
DA:12,11560
DA:14,11528
DA:15,11528
DA:16,11528
DA:17,11528
DA:50,5792
DA:68,3848
DA:99,1922
LF:9
LH:9
BRDA:12,0,0,9610
BRDA:15,1,0,11528
BRDA:15,1,1,0
BRDA:17,2,0,11528
BRDA:17,2,1,2
BRDA:27,3,0,11528
BRDA:30,4,0,11528
BRDA:50,5,0,1
BRDA:50,6,0,5768
BRDA:54,7,0,20
BRDA:54,7,1,5748
BRDA:68,8,0,1
BRDA:68,9,0,3840
BRDA:73,10,0,12
BRDA:73,10,1,3828
BRDA:99,11,0,1
BRDA:99,12,0,1922
BRDA:103,13,0,13
BRDA:103,13,1,1909
BRF:19
BRH:18
end_of_record
TN:
SF:src/components/ui/LanguageSwitcher.tsx
FN:20,LanguageSwitcher
FN:25,(anonymous_2)
FN:32,(anonymous_3)
FN:33,(anonymous_4)
FN:46,(anonymous_5)
FN:51,(anonymous_6)
FNF:6
FNH:6
FNDA:144,LanguageSwitcher
FNDA:7,(anonymous_2)
FNDA:7,(anonymous_3)
FNDA:7,(anonymous_4)
FNDA:432,(anonymous_5)
FNDA:7,(anonymous_6)
DA:3,5
DA:4,5
DA:6,5
DA:8,5
DA:14,5
DA:20,138
DA:21,144
DA:22,144
DA:23,144
DA:25,144
DA:26,7
DA:27,6
DA:28,6
DA:29,6
DA:32,144
DA:33,7
DA:34,7
DA:38,144
DA:47,432
DA:48,432
DA:51,7
LF:21
LH:21
BRDA:26,0,0,1
BRDA:26,0,1,6
BRDA:57,1,0,144
BRDA:57,1,1,288
BRDA:66,2,0,432
BRF:5
BRH:5
end_of_record
TN:
SF:src/components/ui/LazySection.tsx
FN:28,LazySection
FN:61,createLazyComponent
FN:67,LazyWrapper
FN:78,(anonymous_14)
FN:78,(anonymous_15)
FN:83,(anonymous_16)
FN:83,(anonymous_17)
FN:88,(anonymous_18)
FN:88,(anonymous_19)
FN:93,(anonymous_20)
FN:93,(anonymous_21)
FN:98,(anonymous_22)
FN:98,(anonymous_23)
FNF:13
FNH:2
FNDA:17,LazySection
FNDA:5,createLazyComponent
FNDA:0,LazyWrapper
FNDA:0,(anonymous_14)
FNDA:0,(anonymous_15)
FNDA:0,(anonymous_16)
FNDA:0,(anonymous_17)
FNDA:0,(anonymous_18)
FNDA:0,(anonymous_19)
FNDA:0,(anonymous_20)
FNDA:0,(anonymous_21)
FNDA:0,(anonymous_22)
FNDA:0,(anonymous_23)
DA:3,1
DA:4,1
DA:16,1
DA:28,16
DA:61,0
DA:65,5
DA:67,5
DA:77,0
DA:78,0
DA:82,0
DA:83,0
DA:87,0
DA:88,0
DA:92,0
DA:93,0
DA:97,0
DA:98,0
LF:17
LH:6
BRDA:31,0,0,15
BRDA:32,1,0,16
BRDA:33,2,0,16
BRDA:34,3,0,16
BRDA:47,4,0,17
BRF:5
BRH:5
end_of_record
TN:
SF:src/components/ui/LazyShowreelGrid.tsx
FN:4,(anonymous_4)
FN:4,(anonymous_5)
FNF:2
FNH:0
FNDA:0,(anonymous_4)
FNDA:0,(anonymous_5)
DA:1,0
DA:3,0
DA:4,0
LF:3
LH:0
BRF:0
BRH:0
end_of_record
TN:
SF:src/components/ui/Logo.tsx
FN:12,Logo
FN:57,LogoMark
FNF:2
FNH:1
FNDA:34,Logo
FNDA:0,LogoMark
DA:3,2
DA:12,42
DA:57,0
LF:3
LH:2
BRDA:12,0,0,0
BRDA:12,1,0,0
BRDA:12,2,0,0
BRDA:12,3,0,34
BRDA:16,4,0,34
BRDA:16,4,1,0
BRDA:58,5,0,0
BRDA:59,6,0,0
BRDA:60,7,0,0
BRDA:69,8,0,0
BRDA:69,8,1,0
BRF:11
BRH:2
end_of_record
TN:
SF:src/components/ui/MobileMenu.tsx
FN:88,(anonymous_2)
FN:116,MobileMenu
FN:150,(anonymous_4)
FN:190,(anonymous_5)
FN:219,(anonymous_6)
FN:220,(anonymous_7)
FNF:6
FNH:4
FNDA:55,(anonymous_2)
FNDA:55,MobileMenu
FNDA:5,(anonymous_4)
FNDA:135,(anonymous_5)
FNDA:0,(anonymous_6)
FNDA:0,(anonymous_7)
DA:1,3
DA:2,3
DA:3,3
DA:4,3
DA:26,3
DA:38,3
DA:64,3
DA:79,3
DA:88,55
DA:116,63
DA:128,55
DA:150,5
DA:191,135
DA:192,135
DA:194,135
LF:15
LH:15
BRDA:132,0,0,55
BRDA:196,1,0,108
BRDA:196,1,1,27
BRDA:200,2,0,26
BRDA:200,2,1,82
BRF:5
BRH:5
end_of_record
TN:
SF:src/components/ui/OptimizedImage.tsx
FN:15,OptimizedImage
FN:38,(anonymous_3)
FNF:2
FNH:0
FNDA:0,OptimizedImage
FNDA:0,(anonymous_3)
DA:3,0
DA:4,0
DA:5,0
DA:9,0
DA:15,0
DA:23,0
DA:38,0
LF:7
LH:0
BRDA:20,0,0,0
BRDA:32,1,0,0
BRDA:32,1,1,0
BRDA:37,2,0,0
BRDA:37,2,1,0
BRF:5
BRH:0
end_of_record
TN:
SF:src/components/ui/ProgressBar.tsx
FN:6,ProgressBar
FN:11,(anonymous_2)
FN:17,(anonymous_3)
FN:18,(anonymous_4)
FN:19,(anonymous_5)
FN:20,(anonymous_6)
FN:22,(anonymous_7)
FN:28,(anonymous_8)
FNF:8
FNH:0
FNDA:0,ProgressBar
FNDA:0,(anonymous_2)
FNDA:0,(anonymous_3)
FNDA:0,(anonymous_4)
FNDA:0,(anonymous_5)
FNDA:0,(anonymous_6)
FNDA:0,(anonymous_7)
FNDA:0,(anonymous_8)
DA:3,0
DA:4,0
DA:6,0
DA:7,0
DA:8,0
DA:9,0
DA:11,0
DA:13,0
DA:14,0
DA:17,0
DA:18,0
DA:19,0
DA:20,0
DA:21,0
DA:22,0
DA:23,0
DA:24,0
DA:28,0
DA:29,0
DA:30,0
DA:31,0
DA:32,0
DA:36,0
LF:23
LH:0
BRDA:36,0,0,0
BRDA:36,0,1,0
BRF:2
BRH:0
end_of_record
TN:
SF:src/components/ui/ProjectCardSkeleton.tsx
FN:3,ProjectCardSkeleton
FNF:1
FNH:0
FNDA:0,ProjectCardSkeleton
DA:1,0
DA:3,0
LF:2
LH:0
BRF:0
BRH:0
end_of_record
TN:
SF:src/components/ui/RecaptchaNotice.tsx
FN:5,RecaptchaNotice
FNF:1
FNH:1
FNDA:1942,RecaptchaNotice
DA:5,1943
DA:6,1942
LF:2
LH:2
BRDA:8,0,0,9
BRDA:8,0,1,1933
BRDA:10,1,0,4
BRDA:10,1,1,1929
BRDA:13,2,0,9
BRDA:13,2,1,1933
BRDA:13,3,0,4
BRDA:13,3,1,1929
BRDA:14,4,0,9
BRDA:14,4,1,1933
BRDA:14,5,0,4
BRDA:14,5,1,1929
BRF:12
BRH:12
end_of_record
TN:
SF:src/components/ui/Reveal.tsx
FN:57,(anonymous_4)
FN:97,(anonymous_5)
FN:129,(anonymous_6)
FNF:3
FNH:0
FNDA:0,(anonymous_4)
FNDA:0,(anonymous_5)
FNDA:0,(anonymous_6)
DA:3,0
DA:4,0
DA:26,0
DA:57,0
DA:67,0
DA:68,0
DA:97,0
DA:103,0
DA:104,0
DA:106,0
DA:129,0
LF:11
LH:0
BRDA:59,0,0,0
BRDA:60,1,0,0
BRDA:61,2,0,0
BRDA:62,3,0,0
BRDA:63,4,0,0
BRDA:64,5,0,0
BRDA:65,6,0,0
BRDA:77,7,0,0
BRDA:77,7,1,0
BRDA:99,8,0,0
BRDA:100,9,0,0
BRDA:101,10,0,0
BRDA:121,11,0,0
BRDA:121,11,1,0
BRDA:131,12,0,0
BRDA:132,13,0,0
BRF:16
BRH:0
end_of_record
TN:
SF:src/components/ui/ServicesDropdown.tsx
FN:22,ServicesDropdown
FN:88,(anonymous_3)
FN:177,(anonymous_4)
FNF:3
FNH:3
FNDA:92,ServicesDropdown
FNDA:12,(anonymous_3)
FNDA:20,(anonymous_4)
DA:1,5
DA:2,5
DA:22,92
DA:33,92
DA:89,12
DA:178,20
LF:6
LH:6
BRDA:30,0,0,0
BRDA:31,1,0,0
BRDA:33,2,0,32
BRDA:33,2,1,60
BRDA:39,3,0,4
BRDA:39,3,1,28
BRDA:39,4,0,32
BRDA:39,4,1,29
BRDA:48,5,0,4
BRDA:48,5,1,28
BRDA:48,6,0,32
BRDA:48,6,1,29
BRDA:60,7,0,4
BRDA:60,7,1,28
BRDA:60,8,0,32
BRDA:60,8,1,29
BRDA:65,9,0,3
BRDA:65,9,1,29
BRDA:72,10,0,32
BRDA:116,11,0,2
BRDA:116,11,1,58
BRDA:122,12,0,60
BRDA:141,13,0,2
BRDA:141,13,1,58
BRDA:149,14,0,5
BRDA:149,14,1,55
BRDA:165,15,0,60
BRF:27
BRH:25
end_of_record
TN:
SF:src/components/ui/Skeleton.tsx
FN:7,Skeleton
FN:16,SkeletonText
FN:19,(anonymous_7)
FN:26,SkeletonCard
FN:39,SkeletonAvatar
FNF:5
FNH:0
FNDA:0,Skeleton
FNDA:0,SkeletonText
FNDA:0,(anonymous_7)
FNDA:0,SkeletonCard
FNDA:0,SkeletonAvatar
DA:1,0
DA:7,0
DA:16,0
DA:20,0
DA:26,0
DA:39,0
LF:6
LH:0
BRDA:16,0,0,0
BRDA:20,1,0,0
BRDA:20,1,1,0
BRF:3
BRH:0
end_of_record
TN:
SF:src/components/ui/SuccessMessage.tsx
FN:10,SuccessMessage
FNF:1
FNH:1
FNDA:12,SuccessMessage
DA:1,7
DA:10,12
LF:2
LH:2
BRF:0
BRH:0
end_of_record
TN:
SF:src/components/ui/TabSwitcher.tsx
FN:12,TabSwitcher
FN:27,(anonymous_2)
FN:38,(anonymous_3)
FNF:3
FNH:2
FNDA:1938,TabSwitcher
FNDA:0,(anonymous_2)
FNDA:7,(anonymous_3)
DA:1,7
DA:12,1937
DA:27,0
DA:38,7
LF:4
LH:3
BRDA:20,0,0,1934
BRDA:20,0,1,4
BRDA:29,1,0,1934
BRDA:29,1,1,4
BRDA:40,2,0,4
BRDA:40,2,1,1930
BRF:6
BRH:6
end_of_record
TN:
SF:src/components/ui/ThemeToggle.tsx
FN:7,ThemeToggle
FN:12,(anonymous_5)
FN:16,(anonymous_6)
FN:24,(anonymous_7)
FN:38,(anonymous_8)
FN:39,(anonymous_9)
FNF:6
FNH:2
FNDA:145,ThemeToggle
FNDA:60,(anonymous_5)
FNDA:0,(anonymous_6)
FNDA:0,(anonymous_7)
FNDA:0,(anonymous_8)
FNDA:0,(anonymous_9)
DA:3,3
DA:4,3
DA:5,3
DA:7,92
DA:8,145
DA:9,145
DA:10,144
DA:12,144
DA:13,60
DA:16,144
DA:18,0
DA:21,0
DA:24,0
DA:25,0
DA:29,144
DA:33,84
DA:38,0
DA:39,0
LF:18
LH:12
BRDA:21,0,0,0
BRDA:21,0,1,0
BRDA:29,1,0,60
BRDA:29,1,1,84
BRDA:43,2,0,0
BRDA:43,2,1,84
BRDA:46,3,0,0
BRDA:46,3,1,84
BRDA:53,4,0,0
BRDA:53,4,1,0
BRDA:93,5,0,0
BRDA:93,5,1,84
BRF:12
BRH:5
end_of_record
TN:
SF:src/components/ui/TypeWriter.tsx
FN:14,TypeWriter
FN:26,(anonymous_2)
FN:30,(anonymous_3)
FN:34,(anonymous_4)
FN:40,(anonymous_5)
FN:42,(anonymous_6)
FN:45,(anonymous_7)
FN:51,(anonymous_8)
FN:54,(anonymous_9)
FNF:9
FNH:9
FNDA:81,TypeWriter
FNDA:81,(anonymous_2)
FNDA:6,(anonymous_3)
FNDA:14,(anonymous_4)
FNDA:5,(anonymous_5)
FNDA:9,(anonymous_6)
FNDA:10,(anonymous_7)
FNDA:33,(anonymous_8)
FNDA:38,(anonymous_9)
DA:3,1
DA:4,1
DA:14,14
DA:21,81
DA:22,81
DA:23,81
DA:24,81
DA:26,81
DA:27,81
DA:29,81
DA:30,14
DA:31,6
DA:32,6
DA:34,14
DA:37,67
DA:38,15
DA:39,5
DA:40,5
DA:42,10
DA:43,9
DA:45,10
DA:48,52
DA:49,14
DA:51,38
DA:52,33
DA:54,38
LF:26
LH:26
BRDA:16,0,0,80
BRDA:17,1,0,4
BRDA:18,2,0,27
BRDA:19,3,0,27
BRDA:29,4,0,14
BRDA:29,4,1,67
BRDA:37,5,0,15
BRDA:37,5,1,52
BRDA:38,6,0,5
BRDA:38,6,1,10
BRDA:48,7,0,14
BRDA:48,7,1,38
BRF:12
BRH:12
end_of_record
TN:
SF:src/components/ui/YouTubeEmbed.tsx
FN:19,YouTubeEmbed
FNF:1
FNH:0
FNDA:0,YouTubeEmbed
DA:3,0
DA:12,0
DA:19,0
DA:25,0
LF:4
LH:0
BRDA:21,0,0,0
BRDA:22,1,0,0
BRDA:23,2,0,0
BRDA:25,3,0,0
BRDA:25,3,1,0
BRF:5
BRH:0
end_of_record
