TN:
SF:src/components/ContactForm.tsx
FN:50,ContactForm
FN:67,(anonymous_2)
FN:74,(anonymous_3)
FN:75,(anonymous_4)
FN:81,(anonymous_5)
FN:87,(anonymous_6)
FN:100,(anonymous_7)
FN:115,(anonymous_8)
FN:182,(anonymous_9)
FN:184,(anonymous_10)
FN:190,(anonymous_11)
FN:209,(anonymous_12)
FN:299,(anonymous_13)
FN:319,(anonymous_14)
FNF:14
FNH:12
FNDA:452,ContactForm
FNDA:21,(anonymous_2)
FNDA:0,(anonymous_3)
FNDA:0,(anonymous_4)
FNDA:20,(anonymous_5)
FNDA:7,(anonymous_6)
FNDA:15,(anonymous_7)
FNDA:16,(anonymous_8)
FNDA:388,(anonymous_9)
FNDA:388,(anonymous_10)
FNDA:1,(anonymous_11)
FNDA:1,(anonymous_12)
FNDA:1341,(anonymous_13)
FNDA:1341,(anonymous_14)
DA:3,1
DA:48,1
DA:50,21
DA:51,452
DA:60,452
DA:61,452
DA:62,452
DA:63,452
DA:64,452
DA:67,452
DA:68,21
DA:69,1
DA:70,1
DA:71,1
DA:72,1
DA:73,1
DA:74,1
DA:75,0
DA:76,0
DA:79,1
DA:80,20
DA:81,20
DA:82,20
DA:87,452
DA:88,7
DA:89,0
DA:91,7
DA:92,7
DA:93,6
DA:95,1
DA:96,1
DA:100,452
DA:101,15
DA:102,15
DA:103,15
DA:104,5
DA:105,10
DA:106,1
DA:108,15
DA:109,15
DA:111,15
DA:112,15
DA:115,452
DA:116,16
DA:117,16
DA:120,16
DA:121,1
DA:122,1
DA:123,1
DA:126,15
DA:128,7
DA:130,7
DA:132,7
DA:133,7
DA:134,1
DA:135,1
DA:136,1
DA:140,6
DA:154,6
DA:156,6
DA:157,1
DA:160,5
DA:161,5
DA:171,1
DA:172,1
DA:178,7
DA:182,452
DA:183,388
DA:184,388
DA:189,388
DA:190,1
DA:192,388
DA:209,1
DA:300,1341
DA:320,1341
LF:75
LH:72
BRDA:48,0,0,1
BRDA:48,0,1,1
BRDA:68,1,0,1
BRDA:68,1,1,20
BRDA:68,2,0,21
BRDA:68,2,1,21
BRDA:80,3,0,20
BRDA:80,3,1,0
BRDA:80,4,0,20
BRDA:80,4,1,20
BRDA:88,5,0,0
BRDA:88,5,1,7
BRDA:88,6,0,7
BRDA:88,6,1,7
BRDA:102,7,0,4
BRDA:102,7,1,11
BRDA:102,8,0,1
BRDA:102,8,1,3
BRDA:102,9,0,1
BRDA:102,9,1,2
BRDA:103,10,0,5
BRDA:103,10,1,10
BRDA:104,11,0,1
BRDA:104,11,1,4
BRDA:104,12,0,1
BRDA:104,12,1,3
BRDA:105,13,0,1
BRDA:105,13,1,9
BRDA:106,14,0,0
BRDA:106,14,1,1
BRDA:106,15,0,0
BRDA:106,15,1,1
BRDA:108,16,0,7
BRDA:108,16,1,8
BRDA:108,17,0,1
BRDA:108,17,1,6
BRDA:108,18,0,1
BRDA:108,18,1,5
BRDA:109,19,0,8
BRDA:109,19,1,7
BRDA:109,20,0,1
BRDA:109,20,1,7
BRDA:109,21,0,1
BRDA:109,21,1,6
BRDA:120,22,0,1
BRDA:120,22,1,15
BRDA:126,23,0,8
BRDA:126,23,1,7
BRDA:133,24,0,1
BRDA:133,24,1,6
BRDA:134,25,0,0
BRDA:134,25,1,1
BRDA:134,26,0,0
BRDA:134,26,1,1
BRDA:149,27,0,6
BRDA:149,27,1,5
BRDA:156,28,0,1
BRDA:156,28,1,5
BRDA:157,29,0,1
BRDA:157,29,1,0
BRDA:173,30,0,0
BRDA:173,30,1,1
BRDA:174,31,0,0
BRDA:174,31,1,1
BRDA:189,32,0,1
BRDA:189,32,1,387
BRDA:198,33,0,5
BRDA:240,34,0,4
BRDA:240,34,1,443
BRDA:246,35,0,447
BRDA:258,36,0,7
BRDA:258,36,1,440
BRDA:264,37,0,447
BRDA:293,38,0,8
BRDA:293,38,1,439
BRDA:305,39,0,447
BRDA:338,40,0,9
BRDA:338,40,1,438
BRDA:344,41,0,447
BRDA:347,42,0,447
BRDA:355,43,0,447
BRDA:355,43,1,440
BRDA:359,44,0,7
BRDA:378,45,0,3
BRDA:378,45,1,444
BRDA:379,46,0,3
BRDA:379,46,1,441
BRDA:383,47,0,3
BRDA:383,47,1,444
BRDA:383,48,0,3
BRDA:383,48,1,441
BRDA:387,49,0,3
BRDA:387,49,1,444
BRDA:387,50,0,3
BRDA:387,50,1,441
BRF:95
BRH:86
end_of_record
TN:
SF:src/components/ShowreelGrid.tsx
FN:30,ShowreelGrid
FN:35,(anonymous_3)
FN:71,(anonymous_4)
FN:80,(anonymous_5)
FNF:4
FNH:0
FNDA:0,ShowreelGrid
FNDA:0,(anonymous_3)
FNDA:0,(anonymous_4)
FNDA:0,(anonymous_5)
DA:4,0
DA:30,0
DA:36,0
DA:72,0
DA:81,0
LF:5
LH:0
BRDA:43,0,0,0
BRF:1
BRH:0
end_of_record
TN:
SF:src/components/layout/Footer.tsx
FN:10,(anonymous_2)
FN:34,Footer
FN:83,(anonymous_4)
FN:106,(anonymous_5)
FN:125,(anonymous_6)
FN:189,(anonymous_7)
FN:208,(anonymous_8)
FN:225,(anonymous_9)
FN:291,SocialIcon
FNF:9
FNH:0
FNDA:0,(anonymous_2)
FNDA:0,Footer
FNDA:0,(anonymous_4)
FNDA:0,(anonymous_5)
FNDA:0,(anonymous_6)
FNDA:0,(anonymous_7)
FNDA:0,(anonymous_8)
FNDA:0,(anonymous_9)
FNDA:0,SocialIcon
DA:1,0
DA:4,0
DA:10,0
DA:11,0
DA:12,0
DA:14,0
DA:34,0
DA:35,0
DA:37,0
DA:67,0
DA:84,0
DA:107,0
DA:126,0
DA:190,0
DA:209,0
DA:226,0
DA:292,0
DA:324,0
LF:18
LH:0
BRDA:16,0,0,0
BRDA:16,0,1,0
BRDA:16,1,0,0
BRDA:16,1,1,0
BRDA:17,2,0,0
BRDA:17,2,1,0
BRDA:17,3,0,0
BRDA:17,3,1,0
BRDA:18,4,0,0
BRDA:18,4,1,0
BRDA:18,5,0,0
BRDA:18,5,1,0
BRDA:19,6,0,0
BRDA:19,6,1,0
BRDA:19,7,0,0
BRDA:19,7,1,0
BRDA:22,8,0,0
BRDA:22,8,1,0
BRDA:22,9,0,0
BRDA:22,9,1,0
BRDA:23,10,0,0
BRDA:23,10,1,0
BRDA:23,11,0,0
BRDA:23,11,1,0
BRDA:24,12,0,0
BRDA:24,12,1,0
BRDA:24,13,0,0
BRDA:24,13,1,0
BRDA:67,14,0,0
BRDA:67,14,1,0
BRDA:292,15,0,0
BRF:31
BRH:0
end_of_record
TN:
SF:src/components/layout/Header.tsx
FN:19,(anonymous_2)
FN:92,Header
FN:106,(anonymous_4)
FN:107,(anonymous_5)
FN:111,(anonymous_6)
FN:115,(anonymous_7)
FN:137,(anonymous_8)
FN:146,(anonymous_9)
FN:178,(anonymous_10)
FN:228,(anonymous_11)
FN:281,(anonymous_12)
FN:309,(anonymous_13)
FNF:12
FNH:12
FNDA:34,(anonymous_2)
FNDA:34,Header
FNDA:22,(anonymous_4)
FNDA:1,(anonymous_5)
FNDA:22,(anonymous_6)
FNDA:33,(anonymous_7)
FNDA:33,(anonymous_8)
FNDA:2,(anonymous_9)
FNDA:170,(anonymous_10)
FNDA:9,(anonymous_11)
FNDA:1,(anonymous_12)
FNDA:35,(anonymous_13)
DA:3,1
DA:4,1
DA:5,1
DA:6,1
DA:7,1
DA:8,1
DA:11,1
DA:19,34
DA:28,1
DA:40,1
DA:68,1
DA:83,1
DA:92,22
DA:93,34
DA:94,34
DA:95,34
DA:97,34
DA:103,34
DA:104,34
DA:106,34
DA:107,22
DA:108,1
DA:110,22
DA:111,22
DA:115,34
DA:116,33
DA:118,7
DA:119,7
DA:120,7
DA:121,7
DA:122,7
DA:123,7
DA:126,26
DA:127,26
DA:128,26
DA:129,26
DA:130,26
DA:131,26
DA:132,26
DA:133,0
DA:137,33
DA:138,33
DA:139,33
DA:140,33
DA:141,33
DA:142,33
DA:146,34
DA:147,2
DA:179,170
DA:180,170
DA:228,9
DA:281,1
DA:310,35
DA:311,35
LF:54
LH:53
BRDA:103,0,0,34
BRDA:103,0,1,0
BRDA:116,1,0,7
BRDA:116,1,1,26
BRDA:132,2,0,0
BRDA:132,2,1,26
BRDA:133,3,0,0
BRDA:133,3,1,0
BRDA:152,4,0,1
BRDA:152,4,1,33
BRDA:175,5,0,1
BRDA:175,5,1,33
BRDA:187,6,0,30
BRDA:187,6,1,140
BRDA:193,7,0,170
BRDA:230,8,0,7
BRDA:230,8,1,27
BRDA:237,9,0,7
BRDA:237,9,1,27
BRDA:238,10,0,7
BRDA:238,10,1,27
BRDA:245,11,0,7
BRDA:245,11,1,27
BRDA:246,12,0,7
BRDA:246,12,1,27
BRDA:253,13,0,7
BRDA:253,13,1,27
BRDA:254,14,0,7
BRDA:254,14,1,27
BRDA:266,15,0,34
BRDA:321,16,0,7
BRDA:321,16,1,28
BRDA:329,17,0,7
BRDA:329,17,1,28
BRDA:338,18,0,35
BRDA:362,19,0,0
BRDA:362,19,1,7
BRDA:362,20,0,0
BRDA:362,20,1,7
BRF:39
BRH:33
end_of_record
TN:
SF:src/components/providers/AnalyticsWrapper.tsx
FN:7,AnalyticsWrapper
FNF:1
FNH:0
FNDA:0,AnalyticsWrapper
DA:3,0
DA:4,0
DA:5,0
DA:7,0
DA:8,0
DA:10,0
DA:11,0
LF:7
LH:0
BRDA:10,0,0,0
BRDA:10,0,1,0
BRF:2
BRH:0
end_of_record
TN:
SF:src/components/providers/CookieConsentProvider.tsx
FN:17,CookieConsentProvider
FN:21,(anonymous_4)
FN:29,(anonymous_5)
FN:43,useCookieConsent
FNF:4
FNH:4
FNDA:78,CookieConsentProvider
FNDA:36,(anonymous_4)
FNDA:6,(anonymous_5)
FNDA:39,useCookieConsent
DA:3,2
DA:13,2
DA:15,2
DA:17,36
DA:18,78
DA:19,78
DA:21,78
DA:22,36
DA:23,36
DA:24,3
DA:26,36
DA:29,78
DA:30,6
DA:31,6
DA:34,78
DA:43,39
DA:44,39
DA:45,38
DA:46,4
DA:48,34
LF:20
LH:20
BRDA:23,0,0,3
BRDA:23,0,1,33
BRDA:23,1,0,36
BRDA:23,1,1,34
BRDA:45,2,0,4
BRDA:45,2,1,34
BRF:6
BRH:6
end_of_record
TN:
SF:src/components/providers/CookieConsentWrapper.tsx
FN:11,CookieConsentWrapper
FNF:1
FNH:0
FNDA:0,CookieConsentWrapper
DA:3,0
DA:11,0
LF:2
LH:0
BRF:0
BRH:0
end_of_record
TN:
SF:src/components/providers/PageTransition.tsx
FN:37,PageTransition
FNF:1
FNH:0
FNDA:0,PageTransition
DA:3,0
DA:4,0
DA:11,0
DA:37,0
DA:38,0
LF:5
LH:0
BRF:0
BRH:0
end_of_record
TN:
SF:src/components/providers/SmoothScrollProvider.tsx
FN:5,SmoothScrollProvider
FN:9,(anonymous_5)
FN:13,(anonymous_6)
FN:16,(anonymous_7)
FN:17,(anonymous_8)
FN:21,(anonymous_9)
FN:27,(anonymous_10)
FN:32,raf
FN:45,(anonymous_12)
FNF:9
FNH:0
FNDA:0,SmoothScrollProvider
FNDA:0,(anonymous_5)
FNDA:0,(anonymous_6)
FNDA:0,(anonymous_7)
FNDA:0,(anonymous_8)
FNDA:0,(anonymous_9)
FNDA:0,(anonymous_10)
FNDA:0,raf
FNDA:0,(anonymous_12)
DA:3,0
DA:5,0
DA:6,0
DA:7,0
DA:9,0
DA:10,0
DA:13,0
DA:14,0
DA:16,0
DA:17,0
DA:19,0
DA:21,0
DA:27,0
DA:30,0
DA:33,0
DA:34,0
DA:37,0
DA:40,0
DA:43,0
DA:45,0
DA:46,0
DA:47,0
DA:48,0
LF:23
LH:0
BRDA:14,0,0,0
BRDA:14,0,1,0
BRDA:46,1,0,0
BRDA:46,1,1,0
BRF:4
BRH:0
end_of_record
TN:
SF:src/components/providers/theme-provider.tsx
FN:5,ThemeProvider
FNF:1
FNH:0
FNDA:0,ThemeProvider
DA:3,0
DA:5,0
LF:2
LH:0
BRF:0
BRH:0
end_of_record
TN:
SF:src/components/sections/CTA.tsx
FN:17,CTA
FNF:1
FNH:0
FNDA:0,CTA
DA:1,0
DA:2,0
DA:17,0
LF:3
LH:0
BRF:0
BRH:0
end_of_record
TN:
SF:src/components/sections/Hero.tsx
FN:19,Hero
FN:102,(anonymous_3)
FNF:2
FNH:0
FNDA:0,Hero
FNDA:0,(anonymous_3)
DA:3,0
DA:4,0
DA:19,0
DA:20,0
DA:31,0
DA:103,0
LF:6
LH:0
BRDA:98,0,0,0
BRDA:98,0,1,0
BRDA:98,1,0,0
BRDA:98,1,1,0
BRDA:99,2,0,0
BRDA:99,2,1,0
BRDA:99,3,0,0
BRDA:99,3,1,0
BRDA:100,4,0,0
BRDA:100,4,1,0
BRDA:100,5,0,0
BRDA:100,5,1,0
BRDA:101,6,0,0
BRDA:101,6,1,0
BRDA:101,7,0,0
BRDA:101,7,1,0
BRF:16
BRH:0
end_of_record
TN:
SF:src/components/sections/Services.tsx
FN:38,Services
FN:69,(anonymous_2)
FN:89,(anonymous_3)
FNF:3
FNH:0
FNDA:0,Services
FNDA:0,(anonymous_2)
FNDA:0,(anonymous_3)
DA:1,0
DA:20,0
DA:38,0
DA:39,0
DA:70,0
DA:90,0
LF:6
LH:0
BRF:0
BRH:0
end_of_record
TN:
SF:src/components/sections/Showreel.tsx
FN:32,Showreel
FN:78,(anonymous_3)
FNF:2
FNH:0
FNDA:0,Showreel
FNDA:0,(anonymous_3)
DA:1,0
DA:2,0
DA:3,0
DA:17,0
DA:32,0
DA:79,0
LF:6
LH:0
BRDA:72,0,0,0
BRDA:72,0,1,0
BRF:2
BRH:0
end_of_record
TN:
SF:src/components/sections/Technologies.tsx
FN:32,(anonymous_2)
FN:125,Technologies
FN:157,(anonymous_4)
FNF:3
FNH:0
FNDA:0,(anonymous_2)
FNDA:0,Technologies
FNDA:0,(anonymous_4)
DA:3,0
DA:4,0
DA:15,0
DA:32,0
DA:33,0
DA:125,0
DA:158,0
LF:7
LH:0
BRDA:122,0,0,0
BRF:1
BRH:0
end_of_record
TN:
SF:src/components/sections/Testimonials.tsx
FN:31,Testimonials
FN:35,(anonymous_2)
FN:62,(anonymous_3)
FN:66,(anonymous_4)
FN:106,(anonymous_5)
FNF:5
FNH:0
FNDA:0,Testimonials
FNDA:0,(anonymous_2)
FNDA:0,(anonymous_3)
FNDA:0,(anonymous_4)
FNDA:0,(anonymous_5)
DA:3,0
DA:4,0
DA:5,0
DA:6,0
DA:29,0
DA:31,0
DA:32,0
DA:33,0
DA:35,0
DA:36,0
DA:63,0
DA:67,0
DA:107,0
LF:13
LH:0
BRDA:114,0,0,0
BRDA:114,0,1,0
BRF:2
BRH:0
end_of_record
TN:
SF:src/components/ui/AnimatedTitle.tsx
FN:11,AnimatedTitle
FNF:1
FNH:0
FNDA:0,AnimatedTitle
DA:3,0
DA:11,0
LF:2
LH:0
BRDA:11,0,0,0
BRF:1
BRH:0
end_of_record
TN:
SF:src/components/ui/CookieConsent.tsx
FN:18,CookieConsent
FN:57,(anonymous_3)
FN:63,(anonymous_4)
FNF:3
FNH:0
FNDA:0,CookieConsent
FNDA:0,(anonymous_3)
FNDA:0,(anonymous_4)
DA:3,0
DA:4,0
DA:5,0
DA:18,0
DA:19,0
DA:21,0
DA:22,0
DA:57,0
DA:63,0
LF:9
LH:0
BRDA:21,0,0,0
BRDA:21,0,1,0
BRF:2
BRH:0
end_of_record
TN:
SF:src/components/ui/FluidBackground.tsx
FN:7,FluidBackground
FN:11,(anonymous_2)
FN:66,(anonymous_3)
FNF:3
FNH:0
FNDA:0,FluidBackground
FNDA:0,(anonymous_2)
FNDA:0,(anonymous_3)
DA:3,0
DA:4,0
DA:5,0
DA:7,0
DA:8,0
DA:9,0
DA:11,0
DA:12,0
DA:15,0
DA:17,0
DA:21,0
DA:67,0
LF:12
LH:0
BRDA:15,0,0,0
BRDA:15,0,1,0
BRDA:24,1,0,0
BRDA:24,1,1,0
BRDA:35,2,0,0
BRDA:35,2,1,0
BRDA:46,3,0,0
BRDA:46,3,1,0
BRF:8
BRH:0
end_of_record
TN:
SF:src/components/ui/LanguageSwitcher.tsx
FN:20,LanguageSwitcher
FN:25,(anonymous_2)
FN:32,(anonymous_3)
FN:33,(anonymous_4)
FN:44,(anonymous_5)
FN:49,(anonymous_6)
FNF:6
FNH:6
FNDA:74,LanguageSwitcher
FNDA:7,(anonymous_2)
FNDA:7,(anonymous_3)
FNDA:7,(anonymous_4)
FNDA:222,(anonymous_5)
FNDA:7,(anonymous_6)
DA:3,2
DA:4,2
DA:5,2
DA:6,2
DA:8,2
DA:14,2
DA:20,60
DA:21,74
DA:22,74
DA:23,74
DA:25,74
DA:26,7
DA:27,6
DA:28,6
DA:29,6
DA:32,74
DA:33,7
DA:34,7
DA:45,222
DA:46,222
DA:49,7
LF:21
LH:21
BRDA:26,0,0,1
BRDA:26,0,1,6
BRDA:40,1,0,7
BRDA:40,1,1,67
BRDA:54,2,0,74
BRDA:54,2,1,148
BRDA:63,3,0,222
BRDA:76,4,0,74
BRF:8
BRH:8
end_of_record
TN:
SF:src/components/ui/Logo.tsx
FN:44,Logo
FN:53,(anonymous_4)
FN:57,(anonymous_5)
FN:69,(anonymous_6)
FN:99,(anonymous_7)
FN:100,(anonymous_8)
FN:251,(anonymous_9)
FN:316,(anonymous_10)
FN:342,LogoMark
FN:350,(anonymous_12)
FN:354,(anonymous_13)
FNF:11
FNH:5
FNDA:56,Logo
FNDA:22,(anonymous_4)
FNDA:56,(anonymous_5)
FNDA:0,(anonymous_6)
FNDA:0,(anonymous_7)
FNDA:0,(anonymous_8)
FNDA:280,(anonymous_9)
FNDA:784,(anonymous_10)
FNDA:0,LogoMark
FNDA:0,(anonymous_12)
FNDA:0,(anonymous_13)
DA:3,1
DA:4,1
DA:5,1
DA:15,1
DA:30,1
DA:44,34
DA:45,56
DA:46,56
DA:47,56
DA:48,56
DA:51,56
DA:53,56
DA:54,22
DA:57,56
DA:58,56
DA:59,56
DA:67,56
DA:69,0
DA:81,56
DA:99,0
DA:100,0
DA:252,280
DA:317,784
DA:342,0
DA:343,0
DA:344,0
DA:345,0
DA:348,0
DA:350,0
DA:351,0
DA:354,0
DA:355,0
DA:356,0
LF:33
LH:20
BRDA:44,0,0,56
BRDA:44,1,0,0
BRDA:44,2,0,0
BRDA:44,3,0,56
BRDA:51,4,0,34
BRDA:51,4,1,22
BRDA:51,5,0,0
BRDA:51,5,1,34
BRDA:58,6,0,56
BRDA:58,6,1,0
BRDA:169,7,0,56
BRDA:169,7,1,0
BRDA:182,8,0,56
BRDA:182,8,1,0
BRDA:192,9,0,0
BRDA:192,9,1,56
BRDA:194,10,0,56
BRDA:194,10,1,0
BRDA:199,11,0,56
BRDA:221,12,0,56
BRDA:245,13,0,56
BRDA:257,14,0,280
BRDA:257,14,1,0
BRDA:274,15,0,56
BRDA:274,15,1,0
BRDA:308,16,0,56
BRDA:308,16,1,0
BRDA:320,17,0,784
BRDA:320,17,1,0
BRDA:331,18,0,56
BRDA:331,18,1,728
BRDA:342,19,0,0
BRDA:342,20,0,0
BRDA:342,21,0,0
BRDA:348,22,0,0
BRDA:348,22,1,0
BRDA:348,23,0,0
BRDA:348,23,1,0
BRDA:355,24,0,0
BRDA:355,24,1,0
BRDA:421,25,0,0
BRDA:421,25,1,0
BRDA:434,26,0,0
BRDA:434,26,1,0
BRDA:444,27,0,0
BRDA:444,27,1,0
BRDA:455,28,0,0
BRF:47
BRH:19
end_of_record
TN:
SF:src/components/ui/Reveal.tsx
FN:50,(anonymous_4)
FN:90,(anonymous_5)
FN:122,(anonymous_6)
FNF:3
FNH:0
FNDA:0,(anonymous_4)
FNDA:0,(anonymous_5)
FNDA:0,(anonymous_6)
DA:3,0
DA:4,0
DA:19,0
DA:50,0
DA:60,0
DA:61,0
DA:90,0
DA:96,0
DA:97,0
DA:99,0
DA:122,0
LF:11
LH:0
BRDA:52,0,0,0
BRDA:53,1,0,0
BRDA:54,2,0,0
BRDA:55,3,0,0
BRDA:56,4,0,0
BRDA:57,5,0,0
BRDA:58,6,0,0
BRDA:70,7,0,0
BRDA:70,7,1,0
BRDA:92,8,0,0
BRDA:93,9,0,0
BRDA:94,10,0,0
BRDA:114,11,0,0
BRDA:114,11,1,0
BRDA:124,12,0,0
BRDA:125,13,0,0
BRF:16
BRH:0
end_of_record
TN:
SF:src/components/ui/ThemeToggle.tsx
FN:7,ThemeToggle
FN:12,(anonymous_5)
FN:16,(anonymous_6)
FN:24,(anonymous_7)
FN:38,(anonymous_8)
FN:39,(anonymous_9)
FNF:6
FNH:2
FNDA:112,ThemeToggle
FNDA:44,(anonymous_5)
FNDA:0,(anonymous_6)
FNDA:0,(anonymous_7)
FNDA:0,(anonymous_8)
FNDA:0,(anonymous_9)
DA:3,1
DA:4,1
DA:5,1
DA:7,68
DA:8,112
DA:9,112
DA:10,112
DA:12,112
DA:13,44
DA:16,112
DA:18,0
DA:21,0
DA:24,0
DA:25,0
DA:29,112
DA:33,68
DA:38,0
DA:39,0
LF:18
LH:12
BRDA:21,0,0,0
BRDA:21,0,1,0
BRDA:29,1,0,44
BRDA:29,1,1,68
BRDA:43,2,0,0
BRDA:43,2,1,68
BRDA:46,3,0,0
BRDA:46,3,1,68
BRDA:53,4,0,0
BRDA:53,4,1,0
BRDA:87,5,0,0
BRDA:87,5,1,68
BRF:12
BRH:5
end_of_record
TN:
SF:src/components/ui/TypeWriter.tsx
FN:14,TypeWriter
FN:26,(anonymous_2)
FN:30,(anonymous_3)
FN:34,(anonymous_4)
FN:40,(anonymous_5)
FN:42,(anonymous_6)
FN:45,(anonymous_7)
FN:51,(anonymous_8)
FN:54,(anonymous_9)
FNF:9
FNH:9
FNDA:81,TypeWriter
FNDA:81,(anonymous_2)
FNDA:6,(anonymous_3)
FNDA:14,(anonymous_4)
FNDA:5,(anonymous_5)
FNDA:9,(anonymous_6)
FNDA:10,(anonymous_7)
FNDA:33,(anonymous_8)
FNDA:38,(anonymous_9)
DA:3,1
DA:4,1
DA:14,14
DA:21,81
DA:22,81
DA:23,81
DA:24,81
DA:26,81
DA:27,81
DA:29,81
DA:30,14
DA:31,6
DA:32,6
DA:34,14
DA:37,67
DA:38,15
DA:39,5
DA:40,5
DA:42,10
DA:43,9
DA:45,10
DA:48,52
DA:49,14
DA:51,38
DA:52,33
DA:54,38
LF:26
LH:26
BRDA:16,0,0,80
BRDA:17,1,0,4
BRDA:18,2,0,27
BRDA:19,3,0,27
BRDA:29,4,0,14
BRDA:29,4,1,67
BRDA:37,5,0,15
BRDA:37,5,1,52
BRDA:38,6,0,5
BRDA:38,6,1,10
BRDA:48,7,0,14
BRDA:48,7,1,38
BRF:12
BRH:12
end_of_record
TN:
SF:src/components/ui/YouTubeEmbed.tsx
FN:9,YouTubeEmbed
FNF:1
FNH:0
FNDA:0,YouTubeEmbed
DA:9,0
LF:1
LH:0
BRDA:9,0,0,0
BRDA:9,1,0,0
BRF:2
BRH:0
end_of_record
